#
# There is insufficient memory for the Java Runtime Environment to continue.
# Native memory allocation (mmap) failed to map 69730304 bytes for committing reserved memory.
# Possible reasons:
#   The system is out of physical RAM or swap space
#   The process is running with CompressedOops enabled, and the Java Heap may be blocking the growth of the native heap
# Possible solutions:
#   Reduce memory load on the system
#   Increase physical memory or swap space
#   Check if swap backing store is full
#   Decrease Java heap size (-Xmx/-Xms)
#   Decrease number of Java threads
#   Decrease Java thread stack sizes (-Xss)
#   Set larger code cache with -XX:ReservedCodeCacheSize=
#   JVM is running with Unscaled Compressed Oops mode in which the Java heap is
#     placed in the first 4GB address space. The Java Heap base address is the
#     maximum limit for the native heap growth. Please use -XX:HeapBaseMinAddress
#     to set the Java Heap base and to place the Java Heap above 4GB virtual address.
# This output file may be truncated or incomplete.
#
#  Out of Memory Error (os_linux.cpp:2757), pid=9438, tid=0x00007f0b002cc700
#
# JRE version: OpenJDK Runtime Environment (8.0_232-b09) (build 1.8.0_232-8u232-b09-0ubuntu1~18.04.1-b09)
# Java VM: OpenJDK 64-Bit Server VM (25.232-b09 mixed mode linux-amd64 compressed oops)
# Failed to write core dump. Core dumps have been disabled. To enable core dumping, try "ulimit -c unlimited" before starting Java again
#

---------------  T H R E A D  ---------------

Current thread (0x00007f0b140fc000):  VMThread [stack: 0x00007f0b001cd000,0x00007f0b002cd000] [id=9442]

Stack: [0x00007f0b001cd000,0x00007f0b002cd000],  sp=0x00007f0b002cb470,  free space=1017k
Native frames: (J=compiled Java code, j=interpreted, Vv=VM code, C=native code)
V  [libjvm.so+0xaba672]
V  [libjvm.so+0x4dde07]
V  [libjvm.so+0x8f53f0]
V  [libjvm.so+0x8ec4be]
V  [libjvm.so+0x96fe06]
V  [libjvm.so+0x971178]
V  [libjvm.so+0x96d776]
V  [libjvm.so+0x96db0c]
V  [libjvm.so+0x91c608]
V  [libjvm.so+0xabc342]
V  [libjvm.so+0xac0eb6]
V  [libjvm.so+0xabf1b5]
V  [libjvm.so+0xabfa8d]
V  [libjvm.so+0xabfe98]
V  [libjvm.so+0x8f2782]

VM_Operation (0x00007f0b1a793a00): ParallelGCFailedAllocation, mode: safepoint, requested by thread 0x00007f0b1400b000


---------------  P R O C E S S  ---------------

Java Threads: ( => current thread )
  0x00007f0b14144800 JavaThread "Service Thread" daemon [_thread_blocked, id=9448, stack(0x00007f0afb7ed000,0x00007f0afb8ee000)]
  0x00007f0b14142000 JavaThread "C1 CompilerThread1" daemon [_thread_blocked, id=9447, stack(0x00007f0afb8ef000,0x00007f0afb9ef000)]
  0x00007f0b1413f000 JavaThread "C2 CompilerThread0" daemon [_thread_blocked, id=9446, stack(0x00007f0afb9f0000,0x00007f0afbaf0000)]
  0x00007f0b1413d800 JavaThread "Signal Dispatcher" daemon [_thread_blocked, id=9445, stack(0x00007f0afbaf0000,0x00007f0afbbf1000)]
  0x00007f0b14108000 JavaThread "Finalizer" daemon [_thread_blocked, id=9444, stack(0x00007f0afbeff000,0x00007f0afc000000)]
  0x00007f0b14105800 JavaThread "Reference Handler" daemon [_thread_blocked, id=9443, stack(0x00007f0b000cb000,0x00007f0b001cc000)]
  0x00007f0b1400b000 JavaThread "main" [_thread_blocked, id=9439, stack(0x00007f0b1a698000,0x00007f0b1a798000)]

Other Threads:
=>0x00007f0b140fc000 VMThread [stack: 0x00007f0b001cd000,0x00007f0b002cd000] [id=9442]
  0x00007f0b14147000 WatcherThread [stack: 0x00007f0afb6ed000,0x00007f0afb7ed000] [id=9449]

VM state:at safepoint (normal execution)

VM Mutex/Monitor currently owned by a thread:  ([mutex/lock_event])
[0x00007f0b14007b40] Threads_lock - owner thread: 0x00007f0b140fc000
[0x00007f0b14008040] Heap_lock - owner thread: 0x00007f0b1400b000

heap address: 0x00000000c2400000, size: 988 MB, Compressed Oops mode: 32-bit
Narrow klass base: 0x0000000000000000, Narrow klass shift: 3
Compressed class space size: 1073741824 Address: 0x0000000100000000

Heap:
 PSYoungGen      total 257536K, used 11236K [0x00000000eb700000, 0x00000000fbd80000, 0x0000000100000000)
  eden space 246272K, 0% used [0x00000000eb700000,0x00000000eb700000,0x00000000fa780000)
  from space 11264K, 99% used [0x00000000fa780000,0x00000000fb2792f0,0x00000000fb280000)
  to   space 9728K, 0% used [0x00000000fb400000,0x00000000fb400000,0x00000000fbd80000)
 ParOldGen       total 36352K, used 28118K [0x00000000c2400000, 0x00000000c4780000, 0x00000000eb700000)
  object space 36352K, 77% used [0x00000000c2400000,0x00000000c3f758d0,0x00000000c4780000)
 Metaspace       used 33003K, capacity 33428K, committed 33664K, reserved 1079296K
  class space    used 3711K, capacity 3888K, committed 3968K, reserved 1048576K

Card table byte_map: [0x00007f0b039c0000,0x00007f0b03baf000] byte_map_base: 0x00007f0b033ae000

Marking Bits: (ParMarkBitMap*) 0x00007f0b1993d380
 Begin Bits: [0x00007f0b01794000, 0x00007f0b02704000)
 End Bits:   [0x00007f0b02704000, 0x00007f0b03674000)

Polling page: 0x00007f0b1a7be000

CodeCache: size=245760Kb used=12978Kb max_used=14150Kb free=232781Kb
 bounds [0x00007f0b03f6f000, 0x00007f0b04d6f000, 0x00007f0b12f6f000]
 total_blobs=3844 nmethods=3450 adapters=308
 compilation: enabled

Compilation events (10 events):
Event: 1027.271 Thread 0x00007f0b14142000 4298       3       java.lang.StringBuffer::<init> (18 bytes)
Event: 1034.766 Thread 0x00007f0b14142000 nmethod 4298 0x00007f0b04bd6250 code [0x00007f0b04bd63e0, 0x00007f0b04bd6a48]
Event: 1035.127 Thread 0x00007f0b1413f000 4299       4       javassist.bytecode.Bytecode::addConstZero (86 bytes)
Event: 1036.057 Thread 0x00007f0b1413f000 nmethod 4299 0x00007f0b0470d8d0 code [0x00007f0b0470da60, 0x00007f0b0470e028]
Event: 1036.058 Thread 0x00007f0b1413f000 4300       4       javassist.compiler.ast.BinExpr::accept (6 bytes)
Event: 1036.064 Thread 0x00007f0b1413f000 nmethod 4300 0x00007f0b0474f0d0 code [0x00007f0b0474f2a0, 0x00007f0b0474f7c8]
Event: 1036.133 Thread 0x00007f0b14142000 4301 %     3       java.util.ComparableTimSort::mergeHi @ 185 (729 bytes)
Event: 1036.136 Thread 0x00007f0b14142000 nmethod 4301% 0x00007f0b04bbae10 code [0x00007f0b04bbb160, 0x00007f0b04bbd6b8]
Event: 1036.314 Thread 0x00007f0b1413f000 4302       4       javassist.compiler.ast.CastExpr::accept (6 bytes)
Event: 1036.315 Thread 0x00007f0b1413f000 nmethod 4302 0x00007f0b0485a550 code [0x00007f0b0485a6c0, 0x00007f0b0485a7b8]

GC Heap History (10 events):
Event: 21.296 GC heap after
Heap after GC invocations=15 (full 1):
 PSYoungGen      total 138752K, used 0K [0x00000000eb700000, 0x00000000f4600000, 0x0000000100000000)
  eden space 131072K, 0% used [0x00000000eb700000,0x00000000eb700000,0x00000000f3700000)
  from space 7680K, 0% used [0x00000000f3e80000,0x00000000f3e80000,0x00000000f4600000)
  to   space 7680K, 0% used [0x00000000f3700000,0x00000000f3700000,0x00000000f3e80000)
 ParOldGen       total 36352K, used 12696K [0x00000000c2400000, 0x00000000c4780000, 0x00000000eb700000)
  object space 36352K, 34% used [0x00000000c2400000,0x00000000c3066048,0x00000000c4780000)
 Metaspace       used 20700K, capacity 21028K, committed 21296K, reserved 1069056K
  class space    used 2296K, capacity 2396K, committed 2432K, reserved 1048576K
}
Event: 25.453 GC heap before
{Heap before GC invocations=16 (full 1):
 PSYoungGen      total 138752K, used 131072K [0x00000000eb700000, 0x00000000f4600000, 0x0000000100000000)
  eden space 131072K, 100% used [0x00000000eb700000,0x00000000f3700000,0x00000000f3700000)
  from space 7680K, 0% used [0x00000000f3e80000,0x00000000f3e80000,0x00000000f4600000)
  to   space 7680K, 0% used [0x00000000f3700000,0x00000000f3700000,0x00000000f3e80000)
 ParOldGen       total 36352K, used 12696K [0x00000000c2400000, 0x00000000c4780000, 0x00000000eb700000)
  object space 36352K, 34% used [0x00000000c2400000,0x00000000c3066048,0x00000000c4780000)
 Metaspace       used 24879K, capacity 25130K, committed 25472K, reserved 1071104K
  class space    used 2827K, capacity 2909K, committed 2944K, reserved 1048576K
Event: 25.463 GC heap after
Heap after GC invocations=16 (full 1):
 PSYoungGen      total 138752K, used 3598K [0x00000000eb700000, 0x00000000f7e80000, 0x0000000100000000)
  eden space 131072K, 0% used [0x00000000eb700000,0x00000000eb700000,0x00000000f3700000)
  from space 7680K, 46% used [0x00000000f3700000,0x00000000f3a83bf0,0x00000000f3e80000)
  to   space 7168K, 0% used [0x00000000f7780000,0x00000000f7780000,0x00000000f7e80000)
 ParOldGen       total 36352K, used 12704K [0x00000000c2400000, 0x00000000c4780000, 0x00000000eb700000)
  object space 36352K, 34% used [0x00000000c2400000,0x00000000c3068048,0x00000000c4780000)
 Metaspace       used 24879K, capacity 25130K, committed 25472K, reserved 1071104K
  class space    used 2827K, capacity 2909K, committed 2944K, reserved 1048576K
}
Event: 33.399 GC heap before
{Heap before GC invocations=17 (full 1):
 PSYoungGen      total 138752K, used 134670K [0x00000000eb700000, 0x00000000f7e80000, 0x0000000100000000)
  eden space 131072K, 100% used [0x00000000eb700000,0x00000000f3700000,0x00000000f3700000)
  from space 7680K, 46% used [0x00000000f3700000,0x00000000f3a83bf0,0x00000000f3e80000)
  to   space 7168K, 0% used [0x00000000f7780000,0x00000000f7780000,0x00000000f7e80000)
 ParOldGen       total 36352K, used 12704K [0x00000000c2400000, 0x00000000c4780000, 0x00000000eb700000)
  object space 36352K, 34% used [0x00000000c2400000,0x00000000c3068048,0x00000000c4780000)
 Metaspace       used 26485K, capacity 26890K, committed 27264K, reserved 1073152K
  class space    used 3005K, capacity 3149K, committed 3200K, reserved 1048576K
Event: 33.979 GC heap after
Heap after GC invocations=17 (full 1):
 PSYoungGen      total 195072K, used 7158K [0x00000000eb700000, 0x00000000f8b00000, 0x0000000100000000)
  eden space 187904K, 0% used [0x00000000eb700000,0x00000000eb700000,0x00000000f6e80000)
  from space 7168K, 99% used [0x00000000f7780000,0x00000000f7e7db40,0x00000000f7e80000)
  to   space 9216K, 0% used [0x00000000f6e80000,0x00000000f6e80000,0x00000000f7780000)
 ParOldGen       total 36352K, used 15479K [0x00000000c2400000, 0x00000000c4780000, 0x00000000eb700000)
  object space 36352K, 42% used [0x00000000c2400000,0x00000000c331dc28,0x00000000c4780000)
 Metaspace       used 26485K, capacity 26890K, committed 27264K, reserved 1073152K
  class space    used 3005K, capacity 3149K, committed 3200K, reserved 1048576K
}
Event: 276.927 GC heap before
{Heap before GC invocations=18 (full 1):
 PSYoungGen      total 195072K, used 195062K [0x00000000eb700000, 0x00000000f8b00000, 0x0000000100000000)
  eden space 187904K, 100% used [0x00000000eb700000,0x00000000f6e80000,0x00000000f6e80000)
  from space 7168K, 99% used [0x00000000f7780000,0x00000000f7e7db40,0x00000000f7e80000)
  to   space 9216K, 0% used [0x00000000f6e80000,0x00000000f6e80000,0x00000000f7780000)
 ParOldGen       total 36352K, used 15479K [0x00000000c2400000, 0x00000000c4780000, 0x00000000eb700000)
  object space 36352K, 42% used [0x00000000c2400000,0x00000000c331dc28,0x00000000c4780000)
 Metaspace       used 29501K, capacity 29876K, committed 30080K, reserved 1075200K
  class space    used 3291K, capacity 3412K, committed 3456K, reserved 1048576K
Event: 277.441 GC heap after
Heap after GC invocations=18 (full 1):
 PSYoungGen      total 197120K, used 6423K [0x00000000eb700000, 0x00000000fbd80000, 0x0000000100000000)
  eden space 187904K, 0% used [0x00000000eb700000,0x00000000eb700000,0x00000000f6e80000)
  from space 9216K, 69% used [0x00000000f6e80000,0x00000000f74c5fc0,0x00000000f7780000)
  to   space 9728K, 0% used [0x00000000fb400000,0x00000000fb400000,0x00000000fbd80000)
 ParOldGen       total 36352K, used 19159K [0x00000000c2400000, 0x00000000c4780000, 0x00000000eb700000)
  object space 36352K, 52% used [0x00000000c2400000,0x00000000c36b5c78,0x00000000c4780000)
 Metaspace       used 29501K, capacity 29876K, committed 30080K, reserved 1075200K
  class space    used 3291K, capacity 3412K, committed 3456K, reserved 1048576K
}
Event: 627.370 GC heap before
{Heap before GC invocations=19 (full 1):
 PSYoungGen      total 197120K, used 194327K [0x00000000eb700000, 0x00000000fbd80000, 0x0000000100000000)
  eden space 187904K, 100% used [0x00000000eb700000,0x00000000f6e80000,0x00000000f6e80000)
  from space 9216K, 69% used [0x00000000f6e80000,0x00000000f74c5fc0,0x00000000f7780000)
  to   space 9728K, 0% used [0x00000000fb400000,0x00000000fb400000,0x00000000fbd80000)
 ParOldGen       total 36352K, used 19159K [0x00000000c2400000, 0x00000000c4780000, 0x00000000eb700000)
  object space 36352K, 52% used [0x00000000c2400000,0x00000000c36b5c78,0x00000000c4780000)
 Metaspace       used 31556K, capacity 31990K, committed 32256K, reserved 1077248K
  class space    used 3605K, capacity 3749K, committed 3840K, reserved 1048576K
Event: 627.691 GC heap after
Heap after GC invocations=19 (full 1):
 PSYoungGen      total 256000K, used 9681K [0x00000000eb700000, 0x00000000fbd80000, 0x0000000100000000)
  eden space 246272K, 0% used [0x00000000eb700000,0x00000000eb700000,0x00000000fa780000)
  from space 9728K, 99% used [0x00000000fb400000,0x00000000fbd74650,0x00000000fbd80000)
  to   space 11264K, 0% used [0x00000000fa780000,0x00000000fa780000,0x00000000fb280000)
 ParOldGen       total 36352K, used 24227K [0x00000000c2400000, 0x00000000c4780000, 0x00000000eb700000)
  object space 36352K, 66% used [0x00000000c2400000,0x00000000c3ba8ec0,0x00000000c4780000)
 Metaspace       used 31556K, capacity 31990K, committed 32256K, reserved 1077248K
  class space    used 3605K, capacity 3749K, committed 3840K, reserved 1048576K
}
Event: 1037.914 GC heap before
{Heap before GC invocations=20 (full 1):
 PSYoungGen      total 256000K, used 255953K [0x00000000eb700000, 0x00000000fbd80000, 0x0000000100000000)
  eden space 246272K, 100% used [0x00000000eb700000,0x00000000fa780000,0x00000000fa780000)
  from space 9728K, 99% used [0x00000000fb400000,0x00000000fbd74650,0x00000000fbd80000)
  to   space 11264K, 0% used [0x00000000fa780000,0x00000000fa780000,0x00000000fb280000)
 ParOldGen       total 36352K, used 24227K [0x00000000c2400000, 0x00000000c4780000, 0x00000000eb700000)
  object space 36352K, 66% used [0x00000000c2400000,0x00000000c3ba8ec0,0x00000000c4780000)
 Metaspace       used 33003K, capacity 33428K, committed 33664K, reserved 1079296K
  class space    used 3711K, capacity 3888K, committed 3968K, reserved 1048576K

Deoptimization events (10 events):
Event: 426.155 Thread 0x00007f0b1400b000 Uncommon trap: reason=class_check action=maybe_recompile pc=0x00007f0b04c9e1dc method=java.lang.reflect.Array.newInstance(Ljava/lang/Class;I)Ljava/lang/Object; @ 2
Event: 426.155 Thread 0x00007f0b1400b000 Uncommon trap: reason=class_check action=maybe_recompile pc=0x00007f0b04c9e1dc method=java.lang.reflect.Array.newInstance(Ljava/lang/Class;I)Ljava/lang/Object; @ 2
Event: 630.289 Thread 0x00007f0b1400b000 Uncommon trap: reason=class_check action=maybe_recompile pc=0x00007f0b04976210 method=javassist.bytecode.stackmap.Tracer.doOpcode148_201(I[BI)I @ 893
Event: 644.254 Thread 0x00007f0b1400b000 Uncommon trap: reason=bimorphic action=maybe_recompile pc=0x00007f0b04d270c0 method=javassist.bytecode.StackMapTable$Walker.stackMapFrames(II)I @ 108
Event: 649.299 Thread 0x00007f0b1400b000 Uncommon trap: reason=bimorphic action=maybe_recompile pc=0x00007f0b046793a8 method=javassist.bytecode.stackmap.Tracer.setFieldTarget(ZI)V @ 34
Event: 649.373 Thread 0x00007f0b1400b000 Uncommon trap: reason=class_check action=maybe_recompile pc=0x00007f0b04976210 method=javassist.bytecode.stackmap.Tracer.doOpcode148_201(I[BI)I @ 893
Event: 650.495 Thread 0x00007f0b1400b000 Uncommon trap: reason=class_check action=maybe_recompile pc=0x00007f0b04d00f10 method=javassist.bytecode.stackmap.TypeData$TypeVar.fixByUppers(Ljava/util/ArrayList;Ljavassist/ClassPool;Ljava/util/HashSet;Ljavassist/CtClass;)Ljavassist/CtClass; @ 97
Event: 651.370 Thread 0x00007f0b1400b000 Uncommon trap: reason=unstable_if action=reinterpret pc=0x00007f0b0485af44 method=javassist.bytecode.ExceptionTable.add(ILjavassist/bytecode/ExceptionTable;I)V @ 11
Event: 667.004 Thread 0x00007f0b1400b000 Uncommon trap: reason=bimorphic action=maybe_recompile pc=0x00007f0b046793a8 method=javassist.bytecode.stackmap.Tracer.setFieldTarget(ZI)V @ 34
Event: 1036.140 Thread 0x00007f0b1400b000 Uncommon trap: reason=class_check action=maybe_recompile pc=0x00007f0b04d00f10 method=javassist.bytecode.stackmap.TypeData$TypeVar.fixByUppers(Ljava/util/ArrayList;Ljavassist/ClassPool;Ljava/util/HashSet;Ljavassist/CtClass;)Ljavassist/CtClass; @ 97

Classes redefined (0 events):
No events

Internal exceptions (10 events):
Event: 12.968 Thread 0x00007f0b1400b000 Exception <a 'java/lang/ArrayIndexOutOfBoundsException': 18> (0x00000000ec2da460) thrown at [/build/openjdk-8-4aHi5C/openjdk-8-8u232-b09/src/hotspot/src/share/vm/interpreter/interpreterRuntime.cpp, line 368]
Event: 12.968 Thread 0x00007f0b1400b000 Exception <a 'java/lang/ArrayIndexOutOfBoundsException': 42> (0x00000000ec2db238) thrown at [/build/openjdk-8-4aHi5C/openjdk-8-8u232-b09/src/hotspot/src/share/vm/interpreter/interpreterRuntime.cpp, line 368]
Event: 12.969 Thread 0x00007f0b1400b000 Exception <a 'java/lang/ArrayIndexOutOfBoundsException': 139> (0x00000000ec2dd108) thrown at [/build/openjdk-8-4aHi5C/openjdk-8-8u232-b09/src/hotspot/src/share/vm/interpreter/interpreterRuntime.cpp, line 368]
Event: 13.431 Thread 0x00007f0b1400b000 Exception <a 'java/lang/reflect/InvocationTargetException'> (0x00000000ec71de90) thrown at [/build/openjdk-8-4aHi5C/openjdk-8-8u232-b09/src/hotspot/src/share/vm/runtime/reflection.cpp, line 1092]
Event: 13.432 Thread 0x00007f0b1400b000 Exception <a 'java/lang/reflect/InvocationTargetException'> (0x00000000ec739398) thrown at [/build/openjdk-8-4aHi5C/openjdk-8-8u232-b09/src/hotspot/src/share/vm/runtime/reflection.cpp, line 1092]
Event: 13.803 Thread 0x00007f0b1400b000 Exception <a 'java/net/UnknownHostException'> (0x00000000ec85ce88) thrown at [/build/openjdk-8-4aHi5C/openjdk-8-8u232-b09/src/hotspot/src/share/vm/prims/jni.cpp, line 710]
Event: 14.889 Thread 0x00007f0b1400b000 Exception <a 'java/lang/NoSuchFieldError': method resolution failed> (0x00000000eb9c36b0) thrown at [/build/openjdk-8-4aHi5C/openjdk-8-8u232-b09/src/hotspot/src/share/vm/prims/methodHandles.cpp, line 1167]
Event: 14.890 Thread 0x00007f0b1400b000 Exception <a 'java/lang/NoSuchFieldError': method resolution failed> (0x00000000eb9d0d70) thrown at [/build/openjdk-8-4aHi5C/openjdk-8-8u232-b09/src/hotspot/src/share/vm/prims/methodHandles.cpp, line 1167]
Event: 23.623 Thread 0x00007f0b1400b000 Implicit null exception at 0x00007f0b044ee278 to 0x00007f0b044ee651
Event: 23.623 Thread 0x00007f0b1400b000 Implicit null exception at 0x00007f0b04535a21 to 0x00007f0b04537579

Events (10 events):
Event: 1036.064 Thread 0x00007f0b1413f000 flushing nmethod 0x00007f0b04839850
Event: 1036.064 Thread 0x00007f0b1413f000 flushing nmethod 0x00007f0b0485a550
Event: 1036.064 Thread 0x00007f0b1413f000 flushing nmethod 0x00007f0b0485b550
Event: 1036.136 Thread 0x00007f0b14142000 flushing nmethod 0x00007f0b048fe650
Event: 1036.136 Thread 0x00007f0b14142000 flushing nmethod 0x00007f0b04911c90
Event: 1036.140 Thread 0x00007f0b1400b000 Uncommon trap: trap_request=0xffffffde fr.pc=0x00007f0b04d00f10
Event: 1036.140 Thread 0x00007f0b1400b000 DEOPT PACKING pc=0x00007f0b04d00f10 sp=0x00007f0b1a7938f0
Event: 1036.140 Thread 0x00007f0b1400b000 DEOPT UNPACKING pc=0x00007f0b03fb447a sp=0x00007f0b1a793848 mode 2
Event: 1036.315 Thread 0x00007f0b1413f000 flushing nmethod 0x00007f0b04a0d490
Event: 1037.829 Executing VM operation: ParallelGCFailedAllocation


Dynamic libraries:
c2400000-c4780000 rw-p 00000000 00:00 0 
c4780000-eb700000 ---p 00000000 00:00 0 
eb700000-fbd80000 rw-p 00000000 00:00 0 
100000000-1003e0000 rw-p 00000000 00:00 0 
1003e0000-140000000 ---p 00000000 00:00 0 
557478dc1000-557478dc2000 r-xp 00000000 fc:01 1828889                    /usr/lib/jvm/java-8-openjdk-amd64/jre/bin/java
557478fc1000-557478fc2000 r--p 00000000 fc:01 1828889                    /usr/lib/jvm/java-8-openjdk-amd64/jre/bin/java
557478fc2000-557478fc3000 rw-p 00001000 fc:01 1828889                    /usr/lib/jvm/java-8-openjdk-amd64/jre/bin/java
557478fd4000-557478ff5000 rw-p 00000000 00:00 0                          [heap]
7f0ac4000000-7f0ac4021000 rw-p 00000000 00:00 0 
7f0ac4021000-7f0ac8000000 ---p 00000000 00:00 0 
7f0acc000000-7f0acc021000 rw-p 00000000 00:00 0 
7f0acc021000-7f0ad0000000 ---p 00000000 00:00 0 
7f0ad1fc6000-7f0ad20c6000 rw-p 00000000 00:00 0 
7f0ad20c6000-7f0ad21c6000 ---p 00000000 00:00 0 
7f0ad21c6000-7f0ad23c6000 rw-p 00000000 00:00 0 
7f0ad23c6000-7f0ad25c6000 rw-p 00000000 00:00 0 
7f0ad25c6000-7f0ad27c6000 rw-p 00000000 00:00 0 
7f0ad27c6000-7f0ad29c6000 rw-p 00000000 00:00 0 
7f0ad29c6000-7f0ad2bc6000 rw-p 00000000 00:00 0 
7f0ad2bc6000-7f0ad2dc6000 rw-p 00000000 00:00 0 
7f0ad2dc6000-7f0ad2fc6000 rw-p 00000000 00:00 0 
7f0ad2fc6000-7f0ad2fd5000 r-xp 00000000 fc:01 3864                       /lib/x86_64-linux-gnu/libnss_myhostname.so.2
7f0ad2fd5000-7f0ad31d5000 ---p 0000f000 fc:01 3864                       /lib/x86_64-linux-gnu/libnss_myhostname.so.2
7f0ad31d5000-7f0ad31d8000 r--p 0000f000 fc:01 3864                       /lib/x86_64-linux-gnu/libnss_myhostname.so.2
7f0ad31d8000-7f0ad31d9000 rw-p 00012000 fc:01 3864                       /lib/x86_64-linux-gnu/libnss_myhostname.so.2
7f0ad31d9000-7f0ad31f0000 r-xp 00000000 fc:01 2182                       /lib/x86_64-linux-gnu/libresolv-2.27.so
7f0ad31f0000-7f0ad33f0000 ---p 00017000 fc:01 2182                       /lib/x86_64-linux-gnu/libresolv-2.27.so
7f0ad33f0000-7f0ad33f1000 r--p 00017000 fc:01 2182                       /lib/x86_64-linux-gnu/libresolv-2.27.so
7f0ad33f1000-7f0ad33f2000 rw-p 00018000 fc:01 2182                       /lib/x86_64-linux-gnu/libresolv-2.27.so
7f0ad33f2000-7f0ad33f4000 rw-p 00000000 00:00 0 
7f0ad33f4000-7f0ad33f9000 r-xp 00000000 fc:01 2094                       /lib/x86_64-linux-gnu/libnss_dns-2.27.so
7f0ad33f9000-7f0ad35f9000 ---p 00005000 fc:01 2094                       /lib/x86_64-linux-gnu/libnss_dns-2.27.so
7f0ad35f9000-7f0ad35fa000 r--p 00005000 fc:01 2094                       /lib/x86_64-linux-gnu/libnss_dns-2.27.so
7f0ad35fa000-7f0ad35fb000 rw-p 00006000 fc:01 2094                       /lib/x86_64-linux-gnu/libnss_dns-2.27.so
7f0ad35fb000-7f0ad35fd000 r-xp 00000000 fc:01 69785                      /lib/x86_64-linux-gnu/libnss_mdns4_minimal.so.2
7f0ad35fd000-7f0ad37fc000 ---p 00002000 fc:01 69785                      /lib/x86_64-linux-gnu/libnss_mdns4_minimal.so.2
7f0ad37fc000-7f0ad37fd000 r--p 00001000 fc:01 69785                      /lib/x86_64-linux-gnu/libnss_mdns4_minimal.so.2
7f0ad37fd000-7f0ad37fe000 rw-p 00002000 fc:01 69785                      /lib/x86_64-linux-gnu/libnss_mdns4_minimal.so.2
7f0ad37fe000-7f0ad3801000 ---p 00000000 00:00 0 
7f0ad3801000-7f0ad3aff000 rw-p 00000000 00:00 0 
7f0ad3aff000-7f0ad3b02000 ---p 00000000 00:00 0 
7f0ad3b02000-7f0ad3e00000 rw-p 00000000 00:00 0 
7f0ad3e00000-7f0ad4000000 rw-p 00000000 00:00 0 
7f0ad4000000-7f0ad4021000 rw-p 00000000 00:00 0 
7f0ad4021000-7f0ad8000000 ---p 00000000 00:00 0 
7f0ad8000000-7f0ad8021000 rw-p 00000000 00:00 0 
7f0ad8021000-7f0adc000000 ---p 00000000 00:00 0 
7f0adc000000-7f0addd9b000 rw-p 00000000 00:00 0 
7f0addd9b000-7f0ae0000000 ---p 00000000 00:00 0 
7f0ae0000000-7f0ae07d4000 rw-p 00000000 00:00 0 
7f0ae07d4000-7f0ae4000000 ---p 00000000 00:00 0 
7f0ae4000000-7f0ae4021000 rw-p 00000000 00:00 0 
7f0ae4021000-7f0ae8000000 ---p 00000000 00:00 0 
7f0ae8000000-7f0ae8021000 rw-p 00000000 00:00 0 
7f0ae8021000-7f0aec000000 ---p 00000000 00:00 0 
7f0aec000000-7f0aec021000 rw-p 00000000 00:00 0 
7f0aec021000-7f0af0000000 ---p 00000000 00:00 0 
7f0af0000000-7f0af0021000 rw-p 00000000 00:00 0 
7f0af0021000-7f0af4000000 ---p 00000000 00:00 0 
7f0af4000000-7f0af4021000 rw-p 00000000 00:00 0 
7f0af4021000-7f0af8000000 ---p 00000000 00:00 0 
7f0af8056000-7f0af8069000 r--s 00346000 fc:01 1831936                    /usr/lib/jvm/java-8-openjdk-amd64/jre/lib/resources.jar
7f0af8069000-7f0af806b000 r--s 00016000 fc:01 1831922                    /usr/lib/jvm/java-8-openjdk-amd64/jre/lib/jce.jar
7f0af806b000-7f0af8070000 r--s 000a3000 fc:01 1831931                    /usr/lib/jvm/java-8-openjdk-amd64/jre/lib/jsse.jar
7f0af8070000-7f0af8072000 r--s 0000e000 fc:01 3877396                    /home/dcpowe4/.m2/repository/org/apache/maven/surefire/surefire-junit4/2.16/surefire-junit4-2.16.jar
7f0af8072000-7f0af8073000 r--s 00000000 fc:01 3627874                    /home/dcpowe4/.m2/repository/org/jenkins-ci/test-annotations/1.1/test-annotations-1.1.jar
7f0af8073000-7f0af8074000 r--s 00000000 fc:01 3875070                    /home/dcpowe4/.m2/repository/org/codehaus/mojo/animal-sniffer-annotations/1.9/animal-sniffer-annotations-1.9.jar
7f0af8074000-7f0af8076000 r--s 00010000 fc:01 3879582                    /home/dcpowe4/.m2/repository/com/jcraft/jzlib/1.1.3-kohsuke-1/jzlib-1.1.3-kohsuke-1.jar
7f0af8076000-7f0af8079000 r--s 00006000 fc:01 3879580                    /home/dcpowe4/.m2/repository/com/google/code/findbugs/jsr305/1.3.9/jsr305-1.3.9.jar
7f0af8079000-7f0af8099000 r--s 00173000 fc:01 3628046                    /home/dcpowe4/.m2/repository/com/google/guava/guava/11.0.1/guava-11.0.1.jar
7f0af8099000-7f0af809a000 r--s 00004000 fc:01 3879577                    /home/dcpowe4/.m2/repository/org/mindrot/jbcrypt/0.3m/jbcrypt-0.3m.jar
7f0af809a000-7f0af809c000 r--s 0000f000 fc:01 3628043                    /home/dcpowe4/.m2/repository/commons-fileupload/commons-fileupload/1.3.1-jenkins-1/commons-fileupload-1.3.1-jenkins-1.jar
7f0af809c000-7f0af809e000 r--s 00005000 fc:01 3879573                    /home/dcpowe4/.m2/repository/findbugs/annotations/1.0.0/annotations-1.0.0.jar
7f0af809e000-7f0af809f000 r--s 00001000 fc:01 3879569                    /home/dcpowe4/.m2/repository/org/kohsuke/access-modifier-annotation/1.4/access-modifier-annotation-1.4.jar
7f0af809f000-7f0af80a6000 r--s 0003a000 fc:01 3879565                    /home/dcpowe4/.m2/repository/commons-codec/commons-codec/1.8/commons-codec-1.8.jar
7f0af80a6000-7f0af80a8000 r--s 00000000 fc:01 3879385                    /home/dcpowe4/.m2/repository/org/jvnet/robust-http-client/robust-http-client/1.2/robust-http-client-1.2.jar
7f0af80a8000-7f0af80a9000 r--s 00001000 fc:01 3628041                    /home/dcpowe4/.m2/repository/org/kohsuke/metainf-services/metainf-services/1.4/metainf-services-1.4.jar
7f0af80a9000-7f0af80b0000 r--s 0005b000 fc:01 3879559                    /home/dcpowe4/.m2/repository/org/samba/jcifs/jcifs/1.3.17-kohsuke-1/jcifs-1.3.17-kohsuke-1.jar
7f0af80b0000-7f0af80b3000 r--s 0001a000 fc:01 3879557                    /home/dcpowe4/.m2/repository/org/kohsuke/jinterop/j-interopdeps/2.0.6-kohsuke-1/j-interopdeps-2.0.6-kohsuke-1.jar
7f0af80b3000-7f0af80b9000 r--s 00059000 fc:01 3879548                    /home/dcpowe4/.m2/repository/org/kohsuke/jinterop/j-interop/2.0.6-kohsuke-1/j-interop-2.0.6-kohsuke-1.jar
7f0af80b9000-7f0af80bb000 r--s 00006000 fc:01 3627656                    /home/dcpowe4/.m2/repository/net/java/sezpoz/sezpoz/1.9/sezpoz-1.9.jar
7f0af80bb000-7f0af80bc000 r--s 00001000 fc:01 3879546                    /home/dcpowe4/.m2/repository/com/sun/solaris/embedded_su4j/1.1/embedded_su4j-1.1.jar
7f0af80bc000-7f0af80bf000 r--s 0000d000 fc:01 3879545                    /home/dcpowe4/.m2/repository/org/jvnet/libzfs/libzfs/0.5/libzfs-0.5.jar
7f0af80bf000-7f0af80c0000 r--s 00004000 fc:01 3879543                    /home/dcpowe4/.m2/repository/org/kohsuke/libpam4j/1.8/libpam4j-1.8.jar
7f0af80c0000-7f0af80c1000 r--s 00004000 fc:01 3879533                    /home/dcpowe4/.m2/repository/org/kohsuke/akuma/1.9/akuma-1.9.jar
7f0af80c1000-7f0af80c5000 r--s 000dc000 fc:01 3879531                    /home/dcpowe4/.m2/repository/net/java/dev/jna/jna/4.1.0/jna-4.1.0.jar
7f0af80c5000-7f0af80cb000 r--s 0005a000 fc:01 3879527                    /home/dcpowe4/.m2/repository/org/jenkins-ci/jmdns/3.4.0-jenkins-3/jmdns-3.4.0-jenkins-3.jar
7f0af80cb000-7f0af80cd000 r--s 00005000 fc:01 3879523                    /home/dcpowe4/.m2/repository/stax/stax-api/1.0.1/stax-api-1.0.1.jar
7f0af80cd000-7f0af80d3000 r--s 0007a000 fc:01 3879521                    /home/dcpowe4/.m2/repository/org/codehaus/woodstox/wstx-asl/3.2.9/wstx-asl-3.2.9.jar
7f0af80d3000-7f0af80d5000 r--s 00003000 fc:01 3879519                    /home/dcpowe4/.m2/repository/org/jenkins-ci/memory-monitor/1.9/memory-monitor-1.9.jar
7f0af80d5000-7f0af80d7000 r--s 00004000 fc:01 3879510                    /home/dcpowe4/.m2/repository/org/jvnet/winp/winp/1.22/winp-1.22.jar
7f0af80d7000-7f0af80e5000 r--s 0007f000 fc:01 3874839                    /home/dcpowe4/.m2/repository/commons-collections/commons-collections/3.2.1/commons-collections-3.2.1.jar
7f0af80e5000-7f0af80e6000 r--s 00004000 fc:01 3879506                    /home/dcpowe4/.m2/repository/relaxngDatatype/relaxngDatatype/20020414/relaxngDatatype-20020414.jar
7f0af80e6000-7f0af80e8000 r--s 00004000 fc:01 3879504                    /home/dcpowe4/.m2/repository/javax/xml/stream/stax-api/1.0-2/stax-api-1.0-2.jar
7f0af80e8000-7f0af80eb000 r--s 0000e000 fc:01 3628039                    /home/dcpowe4/.m2/repository/com/sun/xml/txw2/txw2/20110809/txw2-20110809.jar
7f0af80eb000-7f0af80ed000 r--s 0000e000 fc:01 3879500                    /home/dcpowe4/.m2/repository/commons-logging/commons-logging/1.1.3/commons-logging-1.1.3.jar
7f0af80ed000-7f0af80ef000 r--s 00003000 fc:01 3879494                    /home/dcpowe4/.m2/repository/javax/servlet/jstl/1.1.0/jstl-1.1.0.jar
7f0af80ef000-7f0af80f1000 r--s 00003000 fc:01 3876965                    /home/dcpowe4/.m2/repository/org/powermock/powermock-api-support/1.5.6/powermock-api-support-1.5.6.jar
7f0af80f1000-7f0af8112000 r--s 00162000 fc:01 3876963                    /home/dcpowe4/.m2/repository/org/mockito/mockito-all/1.9.5/mockito-all-1.9.5.jar
7f0af8112000-7f0af8115000 r--s 0000f000 fc:01 3876961                    /home/dcpowe4/.m2/repository/org/powermock/powermock-api-mockito/1.5.6/powermock-api-mockito-1.5.6.jar
7f0af8115000-7f0af8117000 r--s 00009000 fc:01 3876947                    /home/dcpowe4/.m2/repository/org/powermock/powermock-reflect/1.5.6/powermock-reflect-1.5.6.jar
7f0af8117000-7f0af8121000 r--s 000a5000 fc:01 3876935                    /home/dcpowe4/.m2/repository/org/javassist/javassist/3.18.2-GA/javassist-3.18.2-GA.jar
7f0af8121000-7f0af8124000 r--s 00012000 fc:01 3876943                    /home/dcpowe4/.m2/repository/org/powermock/powermock-core/1.5.6/powermock-core-1.5.6.jar
7f0af8124000-7f0af8126000 r--s 00002000 fc:01 3876939                    /home/dcpowe4/.m2/repository/org/powermock/powermock-module-junit4-common/1.5.6/powermock-module-junit4-common-1.5.6.jar
7f0af8126000-7f0af8127000 r--s 00005000 fc:01 3876931                    /home/dcpowe4/.m2/repository/org/powermock/powermock-module-junit4/1.5.6/powermock-module-junit4-1.5.6.jar
7f0af8127000-7f0af8129000 r--s 00005000 fc:01 3879492                    /home/dcpowe4/.m2/repository/org/objenesis/objenesis/1.0/objenesis-1.0.jar
7f0af8129000-7f0af8148000 r--s 00150000 fc:01 3879490                    /home/dcpowe4/.m2/repository/org/mockito/mockito-core/1.9.5/mockito-core-1.9.5.jar
7f0af8148000-7f0af814a000 r--s 00009000 fc:01 3876985                    /home/dcpowe4/.m2/repository/org/hamcrest/hamcrest-core/1.3/hamcrest-core-1.3.jar
7f0af814a000-7f0af8150000 r--s 00036000 fc:01 3876979                    /home/dcpowe4/.m2/repository/junit/junit/4.11/junit-4.11.jar
7f0af8150000-7f0af8153000 r--s 0001b000 fc:01 3879482                    /home/dcpowe4/.m2/repository/xpp3/xpp3/1.1.4c/xpp3-1.1.4c.jar
7f0af8153000-7f0af815b000 r--s 00048000 fc:01 3879478                    /home/dcpowe4/.m2/repository/org/springframework/spring-aop/2.5.6.SEC03/spring-aop-2.5.6.SEC03.jar
7f0af815b000-7f0af8161000 r--s 00040000 fc:01 3879322                    /home/dcpowe4/.m2/repository/org/springframework/spring-core/2.5.6.SEC03/spring-core-2.5.6.SEC03.jar
7f0af8161000-7f0af8166000 r--s 0002b000 fc:01 3879470                    /home/dcpowe4/.m2/repository/org/springframework/spring-web/2.5.6.SEC03/spring-web-2.5.6.SEC03.jar
7f0af8166000-7f0af8169000 r--s 00015000 fc:01 3879468                    /home/dcpowe4/.m2/repository/org/springframework/spring-context-support/2.5.6.SEC03/spring-context-support-2.5.6.SEC03.jar
7f0af8169000-7f0af8175000 r--s 00069000 fc:01 3879462                    /home/dcpowe4/.m2/repository/org/springframework/spring-context/2.5.6.SEC03/spring-context-2.5.6.SEC03.jar
7f0af8175000-7f0af817f000 r--s 0006e000 fc:01 3879458                    /home/dcpowe4/.m2/repository/org/springframework/spring-beans/2.5.6.SEC03/spring-beans-2.5.6.SEC03.jar
7f0af817f000-7f0af8188000 r--s 0005a000 fc:01 3879456                    /home/dcpowe4/.m2/repository/org/springframework/spring-webmvc/2.5.6.SEC03/spring-webmvc-2.5.6.SEC03.jar
7f0af8188000-7f0af818a000 r--s 0001a000 fc:01 3879450                    /home/dcpowe4/.m2/repository/org/fusesource/jansi/jansi/1.9/jansi-1.9.jar
7f0af818a000-7f0af818c000 r--s 00014000 fc:01 3623207                    /home/dcpowe4/.m2/repository/jline/jline/0.9.94/jline-0.9.94.jar
7f0af818c000-7f0af81ea000 r--s 00592000 fc:01 3879446                    /home/dcpowe4/.m2/repository/org/codehaus/groovy/groovy-all/1.8.9/groovy-all-1.8.9.jar
7f0af81ea000-7f0af81f2000 r--s 0004f000 fc:01 3875783                    /home/dcpowe4/.m2/repository/log4j/log4j/1.2.9/log4j-1.2.9.jar
7f0af81f2000-7f0af81f4000 r--s 0000e000 fc:01 3627846                    /home/dcpowe4/.m2/repository/oro/oro/2.0.8/oro-2.0.8.jar
7f0af81f4000-7f0af81f8000 r--s 00014000 fc:01 3879444                    /home/dcpowe4/.m2/repository/org/springframework/spring-dao/1.2.9/spring-dao-1.2.9.jar
7f0af81f8000-7f0af81fd000 r--s 00029000 fc:01 3879442                    /home/dcpowe4/.m2/repository/org/springframework/spring-jdbc/1.2.9/spring-jdbc-1.2.9.jar
7f0af81fd000-7f0af820a000 r--s 00079000 fc:01 3879436                    /home/dcpowe4/.m2/repository/org/acegisecurity/acegi-security/1.0.7/acegi-security-1.0.7.jar
7f0af820a000-7f0af820e000 r--s 0001f000 fc:01 3879433                    /home/dcpowe4/.m2/repository/org/jenkins-ci/commons-jexl/1.1-jenkins-20111212/commons-jexl-1.1-jenkins-20111212.jar
7f0af820e000-7f0af8210000 r--s 00004000 fc:01 3879431                    /home/dcpowe4/.m2/repository/org/jvnet/hudson/commons-jelly-tags-define/1.0.1-hudson-20071021/commons-jelly-tags-define-1.0.1-hudson-20071021.jar
7f0af8210000-7f0af8212000 r--s 00008000 fc:01 3879427                    /home/dcpowe4/.m2/repository/commons-jelly/commons-jelly-tags-xml/1.1/commons-jelly-tags-xml-1.1.jar
7f0af8212000-7f0af8213000 r--s 00005000 fc:01 3879421                    /home/dcpowe4/.m2/repository/commons-jelly/commons-jelly-tags-fmt/1.0/commons-jelly-tags-fmt-1.0.jar
7f0af8213000-7f0af8219000 r--s 00035000 fc:01 3879419                    /home/dcpowe4/.m2/repository/jaxen/jaxen/1.1-beta-11/jaxen-1.1-beta-11.jar
7f0af8219000-7f0af821b000 r--s 00010000 fc:01 3879417                    /home/dcpowe4/.m2/repository/org/jvnet/hudson/activation/1.1.1-hudson-1/activation-1.1.1-hudson-1.jar
7f0af821b000-7f0af8222000 r--s 00072000 fc:01 3879409                    /home/dcpowe4/.m2/repository/javax/mail/mail/1.4.4/mail-1.4.4.jar
7f0af8222000-7f0af8229000 r--s 00056000 fc:01 3879407                    /home/dcpowe4/.m2/repository/org/apache/commons/commons-compress/1.9/commons-compress-1.9.jar
7f0af8229000-7f0af822e000 r--s 00034000 fc:01 3879401                    /home/dcpowe4/.m2/repository/commons-beanutils/commons-beanutils/1.8.3/commons-beanutils-1.8.3.jar
7f0af822e000-7f0af8234000 r--s 0002b000 fc:01 3879399                    /home/dcpowe4/.m2/repository/commons-digester/commons-digester/2.1/commons-digester-2.1.jar
7f0af8234000-7f0af8239000 r--s 00041000 fc:01 3627852                    /home/dcpowe4/.m2/repository/commons-lang/commons-lang/2.6/commons-lang-2.6.jar
7f0af8239000-7f0af823d000 r--s 0002a000 fc:01 3879395                    /home/dcpowe4/.m2/repository/commons-io/commons-io/2.4/commons-io-2.4.jar
7f0af823d000-7f0af823f000 r--s 00016000 fc:01 3875785                    /home/dcpowe4/.m2/repository/javax/servlet/servlet-api/2.4/servlet-api-2.4.jar
7f0af823f000-7f0af8240000 r--s 00004000 fc:01 3879389                    /home/dcpowe4/.m2/repository/org/apache/ant/ant-launcher/1.8.4/ant-launcher-1.8.4.jar
7f0af8240000-7f0af825e000 r--s 001bd000 fc:01 3879387                    /home/dcpowe4/.m2/repository/org/apache/ant/ant/1.8.4/ant-1.8.4.jar
7f0af825e000-7f0af8264000 r--s 00046000 fc:01 3879383                    /home/dcpowe4/.m2/repository/jfree/jcommon/1.0.12/jcommon-1.0.12.jar
7f0af8264000-7f0af8273000 r--s 0012d000 fc:01 3879381                    /home/dcpowe4/.m2/repository/jfree/jfreechart/1.0.9/jfreechart-1.0.9.jar
7f0af8273000-7f0af8281000 r--s 00075000 fc:01 3879376                    /home/dcpowe4/.m2/repository/org/jvnet/hudson/xstream/1.4.7-jenkins-1/xstream-1.4.7-jenkins-1.jar
7f0af8281000-7f0af8287000 r--s 00067000 fc:01 3628037                    /home/dcpowe4/.m2/repository/antlr/antlr/2.7.6/antlr-2.7.6.jar
7f0af8287000-7f0af8288000 r--s 00001000 fc:01 3627969                    /home/dcpowe4/.m2/repository/org/jvnet/localizer/localizer/1.23/localizer-1.23.jar
7f0af8288000-7f0af8289000 r--s 00004000 fc:01 3879362                    /home/dcpowe4/.m2/repository/org/jenkins-ci/task-reactor/1.4/task-reactor-1.4.jar
7f0af8289000-7f0af828e000 r--s 00058000 fc:01 3879370                    /home/dcpowe4/.m2/repository/org/kohsuke/asm5/5.0.1/asm5-5.0.1.jar
7f0af828e000-7f0af8290000 r--s 00005000 fc:01 3879364                    /home/dcpowe4/.m2/repository/org/jenkins-ci/bytecode-compatibility-transformer/1.5/bytecode-compatibility-transformer-1.5.jar
7f0af8290000-7f0af8291000 r--s 00003000 fc:01 3879358                    /home/dcpowe4/.m2/repository/org/jenkins-ci/annotation-indexer/1.7/annotation-indexer-1.7.jar
7f0af8291000-7f0af8294000 r--s 00013000 fc:01 3879354                    /home/dcpowe4/.m2/repository/args4j/args4j/2.0.31/args4j-2.0.31.jar
7f0af8294000-7f0af829a000 r--s 00045000 fc:01 3879328                    /home/dcpowe4/.m2/repository/commons-httpclient/commons-httpclient/3.1/commons-httpclient-3.1.jar
7f0af829a000-7f0af829d000 r--s 00013000 fc:01 3628032                    /home/dcpowe4/.m2/repository/net/sf/ezmorph/ezmorph/1.0.6/ezmorph-1.0.6.jar
7f0af829d000-7f0af82a0000 r--s 00020000 fc:01 3879346                    /home/dcpowe4/.m2/repository/org/kohsuke/stapler/json-lib/2.4-jenkins-2/json-lib-2.4-jenkins-2.jar
7f0af82a0000-7f0af82a1000 r--s 00000000 fc:01 3879344                    /home/dcpowe4/.m2/repository/com/infradna/tool/bridge-method-annotation/1.13/bridge-method-annotation-1.13.jar
7f0af82a1000-7f0af82a4000 r--s 0002d000 fc:01 3879340                    /home/dcpowe4/.m2/repository/org/kohsuke/stapler/stapler-adjunct-timeline/1.4/stapler-adjunct-timeline-1.4-tests.jar
7f0af82a4000-7f0af82aa000 r--s 0003e000 fc:01 3879336                    /home/dcpowe4/.m2/repository/org/kohsuke/stapler/stapler-adjunct-codemirror/1.3/stapler-adjunct-codemirror-1.3.jar
7f0af82aa000-7f0af82ae000 r--s 00025000 fc:01 3879332                    /home/dcpowe4/.m2/repository/org/kohsuke/stapler/stapler-adjunct-timeline/1.4/stapler-adjunct-timeline-1.4.jar
7f0af82ae000-7f0af82af000 r--s 00004000 fc:01 3879330                    /home/dcpowe4/.m2/repository/org/kohsuke/stapler/stapler-adjunct-zeroclipboard/1.3.5-1/stapler-adjunct-zeroclipboard-1.3.5-1.jar
7f0af82af000-7f0af82b1000 r--s 00000000 fc:01 3879324                    /home/dcpowe4/.m2/repository/org/kohsuke/windows-package-checker/1.0/windows-package-checker-1.0.jar
7f0af82b1000-7f0af82b3000 r--s 00003000 fc:01 3628033                    /home/dcpowe4/.m2/repository/org/jvnet/tiger-types/1.3/tiger-types-1.3.jar
7f0af82b3000-7f0af82b6000 r--s 00010000 fc:01 3620548                    /home/dcpowe4/.m2/repository/commons-discovery/commons-discovery/0.4/commons-discovery-0.4.jar
7f0af82b6000-7f0af82b8000 r--s 00005000 fc:01 3879320                    /home/dcpowe4/.m2/repository/javax/annotation/javax.annotation-api/1.2/javax.annotation-api-1.2.jar
7f0af82b8000-7f0af82bf000 r--s 0004f000 fc:01 3879319                    /home/dcpowe4/.m2/repository/org/kohsuke/stapler/stapler/1.236/stapler-1.236.jar
7f0af82bf000-7f0af82c0000 r--s 00001000 fc:01 3879311                    /home/dcpowe4/.m2/repository/org/kohsuke/stapler/stapler-jrebel/1.236/stapler-jrebel-1.236.jar
7f0af82c0000-7f0afb2c1000 rw-p 00000000 00:00 0 
7f0afb2c1000-7f0afb2d8000 r-xp 00000000 fc:01 1828927                    /usr/lib/jvm/java-8-openjdk-amd64/jre/lib/amd64/libnet.so
7f0afb2d8000-7f0afb4d7000 ---p 00017000 fc:01 1828927                    /usr/lib/jvm/java-8-openjdk-amd64/jre/lib/amd64/libnet.so
7f0afb4d7000-7f0afb4d8000 r--p 00016000 fc:01 1828927                    /usr/lib/jvm/java-8-openjdk-amd64/jre/lib/amd64/libnet.so
7f0afb4d8000-7f0afb4d9000 rw-p 00017000 fc:01 1828927                    /usr/lib/jvm/java-8-openjdk-amd64/jre/lib/amd64/libnet.so
7f0afb4d9000-7f0afb4ea000 r-xp 00000000 fc:01 1828929                    /usr/lib/jvm/java-8-openjdk-amd64/jre/lib/amd64/libnio.so
7f0afb4ea000-7f0afb6ea000 ---p 00011000 fc:01 1828929                    /usr/lib/jvm/java-8-openjdk-amd64/jre/lib/amd64/libnio.so
7f0afb6ea000-7f0afb6eb000 r--p 00011000 fc:01 1828929                    /usr/lib/jvm/java-8-openjdk-amd64/jre/lib/amd64/libnio.so
7f0afb6eb000-7f0afb6ec000 rw-p 00012000 fc:01 1828929                    /usr/lib/jvm/java-8-openjdk-amd64/jre/lib/amd64/libnio.so
7f0afb6ec000-7f0afb6ed000 ---p 00000000 00:00 0 
7f0afb6ed000-7f0afb7ed000 rw-p 00000000 00:00 0 
7f0afb7ed000-7f0afb7f0000 ---p 00000000 00:00 0 
7f0afb7f0000-7f0afb8ee000 rw-p 00000000 00:00 0 
7f0afb8ee000-7f0afb8ef000 ---p 00000000 00:00 0 
7f0afb8ef000-7f0afb8f2000 ---p 00000000 00:00 0 
7f0afb8f2000-7f0afb9ef000 rw-p 00000000 00:00 0 
7f0afb9ef000-7f0afb9f0000 ---p 00000000 00:00 0 
7f0afb9f0000-7f0afb9f3000 ---p 00000000 00:00 0 
7f0afb9f3000-7f0afbaf0000 rw-p 00000000 00:00 0 
7f0afbaf0000-7f0afbaf3000 ---p 00000000 00:00 0 
7f0afbaf3000-7f0afbbf1000 rw-p 00000000 00:00 0 
7f0afbbf1000-7f0afbd64000 r--p 00000000 fc:01 7808                       /usr/lib/locale/C.UTF-8/LC_COLLATE
7f0afbd64000-7f0afbeff000 r--p 00000000 fc:01 7803                       /usr/lib/locale/locale-archive
7f0afbeff000-7f0afbf02000 ---p 00000000 00:00 0 
7f0afbf02000-7f0afc000000 rw-p 00000000 00:00 0 
7f0afc000000-7f0afc024000 rw-p 00000000 00:00 0 
7f0afc024000-7f0b00000000 ---p 00000000 00:00 0 
7f0b00000000-7f0b00005000 r--s 0003a000 fc:01 3879307                    /home/dcpowe4/.m2/repository/org/jenkins-ci/dom4j/dom4j/1.6.1-jenkins-4/dom4j-1.6.1-jenkins-4.jar
7f0b00005000-7f0b00009000 r--s 00026000 fc:01 3879305                    /home/dcpowe4/.m2/repository/org/jenkins-ci/commons-jelly/1.1-jenkins-20120928/commons-jelly-1.1-jenkins-20120928.jar
7f0b00009000-7f0b0000c000 r--s 00013000 fc:01 3879299                    /home/dcpowe4/.m2/repository/org/kohsuke/stapler/stapler-jelly/1.236/stapler-jelly-1.236.jar
7f0b0000c000-7f0b0000e000 r--s 00007000 fc:01 3879297                    /home/dcpowe4/.m2/repository/org/kohsuke/stapler/stapler-groovy/1.236/stapler-groovy-1.236.jar
7f0b0000e000-7f0b00013000 r--s 0003c000 fc:01 3879291                    /home/dcpowe4/.m2/repository/org/jenkins-ci/trilead-ssh2/build217-jenkins-8/trilead-ssh2-build217-jenkins-8.jar
7f0b00013000-7f0b00014000 r--s 00001000 fc:01 3879251                    /home/dcpowe4/.m2/repository/org/kohsuke/trilead-putty-extension/1.2/trilead-putty-extension-1.2.jar
7f0b00014000-7f0b00019000 r--s 00048000 fc:01 3879283                    /home/dcpowe4/.m2/repository/com/github/jnr/jnr-constants/0.8.5/jnr-constants-0.8.5.jar
7f0b00019000-7f0b0001c000 r--s 00033000 fc:01 3879282                    /home/dcpowe4/.m2/repository/com/github/jnr/jnr-x86asm/1.0.2/jnr-x86asm-1.0.2.jar
7f0b0001c000-7f0b0001e000 r--s 00008000 fc:01 3879280                    /home/dcpowe4/.m2/repository/org/ow2/asm/asm-util/4.0/asm-util-4.0.jar
7f0b0001e000-7f0b00020000 r--s 00004000 fc:01 3879278                    /home/dcpowe4/.m2/repository/org/ow2/asm/asm-tree/4.0/asm-tree-4.0.jar
7f0b00020000-7f0b00021000 r--s 00004000 fc:01 3879268                    /home/dcpowe4/.m2/repository/org/ow2/asm/asm-analysis/4.0/asm-analysis-4.0.jar
7f0b00021000-7f0b00023000 r--s 00008000 fc:01 3879266                    /home/dcpowe4/.m2/repository/org/ow2/asm/asm-commons/4.0/asm-commons-4.0.jar
7f0b00023000-7f0b00025000 r--s 0000a000 fc:01 3879264                    /home/dcpowe4/.m2/repository/org/ow2/asm/asm/4.0/asm-4.0.jar
7f0b00025000-7f0b00027000 r--s 0005d000 fc:01 3879258                    /home/dcpowe4/.m2/repository/com/github/jnr/jffi/1.2.7/jffi-1.2.7-native.jar
7f0b00027000-7f0b0002b000 r--s 00020000 fc:01 3879253                    /home/dcpowe4/.m2/repository/com/github/jnr/jffi/1.2.7/jffi-1.2.7.jar
7f0b0002b000-7f0b0003b000 r--s 0008e000 fc:01 3879222                    /home/dcpowe4/.m2/repository/com/github/jnr/jnr-ffi/1.0.7/jnr-ffi-1.0.7.jar
7f0b0003b000-7f0b0003f000 r--s 00023000 fc:01 3879245                    /home/dcpowe4/.m2/repository/com/github/jnr/jnr-posix/3.0.1/jnr-posix-3.0.1.jar
7f0b0003f000-7f0b00042000 r--s 00014000 fc:01 3879243                    /home/dcpowe4/.m2/repository/org/jruby/ext/posix/jna-posix/1.0.3-jenkins-1/jna-posix-1.0.3-jenkins-1.jar
7f0b00042000-7f0b00044000 r--s 00000000 fc:01 3879241                    /home/dcpowe4/.m2/repository/aopalliance/aopalliance/1.0/aopalliance-1.0.jar
7f0b00044000-7f0b00045000 r--s 00000000 fc:01 3879239                    /home/dcpowe4/.m2/repository/javax/inject/javax.inject/1/javax.inject-1.jar
7f0b00045000-7f0b00065000 r--s 0014c000 fc:01 3879237                    /home/dcpowe4/.m2/repository/com/google/inject/guice/4.0-beta/guice-4.0-beta.jar
7f0b00065000-7f0b00066000 r--s 00000000 fc:01 3879223                    /home/dcpowe4/.m2/repository/org/jenkins-ci/core-annotation-processors/1.0/core-annotation-processors-1.0.jar
7f0b00066000-7f0b00069000 r--s 0001c000 fc:01 3879226                    /home/dcpowe4/.m2/repository/org/jvnet/hudson/jtidy/4aug2000r7-dev-hudson-1/jtidy-4aug2000r7-dev-hudson-1.jar
7f0b00069000-7f0b0006b000 r--s 00000000 fc:01 3879214                    /home/dcpowe4/.m2/repository/org/jenkins-ci/crypto-util/1.1/crypto-util-1.1.jar
7f0b0006b000-7f0b0006c000 r--s 00002000 fc:01 3879218                    /home/dcpowe4/.m2/repository/org/jenkins-ci/version-number/1.1/version-number-1.1.jar
7f0b0006c000-7f0b0006e000 r--s 00008000 fc:01 3877457                    /home/dcpowe4/MP3/mp3/jenkins/cli/target/cli-1.610-SNAPSHOT.jar
7f0b0006e000-7f0b00077000 r--s 0006c000 fc:01 3876975                    /home/dcpowe4/.m2/repository/org/jenkins-ci/main/remoting/2.50/remoting-2.50.jar
7f0b00077000-7f0b00079000 r--s 00003000 fc:01 3879210                    /home/dcpowe4/.m2/repository/org/jenkins-ci/plugins/icon-shim/icon-set/1.0.5/icon-set-1.0.5.jar
7f0b00079000-7f0b0007d000 r--s 00021000 fc:01 3877358                    /home/dcpowe4/.m2/repository/org/apache/maven/surefire/surefire-api/2.16/surefire-api-2.16.jar
7f0b0007d000-7f0b0007f000 r--s 00008000 fc:01 3877362                    /home/dcpowe4/.m2/repository/org/apache/maven/surefire/surefire-booter/2.16/surefire-booter-2.16.jar
7f0b0007f000-7f0b00082000 r--s 0000f000 fc:01 1829723                    /usr/lib/jvm/java-8-openjdk-amd64/jre/lib/ext/icedtea-sound.jar
7f0b00082000-7f0b00086000 r--s 0003a000 fc:01 1829729                    /usr/lib/jvm/java-8-openjdk-amd64/jre/lib/ext/sunpkcs11.jar
7f0b00086000-7f0b000a1000 r--s 001d6000 fc:01 1829726                    /usr/lib/jvm/java-8-openjdk-amd64/jre/lib/ext/nashorn.jar
7f0b000a1000-7f0b000ab000 r--s 00116000 fc:01 1829725                    /usr/lib/jvm/java-8-openjdk-amd64/jre/lib/ext/localedata.jar
7f0b000ab000-7f0b000b0000 r--s 0003d000 fc:01 1829728                    /usr/lib/jvm/java-8-openjdk-amd64/jre/lib/ext/sunjce_provider.jar
7f0b000b0000-7f0b000cb000 r--s 00394000 fc:01 1828949                    /usr/lib/jvm/java-8-openjdk-amd64/jre/lib/ext/cldrdata.jar
7f0b000cb000-7f0b000ce000 ---p 00000000 00:00 0 
7f0b000ce000-7f0b001cc000 rw-p 00000000 00:00 0 
7f0b001cc000-7f0b001cd000 ---p 00000000 00:00 0 
7f0b001cd000-7f0b00bd6000 rw-p 00000000 00:00 0 
7f0b00bd6000-7f0b00da6000 r--s 03c5f000 fc:01 1831937                    /usr/lib/jvm/java-8-openjdk-amd64/jre/lib/rt.jar
7f0b00da6000-7f0b03674000 rw-p 00000000 00:00 0 
7f0b03674000-7f0b03675000 ---p 00000000 00:00 0 
7f0b03675000-7f0b03775000 rw-p 00000000 00:00 0 
7f0b03775000-7f0b03776000 ---p 00000000 00:00 0 
7f0b03776000-7f0b03888000 rw-p 00000000 00:00 0 
7f0b03888000-7f0b039c0000 ---p 00000000 00:00 0 
7f0b039c0000-7f0b039d2000 rw-p 00000000 00:00 0 
7f0b039d2000-7f0b03b09000 ---p 00000000 00:00 0 
7f0b03b09000-7f0b03b8d000 rw-p 00000000 00:00 0 
7f0b03b8d000-7f0b03bae000 ---p 00000000 00:00 0 
7f0b03bae000-7f0b03be7000 rw-p 00000000 00:00 0 
7f0b03be7000-7f0b03f6f000 ---p 00000000 00:00 0 
7f0b03f6f000-7f0b04d6f000 rwxp 00000000 00:00 0 
7f0b04d6f000-7f0b12f6f000 ---p 00000000 00:00 0 
7f0b12f6f000-7f0b12f77000 r-xp 00000000 fc:01 1828937                    /usr/lib/jvm/java-8-openjdk-amd64/jre/lib/amd64/libzip.so
7f0b12f77000-7f0b13176000 ---p 00008000 fc:01 1828937                    /usr/lib/jvm/java-8-openjdk-amd64/jre/lib/amd64/libzip.so
7f0b13176000-7f0b13177000 r--p 00007000 fc:01 1828937                    /usr/lib/jvm/java-8-openjdk-amd64/jre/lib/amd64/libzip.so
7f0b13177000-7f0b13178000 rw-p 00008000 fc:01 1828937                    /usr/lib/jvm/java-8-openjdk-amd64/jre/lib/amd64/libzip.so
7f0b13178000-7f0b13183000 r-xp 00000000 fc:01 2095                       /lib/x86_64-linux-gnu/libnss_files-2.27.so
7f0b13183000-7f0b13382000 ---p 0000b000 fc:01 2095                       /lib/x86_64-linux-gnu/libnss_files-2.27.so
7f0b13382000-7f0b13383000 r--p 0000a000 fc:01 2095                       /lib/x86_64-linux-gnu/libnss_files-2.27.so
7f0b13383000-7f0b13384000 rw-p 0000b000 fc:01 2095                       /lib/x86_64-linux-gnu/libnss_files-2.27.so
7f0b13384000-7f0b1338a000 rw-p 00000000 00:00 0 
7f0b1338a000-7f0b133a1000 r-xp 00000000 fc:01 2092                       /lib/x86_64-linux-gnu/libnsl-2.27.so
7f0b133a1000-7f0b135a0000 ---p 00017000 fc:01 2092                       /lib/x86_64-linux-gnu/libnsl-2.27.so
7f0b135a0000-7f0b135a1000 r--p 00016000 fc:01 2092                       /lib/x86_64-linux-gnu/libnsl-2.27.so
7f0b135a1000-7f0b135a2000 rw-p 00017000 fc:01 2092                       /lib/x86_64-linux-gnu/libnsl-2.27.so
7f0b135a2000-7f0b135a4000 rw-p 00000000 00:00 0 
7f0b135a4000-7f0b135af000 r-xp 00000000 fc:01 2097                       /lib/x86_64-linux-gnu/libnss_nis-2.27.so
7f0b135af000-7f0b137ae000 ---p 0000b000 fc:01 2097                       /lib/x86_64-linux-gnu/libnss_nis-2.27.so
7f0b137ae000-7f0b137af000 r--p 0000a000 fc:01 2097                       /lib/x86_64-linux-gnu/libnss_nis-2.27.so
7f0b137af000-7f0b137b0000 rw-p 0000b000 fc:01 2097                       /lib/x86_64-linux-gnu/libnss_nis-2.27.so
7f0b137b0000-7f0b137b8000 r-xp 00000000 fc:01 2093                       /lib/x86_64-linux-gnu/libnss_compat-2.27.so
7f0b137b8000-7f0b139b8000 ---p 00008000 fc:01 2093                       /lib/x86_64-linux-gnu/libnss_compat-2.27.so
7f0b139b8000-7f0b139b9000 r--p 00008000 fc:01 2093                       /lib/x86_64-linux-gnu/libnss_compat-2.27.so
7f0b139b9000-7f0b139ba000 rw-p 00009000 fc:01 2093                       /lib/x86_64-linux-gnu/libnss_compat-2.27.so
7f0b139ba000-7f0b139e4000 r-xp 00000000 fc:01 1828915                    /usr/lib/jvm/java-8-openjdk-amd64/jre/lib/amd64/libjava.so
7f0b139e4000-7f0b13be3000 ---p 0002a000 fc:01 1828915                    /usr/lib/jvm/java-8-openjdk-amd64/jre/lib/amd64/libjava.so
7f0b13be3000-7f0b13be4000 r--p 00029000 fc:01 1828915                    /usr/lib/jvm/java-8-openjdk-amd64/jre/lib/amd64/libjava.so
7f0b13be4000-7f0b13be6000 rw-p 0002a000 fc:01 1828915                    /usr/lib/jvm/java-8-openjdk-amd64/jre/lib/amd64/libjava.so
7f0b13be6000-7f0b13bf6000 r-xp 00000000 fc:01 1828936                    /usr/lib/jvm/java-8-openjdk-amd64/jre/lib/amd64/libverify.so
7f0b13bf6000-7f0b13df5000 ---p 00010000 fc:01 1828936                    /usr/lib/jvm/java-8-openjdk-amd64/jre/lib/amd64/libverify.so
7f0b13df5000-7f0b13df7000 r--p 0000f000 fc:01 1828936                    /usr/lib/jvm/java-8-openjdk-amd64/jre/lib/amd64/libverify.so
7f0b13df7000-7f0b13df8000 rw-p 00011000 fc:01 1828936                    /usr/lib/jvm/java-8-openjdk-amd64/jre/lib/amd64/libverify.so
7f0b13df8000-7f0b13dff000 r-xp 00000000 fc:01 2183                       /lib/x86_64-linux-gnu/librt-2.27.so
7f0b13dff000-7f0b13ffe000 ---p 00007000 fc:01 2183                       /lib/x86_64-linux-gnu/librt-2.27.so
7f0b13ffe000-7f0b13fff000 r--p 00006000 fc:01 2183                       /lib/x86_64-linux-gnu/librt-2.27.so
7f0b13fff000-7f0b14000000 rw-p 00007000 fc:01 2183                       /lib/x86_64-linux-gnu/librt-2.27.so
7f0b14000000-7f0b15023000 rw-p 00000000 00:00 0 
7f0b15023000-7f0b18000000 ---p 00000000 00:00 0 
7f0b18000000-7f0b18001000 r--s 00003000 fc:01 3876977                    /home/dcpowe4/.m2/repository/org/jenkins-ci/constant-pool-scanner/1.2/constant-pool-scanner-1.2.jar
7f0b18001000-7f0b18002000 r--s 00003000 fc:01 4140442                    /home/dcpowe4/MP3/mp3/jenkins/core/target/surefire/surefirebooter3463627471946164740.jar
7f0b18002000-7f0b18003000 r--s 0000a000 fc:01 1829724                    /usr/lib/jvm/java-8-openjdk-amd64/jre/lib/ext/jaccess.jar
7f0b18003000-7f0b18005000 r--s 00007000 fc:01 76117                      /usr/share/java/java-atk-wrapper.jar
7f0b18005000-7f0b18007000 r--s 00001000 fc:01 1829239                    /usr/lib/jvm/java-8-openjdk-amd64/jre/lib/ext/dnsns.jar
7f0b18007000-7f0b18038000 r--p 00000000 fc:01 7809                       /usr/lib/locale/C.UTF-8/LC_CTYPE
7f0b18038000-7f0b1803f000 r--s 00000000 fc:01 5022                       /usr/lib/x86_64-linux-gnu/gconv/gconv-modules.cache
7f0b1803f000-7f0b1808d000 rw-p 00000000 00:00 0 
7f0b1808d000-7f0b180a4000 r-xp 00000000 fc:01 105                        /lib/x86_64-linux-gnu/libgcc_s.so.1
7f0b180a4000-7f0b182a3000 ---p 00017000 fc:01 105                        /lib/x86_64-linux-gnu/libgcc_s.so.1
7f0b182a3000-7f0b182a4000 r--p 00016000 fc:01 105                        /lib/x86_64-linux-gnu/libgcc_s.so.1
7f0b182a4000-7f0b182a5000 rw-p 00017000 fc:01 105                        /lib/x86_64-linux-gnu/libgcc_s.so.1
7f0b182a5000-7f0b18442000 r-xp 00000000 fc:01 2089                       /lib/x86_64-linux-gnu/libm-2.27.so
7f0b18442000-7f0b18641000 ---p 0019d000 fc:01 2089                       /lib/x86_64-linux-gnu/libm-2.27.so
7f0b18641000-7f0b18642000 r--p 0019c000 fc:01 2089                       /lib/x86_64-linux-gnu/libm-2.27.so
7f0b18642000-7f0b18643000 rw-p 0019d000 fc:01 2089                       /lib/x86_64-linux-gnu/libm-2.27.so
7f0b18643000-7f0b187bc000 r-xp 00000000 fc:01 315                        /usr/lib/x86_64-linux-gnu/libstdc++.so.6.0.25
7f0b187bc000-7f0b189bc000 ---p 00179000 fc:01 315                        /usr/lib/x86_64-linux-gnu/libstdc++.so.6.0.25
7f0b189bc000-7f0b189c6000 r--p 00179000 fc:01 315                        /usr/lib/x86_64-linux-gnu/libstdc++.so.6.0.25
7f0b189c6000-7f0b189c8000 rw-p 00183000 fc:01 315                        /usr/lib/x86_64-linux-gnu/libstdc++.so.6.0.25
7f0b189c8000-7f0b189cc000 rw-p 00000000 00:00 0 
7f0b189cc000-7f0b1966e000 r-xp 00000000 fc:01 1828939                    /usr/lib/jvm/java-8-openjdk-amd64/jre/lib/amd64/server/libjvm.so
7f0b1966e000-7f0b1986d000 ---p 00ca2000 fc:01 1828939                    /usr/lib/jvm/java-8-openjdk-amd64/jre/lib/amd64/server/libjvm.so
7f0b1986d000-7f0b19901000 r--p 00ca1000 fc:01 1828939                    /usr/lib/jvm/java-8-openjdk-amd64/jre/lib/amd64/server/libjvm.so
7f0b19901000-7f0b1992a000 rw-p 00d35000 fc:01 1828939                    /usr/lib/jvm/java-8-openjdk-amd64/jre/lib/amd64/server/libjvm.so
7f0b1992a000-7f0b1995a000 rw-p 00000000 00:00 0 
7f0b1995a000-7f0b19974000 r-xp 00000000 fc:01 2181                       /lib/x86_64-linux-gnu/libpthread-2.27.so
7f0b19974000-7f0b19b73000 ---p 0001a000 fc:01 2181                       /lib/x86_64-linux-gnu/libpthread-2.27.so
7f0b19b73000-7f0b19b74000 r--p 00019000 fc:01 2181                       /lib/x86_64-linux-gnu/libpthread-2.27.so
7f0b19b74000-7f0b19b75000 rw-p 0001a000 fc:01 2181                       /lib/x86_64-linux-gnu/libpthread-2.27.so
7f0b19b75000-7f0b19b79000 rw-p 00000000 00:00 0 
7f0b19b79000-7f0b19b7c000 r-xp 00000000 fc:01 2088                       /lib/x86_64-linux-gnu/libdl-2.27.so
7f0b19b7c000-7f0b19d7b000 ---p 00003000 fc:01 2088                       /lib/x86_64-linux-gnu/libdl-2.27.so
7f0b19d7b000-7f0b19d7c000 r--p 00002000 fc:01 2088                       /lib/x86_64-linux-gnu/libdl-2.27.so
7f0b19d7c000-7f0b19d7d000 rw-p 00003000 fc:01 2088                       /lib/x86_64-linux-gnu/libdl-2.27.so
7f0b19d7d000-7f0b19d99000 r-xp 00000000 fc:01 2187                       /lib/x86_64-linux-gnu/libz.so.1.2.11
7f0b19d99000-7f0b19f98000 ---p 0001c000 fc:01 2187                       /lib/x86_64-linux-gnu/libz.so.1.2.11
7f0b19f98000-7f0b19f99000 r--p 0001b000 fc:01 2187                       /lib/x86_64-linux-gnu/libz.so.1.2.11
7f0b19f99000-7f0b19f9a000 rw-p 0001c000 fc:01 2187                       /lib/x86_64-linux-gnu/libz.so.1.2.11
7f0b19f9a000-7f0b1a181000 r-xp 00000000 fc:01 2085                       /lib/x86_64-linux-gnu/libc-2.27.so
7f0b1a181000-7f0b1a381000 ---p 001e7000 fc:01 2085                       /lib/x86_64-linux-gnu/libc-2.27.so
7f0b1a381000-7f0b1a385000 r--p 001e7000 fc:01 2085                       /lib/x86_64-linux-gnu/libc-2.27.so
7f0b1a385000-7f0b1a387000 rw-p 001eb000 fc:01 2085                       /lib/x86_64-linux-gnu/libc-2.27.so
7f0b1a387000-7f0b1a38b000 rw-p 00000000 00:00 0 
7f0b1a38b000-7f0b1a399000 r-xp 00000000 fc:01 1828899                    /usr/lib/jvm/java-8-openjdk-amd64/jre/lib/amd64/jli/libjli.so
7f0b1a399000-7f0b1a598000 ---p 0000e000 fc:01 1828899                    /usr/lib/jvm/java-8-openjdk-amd64/jre/lib/amd64/jli/libjli.so
7f0b1a598000-7f0b1a599000 r--p 0000d000 fc:01 1828899                    /usr/lib/jvm/java-8-openjdk-amd64/jre/lib/amd64/jli/libjli.so
7f0b1a599000-7f0b1a59a000 rw-p 0000e000 fc:01 1828899                    /usr/lib/jvm/java-8-openjdk-amd64/jre/lib/amd64/jli/libjli.so
7f0b1a59a000-7f0b1a5c1000 r-xp 00000000 fc:01 2081                       /lib/x86_64-linux-gnu/ld-2.27.so
7f0b1a5c1000-7f0b1a5c2000 r--s 00010000 fc:01 1829730                    /usr/lib/jvm/java-8-openjdk-amd64/jre/lib/ext/zipfs.jar
7f0b1a5c2000-7f0b1a5c3000 r--s 0000d000 fc:01 1829727                    /usr/lib/jvm/java-8-openjdk-amd64/jre/lib/ext/sunec.jar
7f0b1a5c3000-7f0b1a5c4000 r--p 00000000 fc:01 7814                       /usr/lib/locale/C.UTF-8/LC_NUMERIC
7f0b1a5c4000-7f0b1a5c5000 r--p 00000000 fc:01 7817                       /usr/lib/locale/C.UTF-8/LC_TIME
7f0b1a5c5000-7f0b1a5c6000 r--p 00000000 fc:01 7812                       /usr/lib/locale/C.UTF-8/LC_MONETARY
7f0b1a5c6000-7f0b1a697000 rw-p 00000000 00:00 0 
7f0b1a697000-7f0b1a698000 ---p 00000000 00:00 0 
7f0b1a698000-7f0b1a69b000 ---p 00000000 00:00 0 
7f0b1a69b000-7f0b1a79a000 rw-p 00000000 00:00 0 
7f0b1a79a000-7f0b1a79b000 r--p 00000000 fc:01 7806                       /usr/lib/locale/C.UTF-8/LC_MESSAGES/SYS_LC_MESSAGES
7f0b1a79b000-7f0b1a79c000 r--p 00000000 fc:01 7815                       /usr/lib/locale/C.UTF-8/LC_PAPER
7f0b1a79c000-7f0b1a79d000 r--p 00000000 fc:01 7813                       /usr/lib/locale/C.UTF-8/LC_NAME
7f0b1a79d000-7f0b1a79e000 r--p 00000000 fc:01 7807                       /usr/lib/locale/C.UTF-8/LC_ADDRESS
7f0b1a79e000-7f0b1a79f000 r--p 00000000 fc:01 7816                       /usr/lib/locale/C.UTF-8/LC_TELEPHONE
7f0b1a79f000-7f0b1a7a0000 r--p 00000000 fc:01 7811                       /usr/lib/locale/C.UTF-8/LC_MEASUREMENT
7f0b1a7a0000-7f0b1a7a1000 r--p 00000000 fc:01 7810                       /usr/lib/locale/C.UTF-8/LC_IDENTIFICATION
7f0b1a7a1000-7f0b1a7b5000 rw-p 00000000 00:00 0 
7f0b1a7b5000-7f0b1a7bd000 rw-s 00000000 fc:01 3620672                    /tmp/hsperfdata_dcpowe4/9438
7f0b1a7bd000-7f0b1a7be000 rw-p 00000000 00:00 0 
7f0b1a7be000-7f0b1a7bf000 ---p 00000000 00:00 0 
7f0b1a7bf000-7f0b1a7c1000 rw-p 00000000 00:00 0 
7f0b1a7c1000-7f0b1a7c2000 r--p 00027000 fc:01 2081                       /lib/x86_64-linux-gnu/ld-2.27.so
7f0b1a7c2000-7f0b1a7c3000 rw-p 00028000 fc:01 2081                       /lib/x86_64-linux-gnu/ld-2.27.so
7f0b1a7c3000-7f0b1a7c4000 rw-p 00000000 00:00 0 
7ffef18fd000-7ffef191e000 rw-p 00000000 00:00 0                          [stack]
7ffef199b000-7ffef199e000 r--p 00000000 00:00 0                          [vvar]
7ffef199e000-7ffef19a0000 r-xp 00000000 00:00 0                          [vdso]
ffffffffff600000-ffffffffff601000 r-xp 00000000 00:00 0                  [vsyscall]

VM Arguments:
jvm_args: -XX:MaxPermSize=128m 
java_command: /home/dcpowe4/MP3/mp3/jenkins/core/target/surefire/surefirebooter3463627471946164740.jar /home/dcpowe4/MP3/mp3/jenkins/core/target/surefire/surefire3749482504918786086tmp /home/dcpowe4/MP3/mp3/jenkins/core/target/surefire/surefire_01930112728964185009tmp
java_class_path (initial): /home/dcpowe4/MP3/mp3/jenkins/core/target/surefire/surefirebooter3463627471946164740.jar
Launcher Type: SUN_STANDARD

Environment Variables:
JAVA_HOME=/usr/lib/jvm/java-8-openjdk-amd64
PATH=/usr/lib/jvm/java-8-openjdk-amd64/jre/bin:/usr/lib/jvm/java-11-openjdk-amd64/jre/bin:/usr/local/sbin:/usr/local/bin:/usr/sbin:/usr/bin:/sbin:/bin:/usr/games:/usr/local/games:/snap/bin
SHELL=/bin/bash

Signal Handlers:
SIGSEGV: [libjvm.so+0xabafd0], sa_mask[0]=11111111011111111101111111111110, sa_flags=SA_RESTART|SA_SIGINFO
SIGBUS: [libjvm.so+0xabafd0], sa_mask[0]=11111111011111111101111111111110, sa_flags=SA_RESTART|SA_SIGINFO
SIGFPE: [libjvm.so+0x8f05b0], sa_mask[0]=11111111011111111101111111111110, sa_flags=SA_RESTART|SA_SIGINFO
SIGPIPE: [libjvm.so+0x8f05b0], sa_mask[0]=11111111011111111101111111111110, sa_flags=SA_RESTART|SA_SIGINFO
SIGXFSZ: [libjvm.so+0x8f05b0], sa_mask[0]=11111111011111111101111111111110, sa_flags=SA_RESTART|SA_SIGINFO
SIGILL: [libjvm.so+0x8f05b0], sa_mask[0]=11111111011111111101111111111110, sa_flags=SA_RESTART|SA_SIGINFO
SIGUSR1: SIG_DFL, sa_mask[0]=00000000000000000000000000000000, sa_flags=none
SIGUSR2: [libjvm.so+0x8f0460], sa_mask[0]=00100000000000000000000000000000, sa_flags=SA_RESTART|SA_SIGINFO
SIGHUP: [libjvm.so+0x8f0ad0], sa_mask[0]=11111111011111111101111111111110, sa_flags=SA_RESTART|SA_SIGINFO
SIGINT: [libjvm.so+0x8f0ad0], sa_mask[0]=11111111011111111101111111111110, sa_flags=SA_RESTART|SA_SIGINFO
SIGTERM: [libjvm.so+0x8f0ad0], sa_mask[0]=11111111011111111101111111111110, sa_flags=SA_RESTART|SA_SIGINFO
SIGQUIT: [libjvm.so+0x8f0ad0], sa_mask[0]=11111111011111111101111111111110, sa_flags=SA_RESTART|SA_SIGINFO


---------------  S Y S T E M  ---------------

OS:DISTRIB_ID=Ubuntu
DISTRIB_RELEASE=18.04
DISTRIB_CODENAME=bionic
DISTRIB_DESCRIPTION="Ubuntu 18.04.3 LTS"

uname:Linux 4.15.0-74-generic #84-Ubuntu SMP Thu Dec 19 08:06:28 UTC 2019 x86_64
libc:glibc 2.27 NPTL 2.27 
rlimit: STACK 8192k, CORE 0k, NPROC 15517, NOFILE 1048576, AS infinity
load average:20.52 22.27 15.74

/proc/meminfo:
MemTotal:        4039168 kB
MemFree:          111376 kB
MemAvailable:      21880 kB
Buffers:             616 kB
Cached:           124108 kB
SwapCached:            0 kB
Active:          3600740 kB
Inactive:         116508 kB
Active(anon):    3593404 kB
Inactive(anon):   102480 kB
Active(file):       7336 kB
Inactive(file):    14028 kB
Unevictable:          80 kB
Mlocked:              80 kB
SwapTotal:             0 kB
SwapFree:              0 kB
Dirty:               132 kB
Writeback:            12 kB
AnonPages:       3592700 kB
Mapped:           114172 kB
Shmem:            103264 kB
Slab:             107728 kB
SReclaimable:      40836 kB
SUnreclaim:        66892 kB
KernelStack:       12112 kB
PageTables:        51700 kB
NFS_Unstable:          0 kB
Bounce:                0 kB
WritebackTmp:          0 kB
CommitLimit:     2019584 kB
Committed_AS:    8403016 kB
VmallocTotal:   34359738367 kB
VmallocUsed:           0 kB
VmallocChunk:          0 kB
HardwareCorrupted:     0 kB
AnonHugePages:         0 kB
ShmemHugePages:        0 kB
ShmemPmdMapped:        0 kB
CmaTotal:              0 kB
CmaFree:               0 kB
HugePages_Total:       0
HugePages_Free:        0
HugePages_Rsvd:        0
HugePages_Surp:        0
Hugepagesize:       2048 kB
DirectMap4k:      243560 kB
DirectMap2M:     3950592 kB
DirectMap1G:     2097152 kB

container (cgroup) information:
container_type: cgroupv1
cpu_cpuset_cpus: 0-1
cpu_memory_nodes: 0
active_processor_count: 2
cpu_quota: -1
cpu_period: 100000
cpu_shares: -1
memory_limit_in_bytes: -1
memory_and_swap_limit_in_bytes: -2
memory_soft_limit_in_bytes: -1
memory_usage_in_bytes: 3736109056
memory_max_usage_in_bytes: 3739697152


CPU:total 2 (initial active 2) (1 cores per cpu, 1 threads per core) family 6 model 85 stepping 4, cmov, cx8, fxsr, mmx, sse, sse2, sse3, ssse3, sse4.1, sse4.2, popcnt, avx, avx2, aes, clmul, erms, 3dnowpref, lzcnt, tsc, bmi1, bmi2, adx

/proc/cpuinfo:
processor	: 0
vendor_id	: GenuineIntel
cpu family	: 6
model		: 85
model name	: Intel Xeon Processor (Skylake, IBRS)
stepping	: 4
microcode	: 0x1
cpu MHz		: 2095.074
cache size	: 16384 KB
physical id	: 0
siblings	: 1
core id		: 0
cpu cores	: 1
apicid		: 0
initial apicid	: 0
fpu		: yes
fpu_exception	: yes
cpuid level	: 13
wp		: yes
flags		: fpu vme de pse tsc msr pae mce cx8 apic sep mtrr pge mca cmov pat pse36 clflush mmx fxsr sse sse2 ss syscall nx pdpe1gb rdtscp lm constant_tsc rep_good nopl xtopology cpuid tsc_known_freq pni pclmulqdq vmx ssse3 fma cx16 pcid sse4_1 sse4_2 x2apic movbe popcnt tsc_deadline_timer aes xsave avx f16c rdrand hypervisor lahf_lm abm 3dnowprefetch cpuid_fault invpcid_single pti ssbd ibrs ibpb tpr_shadow vnmi flexpriority ept vpid fsgsbase tsc_adjust bmi1 avx2 smep bmi2 erms invpcid mpx avx512f avx512dq rdseed adx smap clflushopt clwb avx512cd avx512bw avx512vl xsaveopt xsavec xgetbv1 xsaves arat pku ospke avx512_vnni md_clear
bugs		: cpu_meltdown spectre_v1 spectre_v2 spec_store_bypass l1tf mds swapgs itlb_multihit
bogomips	: 4190.14
clflush size	: 64
cache_alignment	: 64
address sizes	: 40 bits physical, 48 bits virtual
power management:

processor	: 1
vendor_id	: GenuineIntel
cpu family	: 6
model		: 85
model name	: Intel Xeon Processor (Skylake, IBRS)
stepping	: 4
microcode	: 0x1
cpu MHz		: 2095.074
cache size	: 16384 KB
physical id	: 1
siblings	: 1
core id		: 0
cpu cores	: 1
apicid		: 1
initial apicid	: 1
fpu		: yes
fpu_exception	: yes
cpuid level	: 13
wp		: yes
flags		: fpu vme de pse tsc msr pae mce cx8 apic sep mtrr pge mca cmov pat pse36 clflush mmx fxsr sse sse2 ss syscall nx pdpe1gb rdtscp lm constant_tsc rep_good nopl xtopology cpuid tsc_known_freq pni pclmulqdq vmx ssse3 fma cx16 pcid sse4_1 sse4_2 x2apic movbe popcnt tsc_deadline_timer aes xsave avx f16c rdrand hypervisor lahf_lm abm 3dnowprefetch cpuid_fault invpcid_single pti ssbd ibrs ibpb tpr_shadow vnmi flexpriority ept vpid fsgsbase tsc_adjust bmi1 avx2 smep bmi2 erms invpcid mpx avx512f avx512dq rdseed adx smap clflushopt clwb avx512cd avx512bw avx512vl xsaveopt xsavec xgetbv1 xsaves arat pku ospke avx512_vnni md_clear
bugs		: cpu_meltdown spectre_v1 spectre_v2 spec_store_bypass l1tf mds swapgs itlb_multihit
bogomips	: 4190.14
clflush size	: 64
cache_alignment	: 64
address sizes	: 40 bits physical, 48 bits virtual
power management:



Memory: 4k page, physical 4039168k(106076k free), swap 0k(0k free)

vm_info: OpenJDK 64-Bit Server VM (25.232-b09) for linux-amd64 JRE (1.8.0_232-8u232-b09-0ubuntu1~18.04.1-b09), built on Oct 16 2019 20:38:15 by "buildd" with gcc 7.4.0

time: Fri Apr  3 13:38:01 2020
timezone: EDT
elapsed time: 1046 seconds (0d 0h 17m 26s)

