#
# There is insufficient memory for the Java Runtime Environment to continue.
# Native memory allocation (mmap) failed to map 66060288 bytes for committing reserved memory.
# Possible reasons:
#   The system is out of physical RAM or swap space
#   The process is running with CompressedOops enabled, and the Java Heap may be blocking the growth of the native heap
# Possible solutions:
#   Reduce memory load on the system
#   Increase physical memory or swap space
#   Check if swap backing store is full
#   Decrease Java heap size (-Xmx/-Xms)
#   Decrease number of Java threads
#   Decrease Java thread stack sizes (-Xss)
#   Set larger code cache with -XX:ReservedCodeCacheSize=
#   JVM is running with Unscaled Compressed Oops mode in which the Java heap is
#     placed in the first 4GB address space. The Java Heap base address is the
#     maximum limit for the native heap growth. Please use -XX:HeapBaseMinAddress
#     to set the Java Heap base and to place the Java Heap above 4GB virtual address.
# This output file may be truncated or incomplete.
#
#  Out of Memory Error (os_linux.cpp:2757), pid=11309, tid=0x00007f2d3061e700
#
# JRE version: OpenJDK Runtime Environment (8.0_232-b09) (build 1.8.0_232-8u232-b09-0ubuntu1~18.04.1-b09)
# Java VM: OpenJDK 64-Bit Server VM (25.232-b09 mixed mode linux-amd64 compressed oops)
# Failed to write core dump. Core dumps have been disabled. To enable core dumping, try "ulimit -c unlimited" before starting Java again
#

---------------  T H R E A D  ---------------

Current thread (0x00007f2d440fc000):  VMThread [stack: 0x00007f2d3051f000,0x00007f2d3061f000] [id=11314]

Stack: [0x00007f2d3051f000,0x00007f2d3061f000],  sp=0x00007f2d3061d460,  free space=1017k
Native frames: (J=compiled Java code, j=interpreted, Vv=VM code, C=native code)
V  [libjvm.so+0xaba672]
V  [libjvm.so+0x4dde07]
V  [libjvm.so+0x8f53f0]
V  [libjvm.so+0x8ec4be]
V  [libjvm.so+0x96fe06]
V  [libjvm.so+0x95ea8a]
V  [libjvm.so+0x95ec58]
V  [libjvm.so+0x95f860]
V  [libjvm.so+0x965c1c]
V  [libjvm.so+0x96dcd5]
V  [libjvm.so+0x91c608]
V  [libjvm.so+0xabc342]
V  [libjvm.so+0xac0eb6]
V  [libjvm.so+0xabf1b5]
V  [libjvm.so+0xabfa8d]
V  [libjvm.so+0xabfe98]
V  [libjvm.so+0x8f2782]

VM_Operation (0x00007f2d4aacb1d0): ParallelGCFailedAllocation, mode: safepoint, requested by thread 0x00007f2d4400b000


---------------  P R O C E S S  ---------------

Java Threads: ( => current thread )
  0x00007f2d44144800 JavaThread "Service Thread" daemon [_thread_blocked, id=11320, stack(0x00007f2d2bbcb000,0x00007f2d2bccc000)]
  0x00007f2d44142000 JavaThread "C1 CompilerThread1" daemon [_thread_blocked, id=11319, stack(0x00007f2d2bccd000,0x00007f2d2bdcd000)]
  0x00007f2d4413f000 JavaThread "C2 CompilerThread0" daemon [_thread_blocked, id=11318, stack(0x00007f2d2bdce000,0x00007f2d2bece000)]
  0x00007f2d4413d800 JavaThread "Signal Dispatcher" daemon [_thread_blocked, id=11317, stack(0x00007f2d2bece000,0x00007f2d2bfcf000)]
  0x00007f2d44108000 JavaThread "Finalizer" daemon [_thread_blocked, id=11316, stack(0x00007f2d3031c000,0x00007f2d3041d000)]
  0x00007f2d44105800 JavaThread "Reference Handler" daemon [_thread_blocked, id=11315, stack(0x00007f2d3041d000,0x00007f2d3051e000)]
  0x00007f2d4400b000 JavaThread "main" [_thread_blocked, id=11311, stack(0x00007f2d4a9d1000,0x00007f2d4aad1000)]

Other Threads:
=>0x00007f2d440fc000 VMThread [stack: 0x00007f2d3051f000,0x00007f2d3061f000] [id=11314]
  0x00007f2d44147000 WatcherThread [stack: 0x00007f2d2bacb000,0x00007f2d2bbcb000] [id=11321]

VM state:at safepoint (normal execution)

VM Mutex/Monitor currently owned by a thread:  ([mutex/lock_event])
[0x00007f2d440074c0] ExpandHeap_lock - owner thread: 0x00007f2d440fc000
[0x00007f2d44007b40] Threads_lock - owner thread: 0x00007f2d440fc000
[0x00007f2d44008040] Heap_lock - owner thread: 0x00007f2d4400b000

heap address: 0x00000000c2400000, size: 988 MB, Compressed Oops mode: 32-bit
Narrow klass base: 0x0000000000000000, Narrow klass shift: 3
Compressed class space size: 1073741824 Address: 0x0000000100000000

Heap:
 PSYoungGen      total 283648K, used 0K [0x00000000eb700000, 0x00000000ff880000, 0x0000000100000000)
  eden space 270848K, 0% used [0x00000000eb700000,0x00000000eb700000,0x00000000fbf80000)
  from space 12800K, 0% used [0x00000000fec00000,0x00000000fec00000,0x00000000ff880000)
  to   space 25600K, 0% used [0x00000000fc680000,0x00000000fc680000,0x00000000fdf80000)
 ParOldGen       total 79360K, used 75128K [0x00000000c2400000, 0x00000000c7180000, 0x00000000eb700000)
  object space 79360K, 94% used [0x00000000c2400000,0x00000000c6d5e128,0x00000000c7180000)
 Metaspace       used 34504K, capacity 35042K, committed 41216K, reserved 1085440K
  class space    used 3597K, capacity 3813K, committed 4608K, reserved 1048576K

Card table byte_map: [0x00007f2d33bc8000,0x00007f2d33db7000] byte_map_base: 0x00007f2d335b6000

Marking Bits: (ParMarkBitMap*) 0x00007f2d49c76380
 Begin Bits: [0x00007f2d31ae6000, 0x00007f2d32a56000)
 End Bits:   [0x00007f2d32a56000, 0x00007f2d339c6000)

Polling page: 0x00007f2d4aaf7000

CodeCache: size=245760Kb used=13256Kb max_used=14596Kb free=232503Kb
 bounds [0x00007f2d34177000, 0x00007f2d34fd7000, 0x00007f2d43177000]
 total_blobs=3956 nmethods=3562 adapters=308
 compilation: enabled

Compilation events (10 events):
Event: 5749.827 Thread 0x00007f2d4413f000 nmethod 4583 0x00007f2d348ba0d0 code [0x00007f2d348ba240, 0x00007f2d348ba368]
Event: 6325.758 Thread 0x00007f2d4413f000 4584       4       javassist.bytecode.ClassFile::addAttribute (21 bytes)
Event: 6363.442 Thread 0x00007f2d4413f000 nmethod 4584 0x00007f2d34b32ed0 code [0x00007f2d34b33080, 0x00007f2d34b33588]
Event: 6363.624 Thread 0x00007f2d4413f000 4585       4       java.util.ComparableTimSort::mergeLo (656 bytes)
Event: 6363.737 Thread 0x00007f2d4413f000 nmethod 4585 0x00007f2d34ef1890 code [0x00007f2d34ef1aa0, 0x00007f2d34ef3378]
Event: 6364.575 Thread 0x00007f2d4413f000 4586       4       javassist.bytecode.stackmap.Tracer::doXSTORE (47 bytes)
Event: 6368.162 Thread 0x00007f2d4413f000 nmethod 4586 0x00007f2d34bd2950 code [0x00007f2d34bd2ac0, 0x00007f2d34bd2c78]
Event: 6369.468 Thread 0x00007f2d4413f000 4587       4       javassist.compiler.JvstCodeGen::addNullIfVoid (37 bytes)
Event: 6371.314 Thread 0x00007f2d4413f000 nmethod 4587 0x00007f2d34366810 code [0x00007f2d34366980, 0x00007f2d34366cb8]
Event: 6371.342 Thread 0x00007f2d4413f000 4588   !   4       javassist.expr.MethodCall::replace (421 bytes)

GC Heap History (10 events):
Event: 45.022 GC heap after
Heap after GC invocations=22 (full 2):
 PSYoungGen      total 316928K, used 7175K [0x00000000eb700000, 0x0000000100000000, 0x0000000100000000)
  eden space 304128K, 0% used [0x00000000eb700000,0x00000000eb700000,0x00000000fe000000)
  from space 12800K, 56% used [0x00000000fed80000,0x00000000ff481e40,0x00000000ffa00000)
  to   space 13824K, 0% used [0x00000000fe000000,0x00000000fe000000,0x00000000fed80000)
 ParOldGen       total 79360K, used 36421K [0x00000000c2400000, 0x00000000c7180000, 0x00000000eb700000)
  object space 79360K, 45% used [0x00000000c2400000,0x00000000c47914d8,0x00000000c7180000)
 Metaspace       used 34652K, capacity 35140K, committed 35496K, reserved 1081344K
  class space    used 3851K, capacity 4052K, committed 4096K, reserved 1048576K
}
Event: 117.323 GC heap before
{Heap before GC invocations=23 (full 2):
 PSYoungGen      total 316928K, used 311303K [0x00000000eb700000, 0x0000000100000000, 0x0000000100000000)
  eden space 304128K, 100% used [0x00000000eb700000,0x00000000fe000000,0x00000000fe000000)
  from space 12800K, 56% used [0x00000000fed80000,0x00000000ff481e40,0x00000000ffa00000)
  to   space 13824K, 0% used [0x00000000fe000000,0x00000000fe000000,0x00000000fed80000)
 ParOldGen       total 79360K, used 36421K [0x00000000c2400000, 0x00000000c7180000, 0x00000000eb700000)
  object space 79360K, 45% used [0x00000000c2400000,0x00000000c47914d8,0x00000000c7180000)
 Metaspace       used 36025K, capacity 36610K, committed 36992K, reserved 1081344K
  class space    used 3960K, capacity 4159K, committed 4224K, reserved 1048576K
Event: 117.543 GC heap after
Heap after GC invocations=23 (full 2):
 PSYoungGen      total 317952K, used 13818K [0x00000000eb700000, 0x0000000100000000, 0x0000000100000000)
  eden space 304128K, 0% used [0x00000000eb700000,0x00000000eb700000,0x00000000fe000000)
  from space 13824K, 99% used [0x00000000fe000000,0x00000000fed7eb00,0x00000000fed80000)
  to   space 17920K, 0% used [0x00000000fee80000,0x00000000fee80000,0x0000000100000000)
 ParOldGen       total 79360K, used 42105K [0x00000000c2400000, 0x00000000c7180000, 0x00000000eb700000)
  object space 79360K, 53% used [0x00000000c2400000,0x00000000c4d1e668,0x00000000c7180000)
 Metaspace       used 36025K, capacity 36610K, committed 36992K, reserved 1081344K
  class space    used 3960K, capacity 4159K, committed 4224K, reserved 1048576K
}
Event: 657.778 GC heap before
{Heap before GC invocations=24 (full 2):
 PSYoungGen      total 317952K, used 317946K [0x00000000eb700000, 0x0000000100000000, 0x0000000100000000)
  eden space 304128K, 100% used [0x00000000eb700000,0x00000000fe000000,0x00000000fe000000)
  from space 13824K, 99% used [0x00000000fe000000,0x00000000fed7eb00,0x00000000fed80000)
  to   space 17920K, 0% used [0x00000000fee80000,0x00000000fee80000,0x0000000100000000)
 ParOldGen       total 79360K, used 42105K [0x00000000c2400000, 0x00000000c7180000, 0x00000000eb700000)
  object space 79360K, 53% used [0x00000000c2400000,0x00000000c4d1e668,0x00000000c7180000)
 Metaspace       used 37264K, capacity 37882K, committed 38400K, reserved 1083392K
  class space    used 4050K, capacity 4265K, committed 4352K, reserved 1048576K
Event: 657.852 GC heap after
Heap after GC invocations=24 (full 2):
 PSYoungGen      total 313856K, used 16245K [0x00000000eb700000, 0x0000000100000000, 0x0000000100000000)
  eden space 295936K, 0% used [0x00000000eb700000,0x00000000eb700000,0x00000000fd800000)
  from space 17920K, 90% used [0x00000000fee80000,0x00000000ffe5d778,0x0000000100000000)
  to   space 20480K, 0% used [0x00000000fd800000,0x00000000fd800000,0x00000000fec00000)
 ParOldGen       total 79360K, used 53514K [0x00000000c2400000, 0x00000000c7180000, 0x00000000eb700000)
  object space 79360K, 67% used [0x00000000c2400000,0x00000000c5842bd8,0x00000000c7180000)
 Metaspace       used 37264K, capacity 37882K, committed 38400K, reserved 1083392K
  class space    used 4050K, capacity 4265K, committed 4352K, reserved 1048576K
}
Event: 5265.622 GC heap before
{Heap before GC invocations=25 (full 2):
 PSYoungGen      total 313856K, used 312181K [0x00000000eb700000, 0x0000000100000000, 0x0000000100000000)
  eden space 295936K, 100% used [0x00000000eb700000,0x00000000fd800000,0x00000000fd800000)
  from space 17920K, 90% used [0x00000000fee80000,0x00000000ffe5d778,0x0000000100000000)
  to   space 20480K, 0% used [0x00000000fd800000,0x00000000fd800000,0x00000000fec00000)
 ParOldGen       total 79360K, used 53514K [0x00000000c2400000, 0x00000000c7180000, 0x00000000eb700000)
  object space 79360K, 67% used [0x00000000c2400000,0x00000000c5842bd8,0x00000000c7180000)
 Metaspace       used 38503K, capacity 39154K, committed 39552K, reserved 1085440K
  class space    used 4140K, capacity 4371K, committed 4480K, reserved 1048576K
Event: 5265.983 GC heap after
Heap after GC invocations=25 (full 2):
 PSYoungGen      total 303616K, used 20470K [0x00000000eb700000, 0x00000000ffe80000, 0x0000000100000000)
  eden space 283136K, 0% used [0x00000000eb700000,0x00000000eb700000,0x00000000fcb80000)
  from space 20480K, 99% used [0x00000000fd800000,0x00000000febfdb40,0x00000000fec00000)
  to   space 18944K, 0% used [0x00000000fec00000,0x00000000fec00000,0x00000000ffe80000)
 ParOldGen       total 79360K, used 59883K [0x00000000c2400000, 0x00000000c7180000, 0x00000000eb700000)
  object space 79360K, 75% used [0x00000000c2400000,0x00000000c5e7acb8,0x00000000c7180000)
 Metaspace       used 38503K, capacity 39154K, committed 39552K, reserved 1085440K
  class space    used 4140K, capacity 4371K, committed 4480K, reserved 1048576K
}
Event: 6371.692 GC heap before
{Heap before GC invocations=26 (full 2):
 PSYoungGen      total 303616K, used 303606K [0x00000000eb700000, 0x00000000ffe80000, 0x0000000100000000)
  eden space 283136K, 100% used [0x00000000eb700000,0x00000000fcb80000,0x00000000fcb80000)
  from space 20480K, 99% used [0x00000000fd800000,0x00000000febfdb40,0x00000000fec00000)
  to   space 18944K, 0% used [0x00000000fec00000,0x00000000fec00000,0x00000000ffe80000)
 ParOldGen       total 79360K, used 59883K [0x00000000c2400000, 0x00000000c7180000, 0x00000000eb700000)
  object space 79360K, 75% used [0x00000000c2400000,0x00000000c5e7acb8,0x00000000c7180000)
 Metaspace       used 40041K, capacity 40778K, committed 41216K, reserved 1085440K
  class space    used 4243K, capacity 4509K, committed 4608K, reserved 1048576K
Event: 6372.036 GC heap after
Heap after GC invocations=26 (full 2):
 PSYoungGen      total 283648K, used 12707K [0x00000000eb700000, 0x00000000ff880000, 0x0000000100000000)
  eden space 270848K, 0% used [0x00000000eb700000,0x00000000eb700000,0x00000000fbf80000)
  from space 12800K, 99% used [0x00000000fec00000,0x00000000ff868ce0,0x00000000ff880000)
  to   space 25600K, 0% used [0x00000000fc680000,0x00000000fc680000,0x00000000fdf80000)
 ParOldGen       total 79360K, used 76935K [0x00000000c2400000, 0x00000000c7180000, 0x00000000eb700000)
  object space 79360K, 96% used [0x00000000c2400000,0x00000000c6f21cd8,0x00000000c7180000)
 Metaspace       used 40041K, capacity 40778K, committed 41216K, reserved 1085440K
  class space    used 4243K, capacity 4509K, committed 4608K, reserved 1048576K
}
Event: 6372.045 GC heap before
{Heap before GC invocations=27 (full 3):
 PSYoungGen      total 283648K, used 12707K [0x00000000eb700000, 0x00000000ff880000, 0x0000000100000000)
  eden space 270848K, 0% used [0x00000000eb700000,0x00000000eb700000,0x00000000fbf80000)
  from space 12800K, 99% used [0x00000000fec00000,0x00000000ff868ce0,0x00000000ff880000)
  to   space 25600K, 0% used [0x00000000fc680000,0x00000000fc680000,0x00000000fdf80000)
 ParOldGen       total 79360K, used 76935K [0x00000000c2400000, 0x00000000c7180000, 0x00000000eb700000)
  object space 79360K, 96% used [0x00000000c2400000,0x00000000c6f21cd8,0x00000000c7180000)
 Metaspace       used 40041K, capacity 40778K, committed 41216K, reserved 1085440K
  class space    used 4243K, capacity 4509K, committed 4608K, reserved 1048576K

Deoptimization events (10 events):
Event: 5345.491 Thread 0x00007f2d4400b000 Uncommon trap: reason=array_check action=maybe_recompile pc=0x00007f2d3494920c method=java.util.ComparableTimSort.mergeHi(IIII)V @ 654
Event: 5420.491 Thread 0x00007f2d4400b000 Uncommon trap: reason=array_check action=maybe_recompile pc=0x00007f2d34b19794 method=java.util.ComparableTimSort.mergeLo(IIII)V @ 207
Event: 5420.491 Thread 0x00007f2d4400b000 Uncommon trap: reason=array_check action=maybe_recompile pc=0x00007f2d34b19794 method=java.util.ComparableTimSort.mergeLo(IIII)V @ 207
Event: 5427.968 Thread 0x00007f2d4400b000 Uncommon trap: reason=array_check action=maybe_recompile pc=0x00007f2d343b3bd8 method=java.util.ComparableTimSort.mergeLo(IIII)V @ 371
Event: 5429.611 Thread 0x00007f2d4400b000 Uncommon trap: reason=array_check action=maybe_recompile pc=0x00007f2d343b3b24 method=java.util.ComparableTimSort.mergeLo(IIII)V @ 240
Event: 5429.622 Thread 0x00007f2d4400b000 Uncommon trap: reason=array_check action=maybe_recompile pc=0x00007f2d343b3b24 method=java.util.ComparableTimSort.mergeLo(IIII)V @ 240
Event: 5435.037 Thread 0x00007f2d4400b000 Uncommon trap: reason=array_check action=maybe_recompile pc=0x00007f2d34ad8848 method=java.util.ComparableTimSort.mergeLo(IIII)V @ 465
Event: 5435.038 Thread 0x00007f2d4400b000 Uncommon trap: reason=array_check action=maybe_recompile pc=0x00007f2d34ad8848 method=java.util.ComparableTimSort.mergeLo(IIII)V @ 465
Event: 5735.381 Thread 0x00007f2d4400b000 Uncommon trap: reason=array_check action=maybe_recompile pc=0x00007f2d34300fb4 method=java.util.ComparableTimSort.mergeLo(IIII)V @ 587
Event: 5737.602 Thread 0x00007f2d4400b000 Uncommon trap: reason=array_check action=maybe_recompile pc=0x00007f2d34300fb4 method=java.util.ComparableTimSort.mergeLo(IIII)V @ 587

Classes redefined (0 events):
No events

Internal exceptions (10 events):
Event: 15.518 Thread 0x00007f2d4400b000 Exception <a 'java/lang/ArrayIndexOutOfBoundsException': 42> (0x00000000ec2e74b0) thrown at [/build/openjdk-8-4aHi5C/openjdk-8-8u232-b09/src/hotspot/src/share/vm/interpreter/interpreterRuntime.cpp, line 368]
Event: 15.519 Thread 0x00007f2d4400b000 Exception <a 'java/lang/ArrayIndexOutOfBoundsException': 139> (0x00000000ec2e9380) thrown at [/build/openjdk-8-4aHi5C/openjdk-8-8u232-b09/src/hotspot/src/share/vm/interpreter/interpreterRuntime.cpp, line 368]
Event: 15.822 Thread 0x00007f2d4400b000 Exception <a 'java/lang/reflect/InvocationTargetException'> (0x00000000ec729728) thrown at [/build/openjdk-8-4aHi5C/openjdk-8-8u232-b09/src/hotspot/src/share/vm/runtime/reflection.cpp, line 1092]
Event: 15.824 Thread 0x00007f2d4400b000 Exception <a 'java/lang/reflect/InvocationTargetException'> (0x00000000ec743480) thrown at [/build/openjdk-8-4aHi5C/openjdk-8-8u232-b09/src/hotspot/src/share/vm/runtime/reflection.cpp, line 1092]
Event: 16.441 Thread 0x00007f2d4400b000 Exception <a 'java/net/UnknownHostException'> (0x00000000ec866f20) thrown at [/build/openjdk-8-4aHi5C/openjdk-8-8u232-b09/src/hotspot/src/share/vm/prims/jni.cpp, line 710]
Event: 17.819 Thread 0x00007f2d4400b000 Exception <a 'java/lang/NoSuchFieldError': method resolution failed> (0x00000000eb9b8800) thrown at [/build/openjdk-8-4aHi5C/openjdk-8-8u232-b09/src/hotspot/src/share/vm/prims/methodHandles.cpp, line 1167]
Event: 17.820 Thread 0x00007f2d4400b000 Exception <a 'java/lang/NoSuchFieldError': method resolution failed> (0x00000000eb9c5ec0) thrown at [/build/openjdk-8-4aHi5C/openjdk-8-8u232-b09/src/hotspot/src/share/vm/prims/methodHandles.cpp, line 1167]
Event: 26.243 Thread 0x00007f2d4400b000 Implicit null exception at 0x00007f2d3468adf8 to 0x00007f2d3468b1c5
Event: 26.243 Thread 0x00007f2d4400b000 Implicit null exception at 0x00007f2d3473c65a to 0x00007f2d3473e479
Event: 45.318 Thread 0x00007f2d44108000 Implicit null exception at 0x00007f2d348773dc to 0x00007f2d348774c1

Events (10 events):
Event: 5435.038 Thread 0x00007f2d4400b000 Uncommon trap: trap_request=0xffffffd6 fr.pc=0x00007f2d34ad8848
Event: 5435.038 Thread 0x00007f2d4400b000 DEOPT PACKING pc=0x00007f2d34ad8848 sp=0x00007f2d4aacd060
Event: 5435.038 Thread 0x00007f2d4400b000 DEOPT UNPACKING pc=0x00007f2d341bc47a sp=0x00007f2d4aacd030 mode 2
Event: 5735.319 Thread 0x00007f2d4400b000 Uncommon trap: trap_request=0xffffffd6 fr.pc=0x00007f2d34300fb4
Event: 5735.402 Thread 0x00007f2d4400b000 DEOPT PACKING pc=0x00007f2d34300fb4 sp=0x00007f2d4aaccaf0
Event: 5735.422 Thread 0x00007f2d4400b000 DEOPT UNPACKING pc=0x00007f2d341bc47a sp=0x00007f2d4aaccac0 mode 2
Event: 5737.381 Thread 0x00007f2d4400b000 Uncommon trap: trap_request=0xffffffd6 fr.pc=0x00007f2d34300fb4
Event: 5737.674 Thread 0x00007f2d4400b000 DEOPT PACKING pc=0x00007f2d34300fb4 sp=0x00007f2d4aaccaf0
Event: 5737.690 Thread 0x00007f2d4400b000 DEOPT UNPACKING pc=0x00007f2d341bc47a sp=0x00007f2d4aaccac0 mode 2
Event: 6371.650 Executing VM operation: ParallelGCFailedAllocation


Dynamic libraries:
c2400000-c7180000 rw-p 00000000 00:00 0 
cb080000-eb700000 ---p 00000000 00:00 0 
eb700000-ff880000 rw-p 00000000 00:00 0 
ff880000-100000000 ---p 00000000 00:00 0 
100000000-100480000 rw-p 00000000 00:00 0 
100480000-140000000 ---p 00000000 00:00 0 
55dc239ec000-55dc239ed000 r-xp 00000000 fc:01 1828889                    /usr/lib/jvm/java-8-openjdk-amd64/jre/bin/java
55dc23bec000-55dc23bed000 r--p 00000000 fc:01 1828889                    /usr/lib/jvm/java-8-openjdk-amd64/jre/bin/java
55dc23bed000-55dc23bee000 rw-p 00001000 fc:01 1828889                    /usr/lib/jvm/java-8-openjdk-amd64/jre/bin/java
55dc24e8a000-55dc24eab000 rw-p 00000000 00:00 0                          [heap]
7f2cf4000000-7f2cf4021000 rw-p 00000000 00:00 0 
7f2cf4021000-7f2cf8000000 ---p 00000000 00:00 0 
7f2cfc000000-7f2cfc021000 rw-p 00000000 00:00 0 
7f2cfc021000-7f2d00000000 ---p 00000000 00:00 0 
7f2d01cc7000-7f2d01e87000 rw-p 00000000 00:00 0 
7f2d01e87000-7f2d01ec7000 ---p 00000000 00:00 0 
7f2d01ec7000-7f2d020c7000 rw-p 00000000 00:00 0 
7f2d020c7000-7f2d022c7000 rw-p 00000000 00:00 0 
7f2d022c7000-7f2d024c7000 rw-p 00000000 00:00 0 
7f2d024c7000-7f2d026c7000 rw-p 00000000 00:00 0 
7f2d026c7000-7f2d028c7000 rw-p 00000000 00:00 0 
7f2d028c7000-7f2d02ac7000 rw-p 00000000 00:00 0 
7f2d02ac7000-7f2d02cc7000 rw-p 00000000 00:00 0 
7f2d02cc7000-7f2d02ec7000 rw-p 00000000 00:00 0 
7f2d02ec7000-7f2d030c7000 rw-p 00000000 00:00 0 
7f2d030c7000-7f2d032c7000 rw-p 00000000 00:00 0 
7f2d032c7000-7f2d032d6000 r-xp 00000000 fc:01 3864                       /lib/x86_64-linux-gnu/libnss_myhostname.so.2
7f2d032d6000-7f2d034d6000 ---p 0000f000 fc:01 3864                       /lib/x86_64-linux-gnu/libnss_myhostname.so.2
7f2d034d6000-7f2d034d9000 r--p 0000f000 fc:01 3864                       /lib/x86_64-linux-gnu/libnss_myhostname.so.2
7f2d034d9000-7f2d034da000 rw-p 00012000 fc:01 3864                       /lib/x86_64-linux-gnu/libnss_myhostname.so.2
7f2d034da000-7f2d034f1000 r-xp 00000000 fc:01 2182                       /lib/x86_64-linux-gnu/libresolv-2.27.so
7f2d034f1000-7f2d036f1000 ---p 00017000 fc:01 2182                       /lib/x86_64-linux-gnu/libresolv-2.27.so
7f2d036f1000-7f2d036f2000 r--p 00017000 fc:01 2182                       /lib/x86_64-linux-gnu/libresolv-2.27.so
7f2d036f2000-7f2d036f3000 rw-p 00018000 fc:01 2182                       /lib/x86_64-linux-gnu/libresolv-2.27.so
7f2d036f3000-7f2d036f5000 rw-p 00000000 00:00 0 
7f2d036f5000-7f2d036fa000 r-xp 00000000 fc:01 2094                       /lib/x86_64-linux-gnu/libnss_dns-2.27.so
7f2d036fa000-7f2d038fa000 ---p 00005000 fc:01 2094                       /lib/x86_64-linux-gnu/libnss_dns-2.27.so
7f2d038fa000-7f2d038fb000 r--p 00005000 fc:01 2094                       /lib/x86_64-linux-gnu/libnss_dns-2.27.so
7f2d038fb000-7f2d038fc000 rw-p 00006000 fc:01 2094                       /lib/x86_64-linux-gnu/libnss_dns-2.27.so
7f2d038fc000-7f2d038fe000 r-xp 00000000 fc:01 69785                      /lib/x86_64-linux-gnu/libnss_mdns4_minimal.so.2
7f2d038fe000-7f2d03afd000 ---p 00002000 fc:01 69785                      /lib/x86_64-linux-gnu/libnss_mdns4_minimal.so.2
7f2d03afd000-7f2d03afe000 r--p 00001000 fc:01 69785                      /lib/x86_64-linux-gnu/libnss_mdns4_minimal.so.2
7f2d03afe000-7f2d03aff000 rw-p 00002000 fc:01 69785                      /lib/x86_64-linux-gnu/libnss_mdns4_minimal.so.2
7f2d03aff000-7f2d03b02000 ---p 00000000 00:00 0 
7f2d03b02000-7f2d03e00000 rw-p 00000000 00:00 0 
7f2d03e00000-7f2d04000000 rw-p 00000000 00:00 0 
7f2d04000000-7f2d04021000 rw-p 00000000 00:00 0 
7f2d04021000-7f2d08000000 ---p 00000000 00:00 0 
7f2d08000000-7f2d08021000 rw-p 00000000 00:00 0 
7f2d08021000-7f2d0c000000 ---p 00000000 00:00 0 
7f2d0c000000-7f2d0de56000 rw-p 00000000 00:00 0 
7f2d0de56000-7f2d10000000 ---p 00000000 00:00 0 
7f2d10000000-7f2d1079a000 rw-p 00000000 00:00 0 
7f2d1079a000-7f2d14000000 ---p 00000000 00:00 0 
7f2d14000000-7f2d14021000 rw-p 00000000 00:00 0 
7f2d14021000-7f2d18000000 ---p 00000000 00:00 0 
7f2d18000000-7f2d18021000 rw-p 00000000 00:00 0 
7f2d18021000-7f2d1c000000 ---p 00000000 00:00 0 
7f2d1c000000-7f2d1c061000 rw-p 00000000 00:00 0 
7f2d1c061000-7f2d20000000 ---p 00000000 00:00 0 
7f2d20000000-7f2d20021000 rw-p 00000000 00:00 0 
7f2d20021000-7f2d24000000 ---p 00000000 00:00 0 
7f2d24000000-7f2d24021000 rw-p 00000000 00:00 0 
7f2d24021000-7f2d28000000 ---p 00000000 00:00 0 
7f2d2808e000-7f2d280a1000 r--s 00346000 fc:01 1831936                    /usr/lib/jvm/java-8-openjdk-amd64/jre/lib/resources.jar
7f2d280a1000-7f2d280a4000 ---p 00000000 00:00 0 
7f2d280a4000-7f2d283a2000 rw-p 00000000 00:00 0 
7f2d283a2000-7f2d283a4000 r--s 00016000 fc:01 1831922                    /usr/lib/jvm/java-8-openjdk-amd64/jre/lib/jce.jar
7f2d283a4000-7f2d283a9000 r--s 000a3000 fc:01 1831931                    /usr/lib/jvm/java-8-openjdk-amd64/jre/lib/jsse.jar
7f2d283a9000-7f2d283ab000 r--s 0000e000 fc:01 3877358                    /home/dcpowe4/.m2/repository/org/apache/maven/surefire/surefire-junit4/2.16/surefire-junit4-2.16.jar
7f2d283ab000-7f2d283ac000 r--s 00000000 fc:01 3875056                    /home/dcpowe4/.m2/repository/org/jenkins-ci/test-annotations/1.1/test-annotations-1.1.jar
7f2d283ac000-7f2d283ad000 r--s 00000000 fc:01 3875053                    /home/dcpowe4/.m2/repository/org/codehaus/mojo/animal-sniffer-annotations/1.9/animal-sniffer-annotations-1.9.jar
7f2d283ad000-7f2d283af000 r--s 00010000 fc:01 3879567                    /home/dcpowe4/.m2/repository/com/jcraft/jzlib/1.1.3-kohsuke-1/jzlib-1.1.3-kohsuke-1.jar
7f2d283af000-7f2d283b2000 r--s 00006000 fc:01 3879563                    /home/dcpowe4/.m2/repository/com/google/code/findbugs/jsr305/1.3.9/jsr305-1.3.9.jar
7f2d283b2000-7f2d283d2000 r--s 00173000 fc:01 3879561                    /home/dcpowe4/.m2/repository/com/google/guava/guava/11.0.1/guava-11.0.1.jar
7f2d283d2000-7f2d283d3000 r--s 00004000 fc:01 3879548                    /home/dcpowe4/.m2/repository/org/mindrot/jbcrypt/0.3m/jbcrypt-0.3m.jar
7f2d283d3000-7f2d283d5000 r--s 0000f000 fc:01 3628051                    /home/dcpowe4/.m2/repository/commons-fileupload/commons-fileupload/1.3.1-jenkins-1/commons-fileupload-1.3.1-jenkins-1.jar
7f2d283d5000-7f2d283d7000 r--s 00005000 fc:01 3879551                    /home/dcpowe4/.m2/repository/findbugs/annotations/1.0.0/annotations-1.0.0.jar
7f2d283d7000-7f2d283d8000 r--s 00001000 fc:01 3879549                    /home/dcpowe4/.m2/repository/org/kohsuke/access-modifier-annotation/1.4/access-modifier-annotation-1.4.jar
7f2d283d8000-7f2d283df000 r--s 0003a000 fc:01 3879194                    /home/dcpowe4/.m2/repository/commons-codec/commons-codec/1.8/commons-codec-1.8.jar
7f2d283df000-7f2d283e1000 r--s 00000000 fc:01 3879545                    /home/dcpowe4/.m2/repository/org/jvnet/robust-http-client/robust-http-client/1.2/robust-http-client-1.2.jar
7f2d283e1000-7f2d283e2000 r--s 00001000 fc:01 3628049                    /home/dcpowe4/.m2/repository/org/kohsuke/metainf-services/metainf-services/1.4/metainf-services-1.4.jar
7f2d283e2000-7f2d283e9000 r--s 0005b000 fc:01 3879537                    /home/dcpowe4/.m2/repository/org/samba/jcifs/jcifs/1.3.17-kohsuke-1/jcifs-1.3.17-kohsuke-1.jar
7f2d283e9000-7f2d283ec000 r--s 0001a000 fc:01 3879533                    /home/dcpowe4/.m2/repository/org/kohsuke/jinterop/j-interopdeps/2.0.6-kohsuke-1/j-interopdeps-2.0.6-kohsuke-1.jar
7f2d283ec000-7f2d283f2000 r--s 00059000 fc:01 3879531                    /home/dcpowe4/.m2/repository/org/kohsuke/jinterop/j-interop/2.0.6-kohsuke-1/j-interop-2.0.6-kohsuke-1.jar
7f2d283f2000-7f2d283f4000 r--s 00006000 fc:01 3627668                    /home/dcpowe4/.m2/repository/net/java/sezpoz/sezpoz/1.9/sezpoz-1.9.jar
7f2d283f4000-7f2d283f5000 r--s 00001000 fc:01 3879527                    /home/dcpowe4/.m2/repository/com/sun/solaris/embedded_su4j/1.1/embedded_su4j-1.1.jar
7f2d283f5000-7f2d283f8000 r--s 0000d000 fc:01 3879525                    /home/dcpowe4/.m2/repository/org/jvnet/libzfs/libzfs/0.5/libzfs-0.5.jar
7f2d283f8000-7f2d283f9000 r--s 00004000 fc:01 3879521                    /home/dcpowe4/.m2/repository/org/kohsuke/libpam4j/1.8/libpam4j-1.8.jar
7f2d283f9000-7f2d283fa000 r--s 00004000 fc:01 3879513                    /home/dcpowe4/.m2/repository/org/kohsuke/akuma/1.9/akuma-1.9.jar
7f2d283fa000-7f2d283fe000 r--s 000dc000 fc:01 3879511                    /home/dcpowe4/.m2/repository/net/java/dev/jna/jna/4.1.0/jna-4.1.0.jar
7f2d283fe000-7f2d28404000 r--s 0005a000 fc:01 3879510                    /home/dcpowe4/.m2/repository/org/jenkins-ci/jmdns/3.4.0-jenkins-3/jmdns-3.4.0-jenkins-3.jar
7f2d28404000-7f2d28406000 r--s 00005000 fc:01 3879507                    /home/dcpowe4/.m2/repository/stax/stax-api/1.0.1/stax-api-1.0.1.jar
7f2d28406000-7f2d2840c000 r--s 0007a000 fc:01 3879498                    /home/dcpowe4/.m2/repository/org/codehaus/woodstox/wstx-asl/3.2.9/wstx-asl-3.2.9.jar
7f2d2840c000-7f2d2840e000 r--s 00003000 fc:01 3879494                    /home/dcpowe4/.m2/repository/org/jenkins-ci/memory-monitor/1.9/memory-monitor-1.9.jar
7f2d2840e000-7f2d28410000 r--s 00004000 fc:01 3879492                    /home/dcpowe4/.m2/repository/org/jvnet/winp/winp/1.22/winp-1.22.jar
7f2d28410000-7f2d2841e000 r--s 0007f000 fc:01 3627861                    /home/dcpowe4/.m2/repository/commons-collections/commons-collections/3.2.1/commons-collections-3.2.1.jar
7f2d2841e000-7f2d2841f000 r--s 00004000 fc:01 3879490                    /home/dcpowe4/.m2/repository/relaxngDatatype/relaxngDatatype/20020414/relaxngDatatype-20020414.jar
7f2d2841f000-7f2d28421000 r--s 00004000 fc:01 3879486                    /home/dcpowe4/.m2/repository/javax/xml/stream/stax-api/1.0-2/stax-api-1.0-2.jar
7f2d28421000-7f2d28424000 r--s 0000e000 fc:01 3628047                    /home/dcpowe4/.m2/repository/com/sun/xml/txw2/txw2/20110809/txw2-20110809.jar
7f2d28424000-7f2d28426000 r--s 0000e000 fc:01 3879480                    /home/dcpowe4/.m2/repository/commons-logging/commons-logging/1.1.3/commons-logging-1.1.3.jar
7f2d28426000-7f2d28428000 r--s 00003000 fc:01 3879474                    /home/dcpowe4/.m2/repository/javax/servlet/jstl/1.1.0/jstl-1.1.0.jar
7f2d28428000-7f2d2842a000 r--s 00003000 fc:01 3876927                    /home/dcpowe4/.m2/repository/org/powermock/powermock-api-support/1.5.6/powermock-api-support-1.5.6.jar
7f2d2842a000-7f2d2844b000 r--s 00162000 fc:01 3876909                    /home/dcpowe4/.m2/repository/org/mockito/mockito-all/1.9.5/mockito-all-1.9.5.jar
7f2d2844b000-7f2d2844e000 r--s 0000f000 fc:01 3876919                    /home/dcpowe4/.m2/repository/org/powermock/powermock-api-mockito/1.5.6/powermock-api-mockito-1.5.6.jar
7f2d2844e000-7f2d28450000 r--s 00009000 fc:01 3876911                    /home/dcpowe4/.m2/repository/org/powermock/powermock-reflect/1.5.6/powermock-reflect-1.5.6.jar
7f2d28450000-7f2d2845a000 r--s 000a5000 fc:01 3876907                    /home/dcpowe4/.m2/repository/org/javassist/javassist/3.18.2-GA/javassist-3.18.2-GA.jar
7f2d2845a000-7f2d2845d000 r--s 00012000 fc:01 3876903                    /home/dcpowe4/.m2/repository/org/powermock/powermock-core/1.5.6/powermock-core-1.5.6.jar
7f2d2845d000-7f2d2845f000 r--s 00002000 fc:01 3876899                    /home/dcpowe4/.m2/repository/org/powermock/powermock-module-junit4-common/1.5.6/powermock-module-junit4-common-1.5.6.jar
7f2d2845f000-7f2d28460000 r--s 00005000 fc:01 3876898                    /home/dcpowe4/.m2/repository/org/powermock/powermock-module-junit4/1.5.6/powermock-module-junit4-1.5.6.jar
7f2d28460000-7f2d28462000 r--s 00005000 fc:01 3879470                    /home/dcpowe4/.m2/repository/org/objenesis/objenesis/1.0/objenesis-1.0.jar
7f2d28462000-7f2d28481000 r--s 00150000 fc:01 3879466                    /home/dcpowe4/.m2/repository/org/mockito/mockito-core/1.9.5/mockito-core-1.9.5.jar
7f2d28481000-7f2d28483000 r--s 00009000 fc:01 3876921                    /home/dcpowe4/.m2/repository/org/hamcrest/hamcrest-core/1.3/hamcrest-core-1.3.jar
7f2d28483000-7f2d28489000 r--s 00036000 fc:01 3876937                    /home/dcpowe4/.m2/repository/junit/junit/4.11/junit-4.11.jar
7f2d28489000-7f2d2848c000 r--s 0001b000 fc:01 3879462                    /home/dcpowe4/.m2/repository/xpp3/xpp3/1.1.4c/xpp3-1.1.4c.jar
7f2d2848c000-7f2d28494000 r--s 00048000 fc:01 3879458                    /home/dcpowe4/.m2/repository/org/springframework/spring-aop/2.5.6.SEC03/spring-aop-2.5.6.SEC03.jar
7f2d28494000-7f2d2849a000 r--s 00040000 fc:01 3879456                    /home/dcpowe4/.m2/repository/org/springframework/spring-core/2.5.6.SEC03/spring-core-2.5.6.SEC03.jar
7f2d2849a000-7f2d2849f000 r--s 0002b000 fc:01 3879454                    /home/dcpowe4/.m2/repository/org/springframework/spring-web/2.5.6.SEC03/spring-web-2.5.6.SEC03.jar
7f2d2849f000-7f2d284a2000 r--s 00015000 fc:01 3879446                    /home/dcpowe4/.m2/repository/org/springframework/spring-context-support/2.5.6.SEC03/spring-context-support-2.5.6.SEC03.jar
7f2d284a2000-7f2d284ae000 r--s 00069000 fc:01 3879388                    /home/dcpowe4/.m2/repository/org/springframework/spring-context/2.5.6.SEC03/spring-context-2.5.6.SEC03.jar
7f2d284ae000-7f2d284b8000 r--s 0006e000 fc:01 3879444                    /home/dcpowe4/.m2/repository/org/springframework/spring-beans/2.5.6.SEC03/spring-beans-2.5.6.SEC03.jar
7f2d284b8000-7f2d284c1000 r--s 0005a000 fc:01 3879435                    /home/dcpowe4/.m2/repository/org/springframework/spring-webmvc/2.5.6.SEC03/spring-webmvc-2.5.6.SEC03.jar
7f2d284c1000-7f2d284c3000 r--s 0001a000 fc:01 3879431                    /home/dcpowe4/.m2/repository/org/fusesource/jansi/jansi/1.9/jansi-1.9.jar
7f2d284c3000-7f2d284c5000 r--s 00014000 fc:01 3623213                    /home/dcpowe4/.m2/repository/jline/jline/0.9.94/jline-0.9.94.jar
7f2d284c5000-7f2d28523000 r--s 00592000 fc:01 3879429                    /home/dcpowe4/.m2/repository/org/codehaus/groovy/groovy-all/1.8.9/groovy-all-1.8.9.jar
7f2d28523000-7f2d2852b000 r--s 0004f000 fc:01 3875745                    /home/dcpowe4/.m2/repository/log4j/log4j/1.2.9/log4j-1.2.9.jar
7f2d2852b000-7f2d2852d000 r--s 0000e000 fc:01 3627858                    /home/dcpowe4/.m2/repository/oro/oro/2.0.8/oro-2.0.8.jar
7f2d2852d000-7f2d28531000 r--s 00014000 fc:01 3879425                    /home/dcpowe4/.m2/repository/org/springframework/spring-dao/1.2.9/spring-dao-1.2.9.jar
7f2d28531000-7f2d28536000 r--s 00029000 fc:01 3879419                    /home/dcpowe4/.m2/repository/org/springframework/spring-jdbc/1.2.9/spring-jdbc-1.2.9.jar
7f2d28536000-7f2d28543000 r--s 00079000 fc:01 3879417                    /home/dcpowe4/.m2/repository/org/acegisecurity/acegi-security/1.0.7/acegi-security-1.0.7.jar
7f2d28543000-7f2d28547000 r--s 0001f000 fc:01 3879411                    /home/dcpowe4/.m2/repository/org/jenkins-ci/commons-jexl/1.1-jenkins-20111212/commons-jexl-1.1-jenkins-20111212.jar
7f2d28547000-7f2d28549000 r--s 00004000 fc:01 3879409                    /home/dcpowe4/.m2/repository/org/jvnet/hudson/commons-jelly-tags-define/1.0.1-hudson-20071021/commons-jelly-tags-define-1.0.1-hudson-20071021.jar
7f2d28549000-7f2d2854b000 r--s 00008000 fc:01 3879407                    /home/dcpowe4/.m2/repository/commons-jelly/commons-jelly-tags-xml/1.1/commons-jelly-tags-xml-1.1.jar
7f2d2854b000-7f2d2854c000 r--s 00005000 fc:01 3879399                    /home/dcpowe4/.m2/repository/commons-jelly/commons-jelly-tags-fmt/1.0/commons-jelly-tags-fmt-1.0.jar
7f2d2854c000-7f2d28552000 r--s 00035000 fc:01 3879396                    /home/dcpowe4/.m2/repository/jaxen/jaxen/1.1-beta-11/jaxen-1.1-beta-11.jar
7f2d28552000-7f2d28554000 r--s 00010000 fc:01 3879391                    /home/dcpowe4/.m2/repository/org/jvnet/hudson/activation/1.1.1-hudson-1/activation-1.1.1-hudson-1.jar
7f2d28554000-7f2d2855b000 r--s 00072000 fc:01 3879389                    /home/dcpowe4/.m2/repository/javax/mail/mail/1.4.4/mail-1.4.4.jar
7f2d2855b000-7f2d28562000 r--s 00056000 fc:01 3879387                    /home/dcpowe4/.m2/repository/org/apache/commons/commons-compress/1.9/commons-compress-1.9.jar
7f2d28562000-7f2d28567000 r--s 00034000 fc:01 3879381                    /home/dcpowe4/.m2/repository/commons-beanutils/commons-beanutils/1.8.3/commons-beanutils-1.8.3.jar
7f2d28567000-7f2d2856d000 r--s 0002b000 fc:01 3879377                    /home/dcpowe4/.m2/repository/commons-digester/commons-digester/2.1/commons-digester-2.1.jar
7f2d2856d000-7f2d28572000 r--s 00041000 fc:01 3627857                    /home/dcpowe4/.m2/repository/commons-lang/commons-lang/2.6/commons-lang-2.6.jar
7f2d28572000-7f2d28576000 r--s 0002a000 fc:01 3879375                    /home/dcpowe4/.m2/repository/commons-io/commons-io/2.4/commons-io-2.4.jar
7f2d28576000-7f2d28578000 r--s 00016000 fc:01 3875749                    /home/dcpowe4/.m2/repository/javax/servlet/servlet-api/2.4/servlet-api-2.4.jar
7f2d28578000-7f2d28579000 r--s 00004000 fc:01 3879370                    /home/dcpowe4/.m2/repository/org/apache/ant/ant-launcher/1.8.4/ant-launcher-1.8.4.jar
7f2d28579000-7f2d28597000 r--s 001bd000 fc:01 3879366                    /home/dcpowe4/.m2/repository/org/apache/ant/ant/1.8.4/ant-1.8.4.jar
7f2d28597000-7f2d2859d000 r--s 00046000 fc:01 3879364                    /home/dcpowe4/.m2/repository/jfree/jcommon/1.0.12/jcommon-1.0.12.jar
7f2d2859d000-7f2d285ac000 r--s 0012d000 fc:01 3879362                    /home/dcpowe4/.m2/repository/jfree/jfreechart/1.0.9/jfreechart-1.0.9.jar
7f2d285ac000-7f2d285ba000 r--s 00075000 fc:01 3879358                    /home/dcpowe4/.m2/repository/org/jvnet/hudson/xstream/1.4.7-jenkins-1/xstream-1.4.7-jenkins-1.jar
7f2d285ba000-7f2d285c0000 r--s 00067000 fc:01 3628045                    /home/dcpowe4/.m2/repository/antlr/antlr/2.7.6/antlr-2.7.6.jar
7f2d285c0000-7f2d285c1000 r--s 00001000 fc:01 3627982                    /home/dcpowe4/.m2/repository/org/jvnet/localizer/localizer/1.23/localizer-1.23.jar
7f2d285c1000-7f2d285c2000 r--s 00004000 fc:01 3879352                    /home/dcpowe4/.m2/repository/org/jenkins-ci/task-reactor/1.4/task-reactor-1.4.jar
7f2d285c2000-7f2d285c7000 r--s 00058000 fc:01 3879350                    /home/dcpowe4/.m2/repository/org/kohsuke/asm5/5.0.1/asm5-5.0.1.jar
7f2d285c7000-7f2d285c9000 r--s 00005000 fc:01 3879348                    /home/dcpowe4/.m2/repository/org/jenkins-ci/bytecode-compatibility-transformer/1.5/bytecode-compatibility-transformer-1.5.jar
7f2d285c9000-7f2d285ca000 r--s 00003000 fc:01 3879346                    /home/dcpowe4/.m2/repository/org/jenkins-ci/annotation-indexer/1.7/annotation-indexer-1.7.jar
7f2d285ca000-7f2d285cd000 r--s 00013000 fc:01 3879334                    /home/dcpowe4/.m2/repository/args4j/args4j/2.0.31/args4j-2.0.31.jar
7f2d285cd000-7f2d285d3000 r--s 00045000 fc:01 3879332                    /home/dcpowe4/.m2/repository/commons-httpclient/commons-httpclient/3.1/commons-httpclient-3.1.jar
7f2d285d3000-7f2d285d6000 r--s 00013000 fc:01 3879330                    /home/dcpowe4/.m2/repository/net/sf/ezmorph/ezmorph/1.0.6/ezmorph-1.0.6.jar
7f2d285d6000-7f2d285d9000 r--s 00020000 fc:01 3879326                    /home/dcpowe4/.m2/repository/org/kohsuke/stapler/json-lib/2.4-jenkins-2/json-lib-2.4-jenkins-2.jar
7f2d285d9000-7f2d285da000 r--s 00000000 fc:01 3879320                    /home/dcpowe4/.m2/repository/com/infradna/tool/bridge-method-annotation/1.13/bridge-method-annotation-1.13.jar
7f2d285da000-7f2d285dd000 r--s 0002d000 fc:01 3879314                    /home/dcpowe4/.m2/repository/org/kohsuke/stapler/stapler-adjunct-timeline/1.4/stapler-adjunct-timeline-1.4-tests.jar
7f2d285dd000-7f2d285e3000 r--s 0003e000 fc:01 3879313                    /home/dcpowe4/.m2/repository/org/kohsuke/stapler/stapler-adjunct-codemirror/1.3/stapler-adjunct-codemirror-1.3.jar
7f2d285e3000-7f2d285e7000 r--s 00025000 fc:01 3879307                    /home/dcpowe4/.m2/repository/org/kohsuke/stapler/stapler-adjunct-timeline/1.4/stapler-adjunct-timeline-1.4.jar
7f2d285e7000-7f2d285e8000 r--s 00004000 fc:01 3879303                    /home/dcpowe4/.m2/repository/org/kohsuke/stapler/stapler-adjunct-zeroclipboard/1.3.5-1/stapler-adjunct-zeroclipboard-1.3.5-1.jar
7f2d285e8000-7f2d285ea000 r--s 00000000 fc:01 3879301                    /home/dcpowe4/.m2/repository/org/kohsuke/windows-package-checker/1.0/windows-package-checker-1.0.jar
7f2d285ea000-7f2d285ec000 r--s 00003000 fc:01 3628043                    /home/dcpowe4/.m2/repository/org/jvnet/tiger-types/1.3/tiger-types-1.3.jar
7f2d285ec000-7f2d285ef000 r--s 00010000 fc:01 3620541                    /home/dcpowe4/.m2/repository/commons-discovery/commons-discovery/0.4/commons-discovery-0.4.jar
7f2d285ef000-7f2d285f1000 r--s 00005000 fc:01 3879295                    /home/dcpowe4/.m2/repository/javax/annotation/javax.annotation-api/1.2/javax.annotation-api-1.2.jar
7f2d285f1000-7f2d285f8000 r--s 0004f000 fc:01 3628041                    /home/dcpowe4/.m2/repository/org/kohsuke/stapler/stapler/1.236/stapler-1.236.jar
7f2d285f8000-7f2d285f9000 r--s 00001000 fc:01 3879202                    /home/dcpowe4/.m2/repository/org/kohsuke/stapler/stapler-jrebel/1.236/stapler-jrebel-1.236.jar
7f2d285f9000-7f2d285fe000 r--s 0003a000 fc:01 3879291                    /home/dcpowe4/.m2/repository/org/jenkins-ci/dom4j/dom4j/1.6.1-jenkins-4/dom4j-1.6.1-jenkins-4.jar
7f2d285fe000-7f2d28602000 r--s 00026000 fc:01 3879283                    /home/dcpowe4/.m2/repository/org/jenkins-ci/commons-jelly/1.1-jenkins-20120928/commons-jelly-1.1-jenkins-20120928.jar
7f2d28602000-7f2d28605000 r--s 00013000 fc:01 3879282                    /home/dcpowe4/.m2/repository/org/kohsuke/stapler/stapler-jelly/1.236/stapler-jelly-1.236.jar
7f2d28605000-7f2d28607000 r--s 00007000 fc:01 3879280                    /home/dcpowe4/.m2/repository/org/kohsuke/stapler/stapler-groovy/1.236/stapler-groovy-1.236.jar
7f2d28607000-7f2d2860c000 r--s 0003c000 fc:01 3879272                    /home/dcpowe4/.m2/repository/org/jenkins-ci/trilead-ssh2/build217-jenkins-8/trilead-ssh2-build217-jenkins-8.jar
7f2d2860c000-7f2d2860d000 r--s 00001000 fc:01 3879268                    /home/dcpowe4/.m2/repository/org/kohsuke/trilead-putty-extension/1.2/trilead-putty-extension-1.2.jar
7f2d2860d000-7f2d28612000 r--s 00048000 fc:01 3879266                    /home/dcpowe4/.m2/repository/com/github/jnr/jnr-constants/0.8.5/jnr-constants-0.8.5.jar
7f2d28612000-7f2d28615000 r--s 00033000 fc:01 3879264                    /home/dcpowe4/.m2/repository/com/github/jnr/jnr-x86asm/1.0.2/jnr-x86asm-1.0.2.jar
7f2d28615000-7f2d28617000 r--s 00008000 fc:01 3879261                    /home/dcpowe4/.m2/repository/org/ow2/asm/asm-util/4.0/asm-util-4.0.jar
7f2d28617000-7f2d28619000 r--s 00004000 fc:01 3879253                    /home/dcpowe4/.m2/repository/org/ow2/asm/asm-tree/4.0/asm-tree-4.0.jar
7f2d28619000-7f2d2861a000 r--s 00004000 fc:01 3879251                    /home/dcpowe4/.m2/repository/org/ow2/asm/asm-analysis/4.0/asm-analysis-4.0.jar
7f2d2861a000-7f2d2861c000 r--s 00008000 fc:01 3879245                    /home/dcpowe4/.m2/repository/org/ow2/asm/asm-commons/4.0/asm-commons-4.0.jar
7f2d2861c000-7f2d2861e000 r--s 0000a000 fc:01 3879243                    /home/dcpowe4/.m2/repository/org/ow2/asm/asm/4.0/asm-4.0.jar
7f2d2861e000-7f2d28620000 r--s 0005d000 fc:01 3879239                    /home/dcpowe4/.m2/repository/com/github/jnr/jffi/1.2.7/jffi-1.2.7-native.jar
7f2d28620000-7f2d28624000 r--s 00020000 fc:01 3879233                    /home/dcpowe4/.m2/repository/com/github/jnr/jffi/1.2.7/jffi-1.2.7.jar
7f2d28624000-7f2d28634000 r--s 0008e000 fc:01 3879198                    /home/dcpowe4/.m2/repository/com/github/jnr/jnr-ffi/1.0.7/jnr-ffi-1.0.7.jar
7f2d28634000-7f2d28638000 r--s 00023000 fc:01 3879227                    /home/dcpowe4/.m2/repository/com/github/jnr/jnr-posix/3.0.1/jnr-posix-3.0.1.jar
7f2d28638000-7f2d2863b000 r--s 00014000 fc:01 3879223                    /home/dcpowe4/.m2/repository/org/jruby/ext/posix/jna-posix/1.0.3-jenkins-1/jna-posix-1.0.3-jenkins-1.jar
7f2d2863b000-7f2d2863d000 r--s 00000000 fc:01 3879220                    /home/dcpowe4/.m2/repository/aopalliance/aopalliance/1.0/aopalliance-1.0.jar
7f2d2863d000-7f2d2863e000 r--s 00000000 fc:01 3879218                    /home/dcpowe4/.m2/repository/javax/inject/javax.inject/1/javax.inject-1.jar
7f2d2863e000-7f2d2865e000 r--s 0014c000 fc:01 3879214                    /home/dcpowe4/.m2/repository/com/google/inject/guice/4.0-beta/guice-4.0-beta.jar
7f2d2865e000-7f2d2865f000 r--s 00000000 fc:01 3879200                    /home/dcpowe4/.m2/repository/org/jenkins-ci/core-annotation-processors/1.0/core-annotation-processors-1.0.jar
7f2d2865f000-7f2d28662000 r--s 0001c000 fc:01 3879196                    /home/dcpowe4/.m2/repository/org/jvnet/hudson/jtidy/4aug2000r7-dev-hudson-1/jtidy-4aug2000r7-dev-hudson-1.jar
7f2d28662000-7f2d28664000 r--s 00000000 fc:01 3879192                    /home/dcpowe4/.m2/repository/org/jenkins-ci/crypto-util/1.1/crypto-util-1.1.jar
7f2d28664000-7f2d28665000 r--s 00002000 fc:01 3879204                    /home/dcpowe4/.m2/repository/org/jenkins-ci/version-number/1.1/version-number-1.1.jar
7f2d28665000-7f2d28667000 r--s 00008000 fc:01 3877427                    /home/dcpowe4/MP3/mp3/jenkins/cli/target/cli-1.610-SNAPSHOT.jar
7f2d28667000-7f2d28668000 r--s 00003000 fc:01 3876901                    /home/dcpowe4/.m2/repository/org/jenkins-ci/constant-pool-scanner/1.2/constant-pool-scanner-1.2.jar
7f2d28668000-7f2d28671000 r--s 0006c000 fc:01 3876941                    /home/dcpowe4/.m2/repository/org/jenkins-ci/main/remoting/2.50/remoting-2.50.jar
7f2d28671000-7f2d28673000 r--s 00003000 fc:01 3879188                    /home/dcpowe4/.m2/repository/org/jenkins-ci/plugins/icon-shim/icon-set/1.0.5/icon-set-1.0.5.jar
7f2d28673000-7f2d28677000 r--s 00021000 fc:01 3877326                    /home/dcpowe4/.m2/repository/org/apache/maven/surefire/surefire-api/2.16/surefire-api-2.16.jar
7f2d28677000-7f2d2b678000 rw-p 00000000 00:00 0 
7f2d2b678000-7f2d2b68f000 r-xp 00000000 fc:01 1828927                    /usr/lib/jvm/java-8-openjdk-amd64/jre/lib/amd64/libnet.so
7f2d2b68f000-7f2d2b88e000 ---p 00017000 fc:01 1828927                    /usr/lib/jvm/java-8-openjdk-amd64/jre/lib/amd64/libnet.so
7f2d2b88e000-7f2d2b88f000 r--p 00016000 fc:01 1828927                    /usr/lib/jvm/java-8-openjdk-amd64/jre/lib/amd64/libnet.so
7f2d2b88f000-7f2d2b890000 rw-p 00017000 fc:01 1828927                    /usr/lib/jvm/java-8-openjdk-amd64/jre/lib/amd64/libnet.so
7f2d2b890000-7f2d2b8a1000 r-xp 00000000 fc:01 1828929                    /usr/lib/jvm/java-8-openjdk-amd64/jre/lib/amd64/libnio.so
7f2d2b8a1000-7f2d2baa1000 ---p 00011000 fc:01 1828929                    /usr/lib/jvm/java-8-openjdk-amd64/jre/lib/amd64/libnio.so
7f2d2baa1000-7f2d2baa2000 r--p 00011000 fc:01 1828929                    /usr/lib/jvm/java-8-openjdk-amd64/jre/lib/amd64/libnio.so
7f2d2baa2000-7f2d2baa3000 rw-p 00012000 fc:01 1828929                    /usr/lib/jvm/java-8-openjdk-amd64/jre/lib/amd64/libnio.so
7f2d2baa3000-7f2d2baa5000 r--s 00008000 fc:01 3877322                    /home/dcpowe4/.m2/repository/org/apache/maven/surefire/surefire-booter/2.16/surefire-booter-2.16.jar
7f2d2baa5000-7f2d2bac0000 r--s 001d6000 fc:01 1829726                    /usr/lib/jvm/java-8-openjdk-amd64/jre/lib/ext/nashorn.jar
7f2d2bac0000-7f2d2baca000 r--s 00116000 fc:01 1829725                    /usr/lib/jvm/java-8-openjdk-amd64/jre/lib/ext/localedata.jar
7f2d2baca000-7f2d2bacb000 ---p 00000000 00:00 0 
7f2d2bacb000-7f2d2bbcb000 rw-p 00000000 00:00 0 
7f2d2bbcb000-7f2d2bbce000 ---p 00000000 00:00 0 
7f2d2bbce000-7f2d2bccc000 rw-p 00000000 00:00 0 
7f2d2bccc000-7f2d2bccd000 ---p 00000000 00:00 0 
7f2d2bccd000-7f2d2bcd0000 ---p 00000000 00:00 0 
7f2d2bcd0000-7f2d2bdcd000 rw-p 00000000 00:00 0 
7f2d2bdcd000-7f2d2bdce000 ---p 00000000 00:00 0 
7f2d2bdce000-7f2d2bdd1000 ---p 00000000 00:00 0 
7f2d2bdd1000-7f2d2bece000 rw-p 00000000 00:00 0 
7f2d2bece000-7f2d2bed1000 ---p 00000000 00:00 0 
7f2d2bed1000-7f2d2bfcf000 rw-p 00000000 00:00 0 
7f2d2bfcf000-7f2d2c000000 r--p 00000000 fc:01 7809                       /usr/lib/locale/C.UTF-8/LC_CTYPE
7f2d2c000000-7f2d2c026000 rw-p 00000000 00:00 0 
7f2d2c026000-7f2d30000000 ---p 00000000 00:00 0 
7f2d30000000-7f2d30001000 r--s 00003000 fc:01 4140081                    /home/dcpowe4/MP3/mp3/jenkins/core/target/surefire/surefirebooter6037747964369532729.jar
7f2d30001000-7f2d30004000 r--s 0000f000 fc:01 1829723                    /usr/lib/jvm/java-8-openjdk-amd64/jre/lib/ext/icedtea-sound.jar
7f2d30004000-7f2d30008000 r--s 0003a000 fc:01 1829729                    /usr/lib/jvm/java-8-openjdk-amd64/jre/lib/ext/sunpkcs11.jar
7f2d30008000-7f2d3000d000 r--s 0003d000 fc:01 1829728                    /usr/lib/jvm/java-8-openjdk-amd64/jre/lib/ext/sunjce_provider.jar
7f2d3000d000-7f2d3000e000 r--s 0000a000 fc:01 1829724                    /usr/lib/jvm/java-8-openjdk-amd64/jre/lib/ext/jaccess.jar
7f2d3000e000-7f2d30181000 r--p 00000000 fc:01 7808                       /usr/lib/locale/C.UTF-8/LC_COLLATE
7f2d30181000-7f2d3031c000 r--p 00000000 fc:01 7803                       /usr/lib/locale/locale-archive
7f2d3031c000-7f2d3031f000 ---p 00000000 00:00 0 
7f2d3031f000-7f2d3041d000 rw-p 00000000 00:00 0 
7f2d3041d000-7f2d30420000 ---p 00000000 00:00 0 
7f2d30420000-7f2d3051e000 rw-p 00000000 00:00 0 
7f2d3051e000-7f2d3051f000 ---p 00000000 00:00 0 
7f2d3051f000-7f2d30f28000 rw-p 00000000 00:00 0 
7f2d30f28000-7f2d310f8000 r--s 03c5f000 fc:01 1831937                    /usr/lib/jvm/java-8-openjdk-amd64/jre/lib/rt.jar
7f2d310f8000-7f2d339c6000 rw-p 00000000 00:00 0 
7f2d339c6000-7f2d339c7000 ---p 00000000 00:00 0 
7f2d339c7000-7f2d33ac7000 rw-p 00000000 00:00 0 
7f2d33ac7000-7f2d33ac8000 ---p 00000000 00:00 0 
7f2d33ac8000-7f2d33bef000 rw-p 00000000 00:00 0 
7f2d33bef000-7f2d33d11000 ---p 00000000 00:00 0 
7f2d33d11000-7f2d33db3000 rw-p 00000000 00:00 0 
7f2d33db3000-7f2d33db6000 ---p 00000000 00:00 0 
7f2d33db6000-7f2d33df1000 rw-p 00000000 00:00 0 
7f2d33df1000-7f2d34177000 ---p 00000000 00:00 0 
7f2d34177000-7f2d34fd7000 rwxp 00000000 00:00 0 
7f2d34fd7000-7f2d43177000 ---p 00000000 00:00 0 
7f2d43177000-7f2d4317f000 r-xp 00000000 fc:01 1828937                    /usr/lib/jvm/java-8-openjdk-amd64/jre/lib/amd64/libzip.so
7f2d4317f000-7f2d4337e000 ---p 00008000 fc:01 1828937                    /usr/lib/jvm/java-8-openjdk-amd64/jre/lib/amd64/libzip.so
7f2d4337e000-7f2d4337f000 r--p 00007000 fc:01 1828937                    /usr/lib/jvm/java-8-openjdk-amd64/jre/lib/amd64/libzip.so
7f2d4337f000-7f2d43380000 rw-p 00008000 fc:01 1828937                    /usr/lib/jvm/java-8-openjdk-amd64/jre/lib/amd64/libzip.so
7f2d43380000-7f2d4338b000 r-xp 00000000 fc:01 2095                       /lib/x86_64-linux-gnu/libnss_files-2.27.so
7f2d4338b000-7f2d4358a000 ---p 0000b000 fc:01 2095                       /lib/x86_64-linux-gnu/libnss_files-2.27.so
7f2d4358a000-7f2d4358b000 r--p 0000a000 fc:01 2095                       /lib/x86_64-linux-gnu/libnss_files-2.27.so
7f2d4358b000-7f2d4358c000 rw-p 0000b000 fc:01 2095                       /lib/x86_64-linux-gnu/libnss_files-2.27.so
7f2d4358c000-7f2d43592000 rw-p 00000000 00:00 0 
7f2d43592000-7f2d435a9000 r-xp 00000000 fc:01 2092                       /lib/x86_64-linux-gnu/libnsl-2.27.so
7f2d435a9000-7f2d437a8000 ---p 00017000 fc:01 2092                       /lib/x86_64-linux-gnu/libnsl-2.27.so
7f2d437a8000-7f2d437a9000 r--p 00016000 fc:01 2092                       /lib/x86_64-linux-gnu/libnsl-2.27.so
7f2d437a9000-7f2d437aa000 rw-p 00017000 fc:01 2092                       /lib/x86_64-linux-gnu/libnsl-2.27.so
7f2d437aa000-7f2d437ac000 rw-p 00000000 00:00 0 
7f2d437ac000-7f2d437b7000 r-xp 00000000 fc:01 2097                       /lib/x86_64-linux-gnu/libnss_nis-2.27.so
7f2d437b7000-7f2d439b6000 ---p 0000b000 fc:01 2097                       /lib/x86_64-linux-gnu/libnss_nis-2.27.so
7f2d439b6000-7f2d439b7000 r--p 0000a000 fc:01 2097                       /lib/x86_64-linux-gnu/libnss_nis-2.27.so
7f2d439b7000-7f2d439b8000 rw-p 0000b000 fc:01 2097                       /lib/x86_64-linux-gnu/libnss_nis-2.27.so
7f2d439b8000-7f2d439c0000 r-xp 00000000 fc:01 2093                       /lib/x86_64-linux-gnu/libnss_compat-2.27.so
7f2d439c0000-7f2d43bc0000 ---p 00008000 fc:01 2093                       /lib/x86_64-linux-gnu/libnss_compat-2.27.so
7f2d43bc0000-7f2d43bc1000 r--p 00008000 fc:01 2093                       /lib/x86_64-linux-gnu/libnss_compat-2.27.so
7f2d43bc1000-7f2d43bc2000 rw-p 00009000 fc:01 2093                       /lib/x86_64-linux-gnu/libnss_compat-2.27.so
7f2d43bc2000-7f2d43bec000 r-xp 00000000 fc:01 1828915                    /usr/lib/jvm/java-8-openjdk-amd64/jre/lib/amd64/libjava.so
7f2d43bec000-7f2d43deb000 ---p 0002a000 fc:01 1828915                    /usr/lib/jvm/java-8-openjdk-amd64/jre/lib/amd64/libjava.so
7f2d43deb000-7f2d43dec000 r--p 00029000 fc:01 1828915                    /usr/lib/jvm/java-8-openjdk-amd64/jre/lib/amd64/libjava.so
7f2d43dec000-7f2d43dee000 rw-p 0002a000 fc:01 1828915                    /usr/lib/jvm/java-8-openjdk-amd64/jre/lib/amd64/libjava.so
7f2d43dee000-7f2d43dfe000 r-xp 00000000 fc:01 1828936                    /usr/lib/jvm/java-8-openjdk-amd64/jre/lib/amd64/libverify.so
7f2d43dfe000-7f2d43ffd000 ---p 00010000 fc:01 1828936                    /usr/lib/jvm/java-8-openjdk-amd64/jre/lib/amd64/libverify.so
7f2d43ffd000-7f2d43fff000 r--p 0000f000 fc:01 1828936                    /usr/lib/jvm/java-8-openjdk-amd64/jre/lib/amd64/libverify.so
7f2d43fff000-7f2d44000000 rw-p 00011000 fc:01 1828936                    /usr/lib/jvm/java-8-openjdk-amd64/jre/lib/amd64/libverify.so
7f2d44000000-7f2d44fe9000 rw-p 00000000 00:00 0 
7f2d44fe9000-7f2d48000000 ---p 00000000 00:00 0 
7f2d48000000-7f2d48002000 r--s 00007000 fc:01 76117                      /usr/share/java/java-atk-wrapper.jar
7f2d48002000-7f2d48004000 r--s 00001000 fc:01 1829239                    /usr/lib/jvm/java-8-openjdk-amd64/jre/lib/ext/dnsns.jar
7f2d48004000-7f2d4801f000 r--s 00394000 fc:01 1828949                    /usr/lib/jvm/java-8-openjdk-amd64/jre/lib/ext/cldrdata.jar
7f2d4801f000-7f2d48026000 r--s 00000000 fc:01 5022                       /usr/lib/x86_64-linux-gnu/gconv/gconv-modules.cache
7f2d48026000-7f2d4809b000 rw-p 00000000 00:00 0 
7f2d4809b000-7f2d481be000 ---p 00000000 00:00 0 
7f2d481be000-7f2d481c5000 r-xp 00000000 fc:01 2183                       /lib/x86_64-linux-gnu/librt-2.27.so
7f2d481c5000-7f2d483c4000 ---p 00007000 fc:01 2183                       /lib/x86_64-linux-gnu/librt-2.27.so
7f2d483c4000-7f2d483c5000 r--p 00006000 fc:01 2183                       /lib/x86_64-linux-gnu/librt-2.27.so
7f2d483c5000-7f2d483c6000 rw-p 00007000 fc:01 2183                       /lib/x86_64-linux-gnu/librt-2.27.so
7f2d483c6000-7f2d483dd000 r-xp 00000000 fc:01 105                        /lib/x86_64-linux-gnu/libgcc_s.so.1
7f2d483dd000-7f2d485dc000 ---p 00017000 fc:01 105                        /lib/x86_64-linux-gnu/libgcc_s.so.1
7f2d485dc000-7f2d485dd000 r--p 00016000 fc:01 105                        /lib/x86_64-linux-gnu/libgcc_s.so.1
7f2d485dd000-7f2d485de000 rw-p 00017000 fc:01 105                        /lib/x86_64-linux-gnu/libgcc_s.so.1
7f2d485de000-7f2d4877b000 r-xp 00000000 fc:01 2089                       /lib/x86_64-linux-gnu/libm-2.27.so
7f2d4877b000-7f2d4897a000 ---p 0019d000 fc:01 2089                       /lib/x86_64-linux-gnu/libm-2.27.so
7f2d4897a000-7f2d4897b000 r--p 0019c000 fc:01 2089                       /lib/x86_64-linux-gnu/libm-2.27.so
7f2d4897b000-7f2d4897c000 rw-p 0019d000 fc:01 2089                       /lib/x86_64-linux-gnu/libm-2.27.so
7f2d4897c000-7f2d48af5000 r-xp 00000000 fc:01 315                        /usr/lib/x86_64-linux-gnu/libstdc++.so.6.0.25
7f2d48af5000-7f2d48cf5000 ---p 00179000 fc:01 315                        /usr/lib/x86_64-linux-gnu/libstdc++.so.6.0.25
7f2d48cf5000-7f2d48cff000 r--p 00179000 fc:01 315                        /usr/lib/x86_64-linux-gnu/libstdc++.so.6.0.25
7f2d48cff000-7f2d48d01000 rw-p 00183000 fc:01 315                        /usr/lib/x86_64-linux-gnu/libstdc++.so.6.0.25
7f2d48d01000-7f2d48d05000 rw-p 00000000 00:00 0 
7f2d48d05000-7f2d499a7000 r-xp 00000000 fc:01 1828939                    /usr/lib/jvm/java-8-openjdk-amd64/jre/lib/amd64/server/libjvm.so
7f2d499a7000-7f2d49ba6000 ---p 00ca2000 fc:01 1828939                    /usr/lib/jvm/java-8-openjdk-amd64/jre/lib/amd64/server/libjvm.so
7f2d49ba6000-7f2d49c3a000 r--p 00ca1000 fc:01 1828939                    /usr/lib/jvm/java-8-openjdk-amd64/jre/lib/amd64/server/libjvm.so
7f2d49c3a000-7f2d49c63000 rw-p 00d35000 fc:01 1828939                    /usr/lib/jvm/java-8-openjdk-amd64/jre/lib/amd64/server/libjvm.so
7f2d49c63000-7f2d49c93000 rw-p 00000000 00:00 0 
7f2d49c93000-7f2d49cad000 r-xp 00000000 fc:01 2181                       /lib/x86_64-linux-gnu/libpthread-2.27.so
7f2d49cad000-7f2d49eac000 ---p 0001a000 fc:01 2181                       /lib/x86_64-linux-gnu/libpthread-2.27.so
7f2d49eac000-7f2d49ead000 r--p 00019000 fc:01 2181                       /lib/x86_64-linux-gnu/libpthread-2.27.so
7f2d49ead000-7f2d49eae000 rw-p 0001a000 fc:01 2181                       /lib/x86_64-linux-gnu/libpthread-2.27.so
7f2d49eae000-7f2d49eb2000 rw-p 00000000 00:00 0 
7f2d49eb2000-7f2d49eb5000 r-xp 00000000 fc:01 2088                       /lib/x86_64-linux-gnu/libdl-2.27.so
7f2d49eb5000-7f2d4a0b4000 ---p 00003000 fc:01 2088                       /lib/x86_64-linux-gnu/libdl-2.27.so
7f2d4a0b4000-7f2d4a0b5000 r--p 00002000 fc:01 2088                       /lib/x86_64-linux-gnu/libdl-2.27.so
7f2d4a0b5000-7f2d4a0b6000 rw-p 00003000 fc:01 2088                       /lib/x86_64-linux-gnu/libdl-2.27.so
7f2d4a0b6000-7f2d4a0d2000 r-xp 00000000 fc:01 2187                       /lib/x86_64-linux-gnu/libz.so.1.2.11
7f2d4a0d2000-7f2d4a2d1000 ---p 0001c000 fc:01 2187                       /lib/x86_64-linux-gnu/libz.so.1.2.11
7f2d4a2d1000-7f2d4a2d2000 r--p 0001b000 fc:01 2187                       /lib/x86_64-linux-gnu/libz.so.1.2.11
7f2d4a2d2000-7f2d4a2d3000 rw-p 0001c000 fc:01 2187                       /lib/x86_64-linux-gnu/libz.so.1.2.11
7f2d4a2d3000-7f2d4a4ba000 r-xp 00000000 fc:01 2085                       /lib/x86_64-linux-gnu/libc-2.27.so
7f2d4a4ba000-7f2d4a6ba000 ---p 001e7000 fc:01 2085                       /lib/x86_64-linux-gnu/libc-2.27.so
7f2d4a6ba000-7f2d4a6be000 r--p 001e7000 fc:01 2085                       /lib/x86_64-linux-gnu/libc-2.27.so
7f2d4a6be000-7f2d4a6c0000 rw-p 001eb000 fc:01 2085                       /lib/x86_64-linux-gnu/libc-2.27.so
7f2d4a6c0000-7f2d4a6c4000 rw-p 00000000 00:00 0 
7f2d4a6c4000-7f2d4a6d2000 r-xp 00000000 fc:01 1828899                    /usr/lib/jvm/java-8-openjdk-amd64/jre/lib/amd64/jli/libjli.so
7f2d4a6d2000-7f2d4a8d1000 ---p 0000e000 fc:01 1828899                    /usr/lib/jvm/java-8-openjdk-amd64/jre/lib/amd64/jli/libjli.so
7f2d4a8d1000-7f2d4a8d2000 r--p 0000d000 fc:01 1828899                    /usr/lib/jvm/java-8-openjdk-amd64/jre/lib/amd64/jli/libjli.so
7f2d4a8d2000-7f2d4a8d3000 rw-p 0000e000 fc:01 1828899                    /usr/lib/jvm/java-8-openjdk-amd64/jre/lib/amd64/jli/libjli.so
7f2d4a8d3000-7f2d4a8fa000 r-xp 00000000 fc:01 2081                       /lib/x86_64-linux-gnu/ld-2.27.so
7f2d4a8fa000-7f2d4a8fb000 r--s 00010000 fc:01 1829730                    /usr/lib/jvm/java-8-openjdk-amd64/jre/lib/ext/zipfs.jar
7f2d4a8fb000-7f2d4a8fc000 r--s 0000d000 fc:01 1829727                    /usr/lib/jvm/java-8-openjdk-amd64/jre/lib/ext/sunec.jar
7f2d4a8fc000-7f2d4a8fd000 r--p 00000000 fc:01 7814                       /usr/lib/locale/C.UTF-8/LC_NUMERIC
7f2d4a8fd000-7f2d4a8fe000 r--p 00000000 fc:01 7817                       /usr/lib/locale/C.UTF-8/LC_TIME
7f2d4a8fe000-7f2d4a8ff000 r--p 00000000 fc:01 7812                       /usr/lib/locale/C.UTF-8/LC_MONETARY
7f2d4a8ff000-7f2d4a9d0000 rw-p 00000000 00:00 0 
7f2d4a9d0000-7f2d4a9d1000 ---p 00000000 00:00 0 
7f2d4a9d1000-7f2d4a9d4000 ---p 00000000 00:00 0 
7f2d4a9d4000-7f2d4aad3000 rw-p 00000000 00:00 0 
7f2d4aad3000-7f2d4aad4000 r--p 00000000 fc:01 7806                       /usr/lib/locale/C.UTF-8/LC_MESSAGES/SYS_LC_MESSAGES
7f2d4aad4000-7f2d4aad5000 r--p 00000000 fc:01 7815                       /usr/lib/locale/C.UTF-8/LC_PAPER
7f2d4aad5000-7f2d4aad6000 r--p 00000000 fc:01 7813                       /usr/lib/locale/C.UTF-8/LC_NAME
7f2d4aad6000-7f2d4aad7000 r--p 00000000 fc:01 7807                       /usr/lib/locale/C.UTF-8/LC_ADDRESS
7f2d4aad7000-7f2d4aad8000 r--p 00000000 fc:01 7816                       /usr/lib/locale/C.UTF-8/LC_TELEPHONE
7f2d4aad8000-7f2d4aad9000 r--p 00000000 fc:01 7811                       /usr/lib/locale/C.UTF-8/LC_MEASUREMENT
7f2d4aad9000-7f2d4aada000 r--p 00000000 fc:01 7810                       /usr/lib/locale/C.UTF-8/LC_IDENTIFICATION
7f2d4aada000-7f2d4aaee000 rw-p 00000000 00:00 0 
7f2d4aaee000-7f2d4aaf6000 rw-s 00000000 fc:01 3628070                    /tmp/hsperfdata_dcpowe4/11309
7f2d4aaf6000-7f2d4aaf7000 rw-p 00000000 00:00 0 
7f2d4aaf7000-7f2d4aaf8000 ---p 00000000 00:00 0 
7f2d4aaf8000-7f2d4aafa000 rw-p 00000000 00:00 0 
7f2d4aafa000-7f2d4aafb000 r--p 00027000 fc:01 2081                       /lib/x86_64-linux-gnu/ld-2.27.so
7f2d4aafb000-7f2d4aafc000 rw-p 00028000 fc:01 2081                       /lib/x86_64-linux-gnu/ld-2.27.so
7f2d4aafc000-7f2d4aafd000 rw-p 00000000 00:00 0 
7ffe3b646000-7ffe3b667000 rw-p 00000000 00:00 0                          [stack]
7ffe3b68d000-7ffe3b690000 r--p 00000000 00:00 0                          [vvar]
7ffe3b690000-7ffe3b692000 r-xp 00000000 00:00 0                          [vdso]
ffffffffff600000-ffffffffff601000 r-xp 00000000 00:00 0                  [vsyscall]

VM Arguments:
jvm_args: -XX:MaxPermSize=128m 
java_command: /home/dcpowe4/MP3/mp3/jenkins/core/target/surefire/surefirebooter6037747964369532729.jar /home/dcpowe4/MP3/mp3/jenkins/core/target/surefire/surefire8895748178926112761tmp /home/dcpowe4/MP3/mp3/jenkins/core/target/surefire/surefire_0498002991593534377tmp
java_class_path (initial): /home/dcpowe4/MP3/mp3/jenkins/core/target/surefire/surefirebooter6037747964369532729.jar
Launcher Type: SUN_STANDARD

Environment Variables:
JAVA_HOME=/usr/lib/jvm/java-8-openjdk-amd64
PATH=/usr/lib/jvm/java-8-openjdk-amd64/jre/bin:/usr/lib/jvm/java-11-openjdk-amd64/jre/bin:/usr/local/sbin:/usr/local/bin:/usr/sbin:/usr/bin:/sbin:/bin:/usr/games:/usr/local/games:/snap/bin
SHELL=/bin/bash

Signal Handlers:
SIGSEGV: [libjvm.so+0xabafd0], sa_mask[0]=11111111011111111101111111111110, sa_flags=SA_RESTART|SA_SIGINFO
SIGBUS: [libjvm.so+0xabafd0], sa_mask[0]=11111111011111111101111111111110, sa_flags=SA_RESTART|SA_SIGINFO
SIGFPE: [libjvm.so+0x8f05b0], sa_mask[0]=11111111011111111101111111111110, sa_flags=SA_RESTART|SA_SIGINFO
SIGPIPE: [libjvm.so+0x8f05b0], sa_mask[0]=11111111011111111101111111111110, sa_flags=SA_RESTART|SA_SIGINFO
SIGXFSZ: [libjvm.so+0x8f05b0], sa_mask[0]=11111111011111111101111111111110, sa_flags=SA_RESTART|SA_SIGINFO
SIGILL: [libjvm.so+0x8f05b0], sa_mask[0]=11111111011111111101111111111110, sa_flags=SA_RESTART|SA_SIGINFO
SIGUSR1: SIG_DFL, sa_mask[0]=00000000000000000000000000000000, sa_flags=none
SIGUSR2: [libjvm.so+0x8f0460], sa_mask[0]=00100000000000000000000000000000, sa_flags=SA_RESTART|SA_SIGINFO
SIGHUP: [libjvm.so+0x8f0ad0], sa_mask[0]=11111111011111111101111111111110, sa_flags=SA_RESTART|SA_SIGINFO
SIGINT: [libjvm.so+0x8f0ad0], sa_mask[0]=11111111011111111101111111111110, sa_flags=SA_RESTART|SA_SIGINFO
SIGTERM: [libjvm.so+0x8f0ad0], sa_mask[0]=11111111011111111101111111111110, sa_flags=SA_RESTART|SA_SIGINFO
SIGQUIT: [libjvm.so+0x8f0ad0], sa_mask[0]=11111111011111111101111111111110, sa_flags=SA_RESTART|SA_SIGINFO


---------------  S Y S T E M  ---------------

OS:DISTRIB_ID=Ubuntu
DISTRIB_RELEASE=18.04
DISTRIB_CODENAME=bionic
DISTRIB_DESCRIPTION="Ubuntu 18.04.3 LTS"

uname:Linux 4.15.0-74-generic #84-Ubuntu SMP Thu Dec 19 08:06:28 UTC 2019 x86_64
libc:glibc 2.27 NPTL 2.27 
rlimit: STACK 8192k, CORE 0k, NPROC 15517, NOFILE 1048576, AS infinity
load average:27.08 25.68 26.30

/proc/meminfo:
MemTotal:        4039168 kB
MemFree:           86820 kB
MemAvailable:      14848 kB
Buffers:            1896 kB
Cached:           161616 kB
SwapCached:            0 kB
Active:          3603796 kB
Inactive:         137692 kB
Active(anon):    3578868 kB
Inactive(anon):   106636 kB
Active(file):      24928 kB
Inactive(file):    31056 kB
Unevictable:          80 kB
Mlocked:              80 kB
SwapTotal:             0 kB
SwapFree:              0 kB
Dirty:               196 kB
Writeback:             8 kB
AnonPages:       3578164 kB
Mapped:           146016 kB
Shmem:            107420 kB
Slab:             108072 kB
SReclaimable:      41268 kB
SUnreclaim:        66804 kB
KernelStack:       12272 kB
PageTables:        52416 kB
NFS_Unstable:          0 kB
Bounce:                0 kB
WritebackTmp:          0 kB
CommitLimit:     2019584 kB
Committed_AS:    8597412 kB
VmallocTotal:   34359738367 kB
VmallocUsed:           0 kB
VmallocChunk:          0 kB
HardwareCorrupted:     0 kB
AnonHugePages:         0 kB
ShmemHugePages:        0 kB
ShmemPmdMapped:        0 kB
CmaTotal:              0 kB
CmaFree:               0 kB
HugePages_Total:       0
HugePages_Free:        0
HugePages_Rsvd:        0
HugePages_Surp:        0
Hugepagesize:       2048 kB
DirectMap4k:      294760 kB
DirectMap2M:     3899392 kB
DirectMap1G:     2097152 kB

container (cgroup) information:
container_type: cgroupv1
cpu_cpuset_cpus: 0-1
cpu_memory_nodes: 0
active_processor_count: 2
cpu_quota: -1
cpu_period: 100000
cpu_shares: -1
memory_limit_in_bytes: -1
memory_and_swap_limit_in_bytes: -2
memory_soft_limit_in_bytes: -1
memory_usage_in_bytes: 3731546112
memory_max_usage_in_bytes: 3739697152


CPU:total 2 (initial active 2) (1 cores per cpu, 1 threads per core) family 6 model 85 stepping 4, cmov, cx8, fxsr, mmx, sse, sse2, sse3, ssse3, sse4.1, sse4.2, popcnt, avx, avx2, aes, clmul, erms, 3dnowpref, lzcnt, tsc, bmi1, bmi2, adx

/proc/cpuinfo:
processor	: 0
vendor_id	: GenuineIntel
cpu family	: 6
model		: 85
model name	: Intel Xeon Processor (Skylake, IBRS)
stepping	: 4
microcode	: 0x1
cpu MHz		: 2095.074
cache size	: 16384 KB
physical id	: 0
siblings	: 1
core id		: 0
cpu cores	: 1
apicid		: 0
initial apicid	: 0
fpu		: yes
fpu_exception	: yes
cpuid level	: 13
wp		: yes
flags		: fpu vme de pse tsc msr pae mce cx8 apic sep mtrr pge mca cmov pat pse36 clflush mmx fxsr sse sse2 ss syscall nx pdpe1gb rdtscp lm constant_tsc rep_good nopl xtopology cpuid tsc_known_freq pni pclmulqdq vmx ssse3 fma cx16 pcid sse4_1 sse4_2 x2apic movbe popcnt tsc_deadline_timer aes xsave avx f16c rdrand hypervisor lahf_lm abm 3dnowprefetch cpuid_fault invpcid_single pti ssbd ibrs ibpb tpr_shadow vnmi flexpriority ept vpid fsgsbase tsc_adjust bmi1 avx2 smep bmi2 erms invpcid mpx avx512f avx512dq rdseed adx smap clflushopt clwb avx512cd avx512bw avx512vl xsaveopt xsavec xgetbv1 xsaves arat pku ospke avx512_vnni md_clear
bugs		: cpu_meltdown spectre_v1 spectre_v2 spec_store_bypass l1tf mds swapgs itlb_multihit
bogomips	: 4190.14
clflush size	: 64
cache_alignment	: 64
address sizes	: 40 bits physical, 48 bits virtual
power management:

processor	: 1
vendor_id	: GenuineIntel
cpu family	: 6
model		: 85
model name	: Intel Xeon Processor (Skylake, IBRS)
stepping	: 4
microcode	: 0x1
cpu MHz		: 2095.074
cache size	: 16384 KB
physical id	: 1
siblings	: 1
core id		: 0
cpu cores	: 1
apicid		: 1
initial apicid	: 1
fpu		: yes
fpu_exception	: yes
cpuid level	: 13
wp		: yes
flags		: fpu vme de pse tsc msr pae mce cx8 apic sep mtrr pge mca cmov pat pse36 clflush mmx fxsr sse sse2 ss syscall nx pdpe1gb rdtscp lm constant_tsc rep_good nopl xtopology cpuid tsc_known_freq pni pclmulqdq vmx ssse3 fma cx16 pcid sse4_1 sse4_2 x2apic movbe popcnt tsc_deadline_timer aes xsave avx f16c rdrand hypervisor lahf_lm abm 3dnowprefetch cpuid_fault invpcid_single pti ssbd ibrs ibpb tpr_shadow vnmi flexpriority ept vpid fsgsbase tsc_adjust bmi1 avx2 smep bmi2 erms invpcid mpx avx512f avx512dq rdseed adx smap clflushopt clwb avx512cd avx512bw avx512vl xsaveopt xsavec xgetbv1 xsaves arat pku ospke avx512_vnni md_clear
bugs		: cpu_meltdown spectre_v1 spectre_v2 spec_store_bypass l1tf mds swapgs itlb_multihit
bogomips	: 4190.14
clflush size	: 64
cache_alignment	: 64
address sizes	: 40 bits physical, 48 bits virtual
power management:



Memory: 4k page, physical 4039168k(86820k free), swap 0k(0k free)

vm_info: OpenJDK 64-Bit Server VM (25.232-b09) for linux-amd64 JRE (1.8.0_232-8u232-b09-0ubuntu1~18.04.1-b09), built on Oct 16 2019 20:38:15 by "buildd" with gcc 7.4.0

time: Fri Apr  3 16:05:53 2020
timezone: EDT
elapsed time: 6373 seconds (0d 1h 46m 13s)

