#
# There is insufficient memory for the Java Runtime Environment to continue.
# Native memory allocation (mmap) failed to map 49807360 bytes for committing reserved memory.
# Possible reasons:
#   The system is out of physical RAM or swap space
#   The process is running with CompressedOops enabled, and the Java Heap may be blocking the growth of the native heap
# Possible solutions:
#   Reduce memory load on the system
#   Increase physical memory or swap space
#   Check if swap backing store is full
#   Decrease Java heap size (-Xmx/-Xms)
#   Decrease number of Java threads
#   Decrease Java thread stack sizes (-Xss)
#   Set larger code cache with -XX:ReservedCodeCacheSize=
#   JVM is running with Unscaled Compressed Oops mode in which the Java heap is
#     placed in the first 4GB address space. The Java Heap base address is the
#     maximum limit for the native heap growth. Please use -XX:HeapBaseMinAddress
#     to set the Java Heap base and to place the Java Heap above 4GB virtual address.
# This output file may be truncated or incomplete.
#
#  Out of Memory Error (os_linux.cpp:2757), pid=8540, tid=0x00007f4f58c58700
#
# JRE version: OpenJDK Runtime Environment (8.0_232-b09) (build 1.8.0_232-8u232-b09-0ubuntu1~18.04.1-b09)
# Java VM: OpenJDK 64-Bit Server VM (25.232-b09 mixed mode linux-amd64 compressed oops)
# Failed to write core dump. Core dumps have been disabled. To enable core dumping, try "ulimit -c unlimited" before starting Java again
#

---------------  T H R E A D  ---------------

Current thread (0x00007f4f700fc000):  VMThread [stack: 0x00007f4f58b59000,0x00007f4f58c59000] [id=8544]

Stack: [0x00007f4f58b59000,0x00007f4f58c59000],  sp=0x00007f4f58c57470,  free space=1017k
Native frames: (J=compiled Java code, j=interpreted, Vv=VM code, C=native code)
V  [libjvm.so+0xaba672]
V  [libjvm.so+0x4dde07]
V  [libjvm.so+0x8f53f0]
V  [libjvm.so+0x8ec4be]
V  [libjvm.so+0x96fe06]
V  [libjvm.so+0x971178]
V  [libjvm.so+0x96d776]
V  [libjvm.so+0x96db0c]
V  [libjvm.so+0x91c608]
V  [libjvm.so+0xabc342]
V  [libjvm.so+0xac0eb6]
V  [libjvm.so+0xabf1b5]
V  [libjvm.so+0xabfa8d]
V  [libjvm.so+0xabfe98]
V  [libjvm.so+0x8f2782]

VM_Operation (0x00007f4f772288a0): ParallelGCFailedAllocation, mode: safepoint, requested by thread 0x00007f4f7000b000


---------------  P R O C E S S  ---------------

Java Threads: ( => current thread )
  0x00007f4f70144800 JavaThread "Service Thread" daemon [_thread_blocked, id=8550, stack(0x00007f4f58244000,0x00007f4f58345000)]
  0x00007f4f70142000 JavaThread "C1 CompilerThread1" daemon [_thread_blocked, id=8549, stack(0x00007f4f58346000,0x00007f4f58446000)]
  0x00007f4f7013f000 JavaThread "C2 CompilerThread0" daemon [_thread_blocked, id=8548, stack(0x00007f4f58447000,0x00007f4f58547000)]
  0x00007f4f7013d800 JavaThread "Signal Dispatcher" daemon [_thread_blocked, id=8547, stack(0x00007f4f58547000,0x00007f4f58648000)]
  0x00007f4f70108000 JavaThread "Finalizer" daemon [_thread_blocked, id=8546, stack(0x00007f4f58956000,0x00007f4f58a57000)]
  0x00007f4f70105800 JavaThread "Reference Handler" daemon [_thread_blocked, id=8545, stack(0x00007f4f58a57000,0x00007f4f58b58000)]
  0x00007f4f7000b000 JavaThread "main" [_thread_blocked, id=8541, stack(0x00007f4f7712d000,0x00007f4f7722d000)]

Other Threads:
=>0x00007f4f700fc000 VMThread [stack: 0x00007f4f58b59000,0x00007f4f58c59000] [id=8544]
  0x00007f4f70147000 WatcherThread [stack: 0x00007f4f58144000,0x00007f4f58244000] [id=8551]

VM state:at safepoint (normal execution)

VM Mutex/Monitor currently owned by a thread:  ([mutex/lock_event])
[0x00007f4f70007b40] Threads_lock - owner thread: 0x00007f4f700fc000
[0x00007f4f70008040] Heap_lock - owner thread: 0x00007f4f7000b000

heap address: 0x00000000c2400000, size: 988 MB, Compressed Oops mode: 32-bit
Narrow klass base: 0x0000000000000000, Narrow klass shift: 3
Compressed class space size: 1073741824 Address: 0x0000000100000000

Heap:
 PSYoungGen      total 185344K, used 9090K [0x00000000eb700000, 0x00000000f7500000, 0x0000000100000000)
  eden space 176128K, 0% used [0x00000000eb700000,0x00000000eb700000,0x00000000f6300000)
  from space 9216K, 98% used [0x00000000f6300000,0x00000000f6be0b58,0x00000000f6c00000)
  to   space 6656K, 0% used [0x00000000f6e80000,0x00000000f6e80000,0x00000000f7500000)
 ParOldGen       total 37888K, used 25913K [0x00000000c2400000, 0x00000000c4900000, 0x00000000eb700000)
  object space 37888K, 68% used [0x00000000c2400000,0x00000000c3d4e670,0x00000000c4900000)
 Metaspace       used 32007K, capacity 32534K, committed 32768K, reserved 1079296K
  class space    used 3620K, capacity 3781K, committed 3840K, reserved 1048576K

Card table byte_map: [0x00007f4f6041c000,0x00007f4f6060b000] byte_map_base: 0x00007f4f5fe0a000

Marking Bits: (ParMarkBitMap*) 0x00007f4f763d2380
 Begin Bits: [0x00007f4f5a120000, 0x00007f4f5b090000)
 End Bits:   [0x00007f4f5b090000, 0x00007f4f5c000000)

Polling page: 0x00007f4f77253000

CodeCache: size=245760Kb used=13491Kb max_used=13512Kb free=232268Kb
 bounds [0x00007f4f609cb000, 0x00007f4f6172b000, 0x00007f4f6f9cb000]
 total_blobs=3919 nmethods=3525 adapters=308
 compilation: enabled

Compilation events (10 events):
Event: 174.088 Thread 0x00007f4f70142000 nmethod 4174 0x00007f4f6115dd50 code [0x00007f4f6115dea0, 0x00007f4f6115dff0]
Event: 174.148 Thread 0x00007f4f70142000 4175       1       javassist.bytecode.StackMapTable$Walker::chopFrame (1 bytes)
Event: 174.149 Thread 0x00007f4f70142000 nmethod 4175 0x00007f4f610facd0 code [0x00007f4f610fae20, 0x00007f4f610faf30]
Event: 174.252 Thread 0x00007f4f7013f000 nmethod 4170 0x00007f4f617112d0 code [0x00007f4f61711e20, 0x00007f4f61717d48]
Event: 174.252 Thread 0x00007f4f7013f000 4173       4       javassist.bytecode.Bytecode::addIconst (97 bytes)
Event: 174.256 Thread 0x00007f4f7013f000 nmethod 4173 0x00007f4f60f81910 code [0x00007f4f60f81ac0, 0x00007f4f60f81f20]
Event: 174.445 Thread 0x00007f4f70142000 4176       3       javassist.bytecode.Bytecode::addNew (20 bytes)
Event: 174.446 Thread 0x00007f4f70142000 nmethod 4176 0x00007f4f613d5b90 code [0x00007f4f613d5de0, 0x00007f4f613d69c8]
Event: 174.665 Thread 0x00007f4f7013f000 4177       4       javassist.compiler.ast.Symbol::<init> (10 bytes)
Event: 174.706 Thread 0x00007f4f7013f000 nmethod 4177 0x00007f4f616f9d10 code [0x00007f4f616f9e60, 0x00007f4f616f9ed8]

GC Heap History (10 events):
Event: 60.936 GC heap after
Heap after GC invocations=17 (full 1):
 PSYoungGen      total 113152K, used 2292K [0x00000000eb700000, 0x00000000f3780000, 0x0000000100000000)
  eden space 110592K, 0% used [0x00000000eb700000,0x00000000eb700000,0x00000000f2300000)
  from space 2560K, 89% used [0x00000000f3500000,0x00000000f373d088,0x00000000f3780000)
  to   space 6656K, 0% used [0x00000000f2a80000,0x00000000f2a80000,0x00000000f3100000)
 ParOldGen       total 37888K, used 13109K [0x00000000c2400000, 0x00000000c4900000, 0x00000000eb700000)
  object space 37888K, 34% used [0x00000000c2400000,0x00000000c30cd590,0x00000000c4900000)
 Metaspace       used 23614K, capacity 23946K, committed 24320K, reserved 1071104K
  class space    used 2645K, capacity 2749K, committed 2816K, reserved 1048576K
}
Event: 68.431 GC heap before
{Heap before GC invocations=18 (full 1):
 PSYoungGen      total 113152K, used 112884K [0x00000000eb700000, 0x00000000f3780000, 0x0000000100000000)
  eden space 110592K, 100% used [0x00000000eb700000,0x00000000f2300000,0x00000000f2300000)
  from space 2560K, 89% used [0x00000000f3500000,0x00000000f373d088,0x00000000f3780000)
  to   space 6656K, 0% used [0x00000000f2a80000,0x00000000f2a80000,0x00000000f3100000)
 ParOldGen       total 37888K, used 13109K [0x00000000c2400000, 0x00000000c4900000, 0x00000000eb700000)
  object space 37888K, 34% used [0x00000000c2400000,0x00000000c30cd590,0x00000000c4900000)
 Metaspace       used 26434K, capacity 26826K, committed 27008K, reserved 1073152K
  class space    used 3005K, capacity 3149K, committed 3200K, reserved 1048576K
Event: 68.462 GC heap after
Heap after GC invocations=18 (full 1):
 PSYoungGen      total 124928K, used 4798K [0x00000000eb700000, 0x00000000f4e00000, 0x0000000100000000)
  eden space 118272K, 0% used [0x00000000eb700000,0x00000000eb700000,0x00000000f2a80000)
  from space 6656K, 72% used [0x00000000f2a80000,0x00000000f2f2fb50,0x00000000f3100000)
  to   space 7168K, 0% used [0x00000000f4700000,0x00000000f4700000,0x00000000f4e00000)
 ParOldGen       total 37888K, used 14238K [0x00000000c2400000, 0x00000000c4900000, 0x00000000eb700000)
  object space 37888K, 37% used [0x00000000c2400000,0x00000000c31e7bf8,0x00000000c4900000)
 Metaspace       used 26434K, capacity 26826K, committed 27008K, reserved 1073152K
  class space    used 3005K, capacity 3149K, committed 3200K, reserved 1048576K
}
Event: 75.622 GC heap before
{Heap before GC invocations=19 (full 1):
 PSYoungGen      total 124928K, used 123070K [0x00000000eb700000, 0x00000000f4e00000, 0x0000000100000000)
  eden space 118272K, 100% used [0x00000000eb700000,0x00000000f2a80000,0x00000000f2a80000)
  from space 6656K, 72% used [0x00000000f2a80000,0x00000000f2f2fb50,0x00000000f3100000)
  to   space 7168K, 0% used [0x00000000f4700000,0x00000000f4700000,0x00000000f4e00000)
 ParOldGen       total 37888K, used 14238K [0x00000000c2400000, 0x00000000c4900000, 0x00000000eb700000)
  object space 37888K, 37% used [0x00000000c2400000,0x00000000c31e7bf8,0x00000000c4900000)
 Metaspace       used 26462K, capacity 26832K, committed 27008K, reserved 1073152K
  class space    used 3007K, capacity 3150K, committed 3200K, reserved 1048576K
Event: 75.918 GC heap after
Heap after GC invocations=19 (full 1):
 PSYoungGen      total 145920K, used 7136K [0x00000000eb700000, 0x00000000f5b00000, 0x0000000100000000)
  eden space 138752K, 0% used [0x00000000eb700000,0x00000000eb700000,0x00000000f3e80000)
  from space 7168K, 99% used [0x00000000f4700000,0x00000000f4df8210,0x00000000f4e00000)
  to   space 8704K, 0% used [0x00000000f3e80000,0x00000000f3e80000,0x00000000f4700000)
 ParOldGen       total 37888K, used 16370K [0x00000000c2400000, 0x00000000c4900000, 0x00000000eb700000)
  object space 37888K, 43% used [0x00000000c2400000,0x00000000c33fca38,0x00000000c4900000)
 Metaspace       used 26462K, capacity 26832K, committed 27008K, reserved 1073152K
  class space    used 3007K, capacity 3150K, committed 3200K, reserved 1048576K
}
Event: 84.731 GC heap before
{Heap before GC invocations=20 (full 1):
 PSYoungGen      total 145920K, used 145888K [0x00000000eb700000, 0x00000000f5b00000, 0x0000000100000000)
  eden space 138752K, 100% used [0x00000000eb700000,0x00000000f3e80000,0x00000000f3e80000)
  from space 7168K, 99% used [0x00000000f4700000,0x00000000f4df8210,0x00000000f4e00000)
  to   space 8704K, 0% used [0x00000000f3e80000,0x00000000f3e80000,0x00000000f4700000)
 ParOldGen       total 37888K, used 16370K [0x00000000c2400000, 0x00000000c4900000, 0x00000000eb700000)
  object space 37888K, 43% used [0x00000000c2400000,0x00000000c33fca38,0x00000000c4900000)
 Metaspace       used 29472K, capacity 29876K, committed 30080K, reserved 1075200K
  class space    used 3290K, capacity 3412K, committed 3456K, reserved 1048576K
Event: 85.032 GC heap after
Heap after GC invocations=20 (full 1):
 PSYoungGen      total 147456K, used 4643K [0x00000000eb700000, 0x00000000f7700000, 0x0000000100000000)
  eden space 138752K, 0% used [0x00000000eb700000,0x00000000eb700000,0x00000000f3e80000)
  from space 8704K, 53% used [0x00000000f3e80000,0x00000000f4308cc0,0x00000000f4700000)
  to   space 8704K, 0% used [0x00000000f6e80000,0x00000000f6e80000,0x00000000f7700000)
 ParOldGen       total 37888K, used 20797K [0x00000000c2400000, 0x00000000c4900000, 0x00000000eb700000)
  object space 37888K, 54% used [0x00000000c2400000,0x00000000c384f6b8,0x00000000c4900000)
 Metaspace       used 29472K, capacity 29876K, committed 30080K, reserved 1075200K
  class space    used 3290K, capacity 3412K, committed 3456K, reserved 1048576K
}
Event: 152.540 GC heap before
{Heap before GC invocations=21 (full 1):
 PSYoungGen      total 147456K, used 143395K [0x00000000eb700000, 0x00000000f7700000, 0x0000000100000000)
  eden space 138752K, 100% used [0x00000000eb700000,0x00000000f3e80000,0x00000000f3e80000)
  from space 8704K, 53% used [0x00000000f3e80000,0x00000000f4308cc0,0x00000000f4700000)
  to   space 8704K, 0% used [0x00000000f6e80000,0x00000000f6e80000,0x00000000f7700000)
 ParOldGen       total 37888K, used 20797K [0x00000000c2400000, 0x00000000c4900000, 0x00000000eb700000)
  object space 37888K, 54% used [0x00000000c2400000,0x00000000c384f6b8,0x00000000c4900000)
 Metaspace       used 31562K, capacity 32054K, committed 32512K, reserved 1077248K
  class space    used 3607K, capacity 3749K, committed 3840K, reserved 1048576K
Event: 152.726 GC heap after
Heap after GC invocations=21 (full 1):
 PSYoungGen      total 182784K, used 6089K [0x00000000eb700000, 0x00000000f7500000, 0x0000000100000000)
  eden space 176128K, 0% used [0x00000000eb700000,0x00000000eb700000,0x00000000f6300000)
  from space 6656K, 91% used [0x00000000f6e80000,0x00000000f7472680,0x00000000f7500000)
  to   space 9216K, 0% used [0x00000000f6300000,0x00000000f6300000,0x00000000f6c00000)
 ParOldGen       total 37888K, used 24261K [0x00000000c2400000, 0x00000000c4900000, 0x00000000eb700000)
  object space 37888K, 64% used [0x00000000c2400000,0x00000000c3bb1650,0x00000000c4900000)
 Metaspace       used 31562K, capacity 32054K, committed 32512K, reserved 1077248K
  class space    used 3607K, capacity 3749K, committed 3840K, reserved 1048576K
}
Event: 174.941 GC heap before
{Heap before GC invocations=22 (full 1):
 PSYoungGen      total 182784K, used 182217K [0x00000000eb700000, 0x00000000f7500000, 0x0000000100000000)
  eden space 176128K, 100% used [0x00000000eb700000,0x00000000f6300000,0x00000000f6300000)
  from space 6656K, 91% used [0x00000000f6e80000,0x00000000f7472680,0x00000000f7500000)
  to   space 9216K, 0% used [0x00000000f6300000,0x00000000f6300000,0x00000000f6c00000)
 ParOldGen       total 37888K, used 24261K [0x00000000c2400000, 0x00000000c4900000, 0x00000000eb700000)
  object space 37888K, 64% used [0x00000000c2400000,0x00000000c3bb1650,0x00000000c4900000)
 Metaspace       used 32007K, capacity 32534K, committed 32768K, reserved 1079296K
  class space    used 3620K, capacity 3781K, committed 3840K, reserved 1048576K

Deoptimization events (10 events):
Event: 82.446 Thread 0x00007f4f7000b000 Uncommon trap: reason=class_check action=maybe_recompile pc=0x00007f4f61574760 method=javassist.compiler.MemberResolver.lookupMethod(Ljavassist/CtClass;Ljava/lang/String;[I[I[Ljava/lang/String;Z)Ljavassist/compiler/MemberResolver$Method; @ 4
Event: 82.484 Thread 0x00007f4f7000b000 Uncommon trap: reason=class_check action=maybe_recompile pc=0x00007f4f61574760 method=javassist.compiler.MemberResolver.lookupMethod(Ljavassist/CtClass;Ljava/lang/String;[I[I[Ljava/lang/String;Z)Ljavassist/compiler/MemberResolver$Method; @ 4
Event: 94.810 Thread 0x00007f4f7000b000 Uncommon trap: reason=bimorphic action=maybe_recompile pc=0x00007f4f60f79d28 method=sun.util.calendar.CalendarDate.getDayOfWeek()I @ 1
Event: 104.560 Thread 0x00007f4f7000b000 Uncommon trap: reason=unstable_if action=reinterpret pc=0x00007f4f60def9a0 method=java.lang.reflect.Method.isDefault()Z @ 9
Event: 169.763 Thread 0x00007f4f7000b000 Uncommon trap: reason=class_check action=maybe_recompile pc=0x00007f4f613b7e40 method=javassist.bytecode.stackmap.Tracer.doOpcode148_201(I[BI)I @ 893
Event: 173.031 Thread 0x00007f4f7000b000 Uncommon trap: reason=bimorphic action=maybe_recompile pc=0x00007f4f61194354 method=javassist.bytecode.StackMapTable$Walker.stackMapFrames(II)I @ 108
Event: 174.018 Thread 0x00007f4f7000b000 Uncommon trap: reason=bimorphic action=maybe_recompile pc=0x00007f4f610b3280 method=javassist.bytecode.stackmap.Tracer.setFieldTarget(ZI)V @ 34
Event: 174.037 Thread 0x00007f4f7000b000 Uncommon trap: reason=class_check action=maybe_recompile pc=0x00007f4f613b7e40 method=javassist.bytecode.stackmap.Tracer.doOpcode148_201(I[BI)I @ 893
Event: 174.037 Thread 0x00007f4f7000b000 Uncommon trap: reason=class_check action=maybe_recompile pc=0x00007f4f61547db0 method=javassist.bytecode.stackmap.TypeData.aastore(Ljavassist/bytecode/stackmap/TypeData;Ljavassist/bytecode/stackmap/TypeData;Ljavassist/ClassPool;)V @ 8
Event: 174.302 Thread 0x00007f4f7000b000 Uncommon trap: reason=unstable_if action=reinterpret pc=0x00007f4f61667648 method=javassist.bytecode.stackmap.TypedBlock.initFirstBlock(IILjava/lang/String;Ljava/lang/String;ZZ)V @ 138

Classes redefined (0 events):
No events

Internal exceptions (10 events):
Event: 24.120 Thread 0x00007f4f7000b000 Exception <a 'java/lang/reflect/InvocationTargetException'> (0x00000000ebb8d910) thrown at [/build/openjdk-8-4aHi5C/openjdk-8-8u232-b09/src/hotspot/src/share/vm/runtime/reflection.cpp, line 1092]
Event: 24.272 Thread 0x00007f4f7000b000 Exception <a 'java/lang/ArrayIndexOutOfBoundsException': 18> (0x00000000ec2e6e40) thrown at [/build/openjdk-8-4aHi5C/openjdk-8-8u232-b09/src/hotspot/src/share/vm/interpreter/interpreterRuntime.cpp, line 368]
Event: 24.272 Thread 0x00007f4f7000b000 Exception <a 'java/lang/ArrayIndexOutOfBoundsException': 42> (0x00000000ec2e7c18) thrown at [/build/openjdk-8-4aHi5C/openjdk-8-8u232-b09/src/hotspot/src/share/vm/interpreter/interpreterRuntime.cpp, line 368]
Event: 24.851 Thread 0x00007f4f7000b000 Exception <a 'java/lang/reflect/InvocationTargetException'> (0x00000000ec7323c0) thrown at [/build/openjdk-8-4aHi5C/openjdk-8-8u232-b09/src/hotspot/src/share/vm/runtime/reflection.cpp, line 1092]
Event: 24.851 Thread 0x00007f4f7000b000 Exception <a 'java/lang/reflect/InvocationTargetException'> (0x00000000ec74c178) thrown at [/build/openjdk-8-4aHi5C/openjdk-8-8u232-b09/src/hotspot/src/share/vm/runtime/reflection.cpp, line 1092]
Event: 25.948 Thread 0x00007f4f7000b000 Exception <a 'java/net/UnknownHostException'> (0x00000000ec871720) thrown at [/build/openjdk-8-4aHi5C/openjdk-8-8u232-b09/src/hotspot/src/share/vm/prims/jni.cpp, line 710]
Event: 27.974 Thread 0x00007f4f7000b000 Exception <a 'java/lang/NoSuchFieldError': method resolution failed> (0x00000000eb9beef0) thrown at [/build/openjdk-8-4aHi5C/openjdk-8-8u232-b09/src/hotspot/src/share/vm/prims/methodHandles.cpp, line 1167]
Event: 27.975 Thread 0x00007f4f7000b000 Exception <a 'java/lang/NoSuchFieldError': method resolution failed> (0x00000000eb9cc5b0) thrown at [/build/openjdk-8-4aHi5C/openjdk-8-8u232-b09/src/hotspot/src/share/vm/prims/methodHandles.cpp, line 1167]
Event: 60.739 Thread 0x00007f4f7000b000 Implicit null exception at 0x00007f4f60f70a38 to 0x00007f4f60f70e05
Event: 60.739 Thread 0x00007f4f7000b000 Implicit null exception at 0x00007f4f60f817ba to 0x00007f4f60f832b5

Events (10 events):
Event: 174.037 Thread 0x00007f4f7000b000 Uncommon trap: trap_request=0xffffffde fr.pc=0x00007f4f613b7e40
Event: 174.037 Thread 0x00007f4f7000b000 DEOPT PACKING pc=0x00007f4f613b7e40 sp=0x00007f4f77228740
Event: 174.037 Thread 0x00007f4f7000b000 DEOPT UNPACKING pc=0x00007f4f60a1047a sp=0x00007f4f77228748 mode 2
Event: 174.037 Thread 0x00007f4f7000b000 Uncommon trap: trap_request=0xffffffde fr.pc=0x00007f4f61547db0
Event: 174.037 Thread 0x00007f4f7000b000 DEOPT PACKING pc=0x00007f4f61547db0 sp=0x00007f4f772287a0
Event: 174.037 Thread 0x00007f4f7000b000 DEOPT UNPACKING pc=0x00007f4f60a1047a sp=0x00007f4f772286f8 mode 2
Event: 174.302 Thread 0x00007f4f7000b000 Uncommon trap: trap_request=0xffffff65 fr.pc=0x00007f4f61667648
Event: 174.302 Thread 0x00007f4f7000b000 DEOPT PACKING pc=0x00007f4f61667648 sp=0x00007f4f77228d70
Event: 174.302 Thread 0x00007f4f7000b000 DEOPT UNPACKING pc=0x00007f4f60a1047a sp=0x00007f4f77228b48 mode 2
Event: 174.909 Executing VM operation: ParallelGCFailedAllocation


Dynamic libraries:
c2400000-c4900000 rw-p 00000000 00:00 0 
c4900000-eb700000 ---p 00000000 00:00 0 
eb700000-f7500000 rw-p 00000000 00:00 0 
fa480000-100000000 ---p 00000000 00:00 0 
100000000-1003c0000 rw-p 00000000 00:00 0 
1003c0000-140000000 ---p 00000000 00:00 0 
55f71ad6c000-55f71ad6d000 r-xp 00000000 fc:01 1828889                    /usr/lib/jvm/java-8-openjdk-amd64/jre/bin/java
55f71af6c000-55f71af6d000 r--p 00000000 fc:01 1828889                    /usr/lib/jvm/java-8-openjdk-amd64/jre/bin/java
55f71af6d000-55f71af6e000 rw-p 00001000 fc:01 1828889                    /usr/lib/jvm/java-8-openjdk-amd64/jre/bin/java
55f71b852000-55f71b873000 rw-p 00000000 00:00 0                          [heap]
7f4f24000000-7f4f24021000 rw-p 00000000 00:00 0 
7f4f24021000-7f4f28000000 ---p 00000000 00:00 0 
7f4f2a9cb000-7f4f2aa0b000 rw-p 00000000 00:00 0 
7f4f2aa0b000-7f4f2abcb000 ---p 00000000 00:00 0 
7f4f2abcb000-7f4f2adcb000 rw-p 00000000 00:00 0 
7f4f2adcb000-7f4f2afcb000 rw-p 00000000 00:00 0 
7f4f2afcb000-7f4f2b1cb000 rw-p 00000000 00:00 0 
7f4f2b1cb000-7f4f2b3cb000 rw-p 00000000 00:00 0 
7f4f2b3cb000-7f4f2b5cb000 rw-p 00000000 00:00 0 
7f4f2b5cb000-7f4f2b7cb000 rw-p 00000000 00:00 0 
7f4f2b7cb000-7f4f2b9cb000 rw-p 00000000 00:00 0 
7f4f2b9cb000-7f4f2b9da000 r-xp 00000000 fc:01 3864                       /lib/x86_64-linux-gnu/libnss_myhostname.so.2
7f4f2b9da000-7f4f2bbda000 ---p 0000f000 fc:01 3864                       /lib/x86_64-linux-gnu/libnss_myhostname.so.2
7f4f2bbda000-7f4f2bbdd000 r--p 0000f000 fc:01 3864                       /lib/x86_64-linux-gnu/libnss_myhostname.so.2
7f4f2bbdd000-7f4f2bbde000 rw-p 00012000 fc:01 3864                       /lib/x86_64-linux-gnu/libnss_myhostname.so.2
7f4f2bbde000-7f4f2bbf5000 r-xp 00000000 fc:01 2182                       /lib/x86_64-linux-gnu/libresolv-2.27.so
7f4f2bbf5000-7f4f2bdf5000 ---p 00017000 fc:01 2182                       /lib/x86_64-linux-gnu/libresolv-2.27.so
7f4f2bdf5000-7f4f2bdf6000 r--p 00017000 fc:01 2182                       /lib/x86_64-linux-gnu/libresolv-2.27.so
7f4f2bdf6000-7f4f2bdf7000 rw-p 00018000 fc:01 2182                       /lib/x86_64-linux-gnu/libresolv-2.27.so
7f4f2bdf7000-7f4f2bdf9000 rw-p 00000000 00:00 0 
7f4f2bdf9000-7f4f2bdfe000 r-xp 00000000 fc:01 2094                       /lib/x86_64-linux-gnu/libnss_dns-2.27.so
7f4f2bdfe000-7f4f2bffe000 ---p 00005000 fc:01 2094                       /lib/x86_64-linux-gnu/libnss_dns-2.27.so
7f4f2bffe000-7f4f2bfff000 r--p 00005000 fc:01 2094                       /lib/x86_64-linux-gnu/libnss_dns-2.27.so
7f4f2bfff000-7f4f2c000000 rw-p 00006000 fc:01 2094                       /lib/x86_64-linux-gnu/libnss_dns-2.27.so
7f4f2c000000-7f4f2c021000 rw-p 00000000 00:00 0 
7f4f2c021000-7f4f30000000 ---p 00000000 00:00 0 
7f4f30000000-7f4f30021000 rw-p 00000000 00:00 0 
7f4f30021000-7f4f34000000 ---p 00000000 00:00 0 
7f4f340d4000-7f4f340d6000 r-xp 00000000 fc:01 69785                      /lib/x86_64-linux-gnu/libnss_mdns4_minimal.so.2
7f4f340d6000-7f4f342d5000 ---p 00002000 fc:01 69785                      /lib/x86_64-linux-gnu/libnss_mdns4_minimal.so.2
7f4f342d5000-7f4f342d6000 r--p 00001000 fc:01 69785                      /lib/x86_64-linux-gnu/libnss_mdns4_minimal.so.2
7f4f342d6000-7f4f342d7000 rw-p 00002000 fc:01 69785                      /lib/x86_64-linux-gnu/libnss_mdns4_minimal.so.2
7f4f342e9000-7f4f342fc000 r--s 00346000 fc:01 1831936                    /usr/lib/jvm/java-8-openjdk-amd64/jre/lib/resources.jar
7f4f342fc000-7f4f342ff000 ---p 00000000 00:00 0 
7f4f342ff000-7f4f345fd000 rw-p 00000000 00:00 0 
7f4f345fd000-7f4f34600000 ---p 00000000 00:00 0 
7f4f34600000-7f4f348fe000 rw-p 00000000 00:00 0 
7f4f348fe000-7f4f34afe000 rw-p 00000000 00:00 0 
7f4f34afe000-7f4f34b00000 r--s 00016000 fc:01 1831922                    /usr/lib/jvm/java-8-openjdk-amd64/jre/lib/jce.jar
7f4f34b00000-7f4f34b05000 r--s 000a3000 fc:01 1831931                    /usr/lib/jvm/java-8-openjdk-amd64/jre/lib/jsse.jar
7f4f34b05000-7f4f34b07000 r--s 0000e000 fc:01 3879761                    /home/dcpowe4/.m2/repository/org/apache/maven/surefire/surefire-junit4/2.16/surefire-junit4-2.16.jar
7f4f34b07000-7f4f34b08000 r--s 00000000 fc:01 3877955                    /home/dcpowe4/.m2/repository/org/jenkins-ci/test-annotations/1.1/test-annotations-1.1.jar
7f4f34b08000-7f4f34b09000 r--s 00000000 fc:01 3877958                    /home/dcpowe4/.m2/repository/org/codehaus/mojo/animal-sniffer-annotations/1.9/animal-sniffer-annotations-1.9.jar
7f4f34b09000-7f4f34b0b000 r--s 00010000 fc:01 4129320                    /home/dcpowe4/.m2/repository/com/jcraft/jzlib/1.1.3-kohsuke-1/jzlib-1.1.3-kohsuke-1.jar
7f4f34b0b000-7f4f34b0e000 r--s 00006000 fc:01 3628058                    /home/dcpowe4/.m2/repository/com/google/code/findbugs/jsr305/1.3.9/jsr305-1.3.9.jar
7f4f34b0e000-7f4f34b2e000 r--s 00173000 fc:01 3880706                    /home/dcpowe4/.m2/repository/com/google/guava/guava/11.0.1/guava-11.0.1.jar
7f4f34b2e000-7f4f34b2f000 r--s 00004000 fc:01 4129354                    /home/dcpowe4/.m2/repository/org/mindrot/jbcrypt/0.3m/jbcrypt-0.3m.jar
7f4f34b2f000-7f4f34b31000 r--s 0000f000 fc:01 3880701                    /home/dcpowe4/.m2/repository/commons-fileupload/commons-fileupload/1.3.1-jenkins-1/commons-fileupload-1.3.1-jenkins-1.jar
7f4f34b31000-7f4f34b33000 r--s 00005000 fc:01 4129353                    /home/dcpowe4/.m2/repository/findbugs/annotations/1.0.0/annotations-1.0.0.jar
7f4f34b33000-7f4f34b34000 r--s 00001000 fc:01 4129323                    /home/dcpowe4/.m2/repository/org/kohsuke/access-modifier-annotation/1.4/access-modifier-annotation-1.4.jar
7f4f34b34000-7f4f34b3b000 r--s 0003a000 fc:01 3628056                    /home/dcpowe4/.m2/repository/commons-codec/commons-codec/1.8/commons-codec-1.8.jar
7f4f34b3b000-7f4f34b3d000 r--s 00000000 fc:01 4129325                    /home/dcpowe4/.m2/repository/org/jvnet/robust-http-client/robust-http-client/1.2/robust-http-client-1.2.jar
7f4f34b3d000-7f4f34b3e000 r--s 00001000 fc:01 3880697                    /home/dcpowe4/.m2/repository/org/kohsuke/metainf-services/metainf-services/1.4/metainf-services-1.4.jar
7f4f34b3e000-7f4f34b45000 r--s 0005b000 fc:01 4129346                    /home/dcpowe4/.m2/repository/org/samba/jcifs/jcifs/1.3.17-kohsuke-1/jcifs-1.3.17-kohsuke-1.jar
7f4f34b45000-7f4f34b48000 r--s 0001a000 fc:01 4129345                    /home/dcpowe4/.m2/repository/org/kohsuke/jinterop/j-interopdeps/2.0.6-kohsuke-1/j-interopdeps-2.0.6-kohsuke-1.jar
7f4f34b48000-7f4f34b4e000 r--s 00059000 fc:01 4129344                    /home/dcpowe4/.m2/repository/org/kohsuke/jinterop/j-interop/2.0.6-kohsuke-1/j-interop-2.0.6-kohsuke-1.jar
7f4f34b4e000-7f4f34b50000 r--s 00006000 fc:01 3877612                    /home/dcpowe4/.m2/repository/net/java/sezpoz/sezpoz/1.9/sezpoz-1.9.jar
7f4f34b50000-7f4f34b51000 r--s 00001000 fc:01 4129343                    /home/dcpowe4/.m2/repository/com/sun/solaris/embedded_su4j/1.1/embedded_su4j-1.1.jar
7f4f34b51000-7f4f34b54000 r--s 0000d000 fc:01 4129338                    /home/dcpowe4/.m2/repository/org/jvnet/libzfs/libzfs/0.5/libzfs-0.5.jar
7f4f34b54000-7f4f34b55000 r--s 00004000 fc:01 4129337                    /home/dcpowe4/.m2/repository/org/kohsuke/libpam4j/1.8/libpam4j-1.8.jar
7f4f34b55000-7f4f34b56000 r--s 00004000 fc:01 4129336                    /home/dcpowe4/.m2/repository/org/kohsuke/akuma/1.9/akuma-1.9.jar
7f4f34b56000-7f4f34b5a000 r--s 000dc000 fc:01 4129332                    /home/dcpowe4/.m2/repository/net/java/dev/jna/jna/4.1.0/jna-4.1.0.jar
7f4f34b5a000-7f4f34b60000 r--s 0005a000 fc:01 4129331                    /home/dcpowe4/.m2/repository/org/jenkins-ci/jmdns/3.4.0-jenkins-3/jmdns-3.4.0-jenkins-3.jar
7f4f34b60000-7f4f34b62000 r--s 00005000 fc:01 4129328                    /home/dcpowe4/.m2/repository/stax/stax-api/1.0.1/stax-api-1.0.1.jar
7f4f34b62000-7f4f34b68000 r--s 0007a000 fc:01 4129327                    /home/dcpowe4/.m2/repository/org/codehaus/woodstox/wstx-asl/3.2.9/wstx-asl-3.2.9.jar
7f4f34b68000-7f4f34b6a000 r--s 00003000 fc:01 4129326                    /home/dcpowe4/.m2/repository/org/jenkins-ci/memory-monitor/1.9/memory-monitor-1.9.jar
7f4f34b6a000-7f4f34b6c000 r--s 00004000 fc:01 4129324                    /home/dcpowe4/.m2/repository/org/jvnet/winp/winp/1.22/winp-1.22.jar
7f4f34b6c000-7f4f34b7a000 r--s 0007f000 fc:01 3622783                    /home/dcpowe4/.m2/repository/commons-collections/commons-collections/3.2.1/commons-collections-3.2.1.jar
7f4f34b7a000-7f4f34b7c000 r--s 00004000 fc:01 4129319                    /home/dcpowe4/.m2/repository/javax/xml/stream/stax-api/1.0-2/stax-api-1.0-2.jar
7f4f34b7c000-7f4f34b7f000 r--s 0000e000 fc:01 4129272                    /home/dcpowe4/.m2/repository/com/sun/xml/txw2/txw2/20110809/txw2-20110809.jar
7f4f34b7f000-7f4f34b81000 r--s 0000e000 fc:01 3628054                    /home/dcpowe4/.m2/repository/commons-logging/commons-logging/1.1.3/commons-logging-1.1.3.jar
7f4f34b81000-7f4f34b83000 r--s 00003000 fc:01 4129314                    /home/dcpowe4/.m2/repository/javax/servlet/jstl/1.1.0/jstl-1.1.0.jar
7f4f34b83000-7f4f34b85000 r--s 00003000 fc:01 3879454                    /home/dcpowe4/.m2/repository/org/powermock/powermock-api-support/1.5.6/powermock-api-support-1.5.6.jar
7f4f34b85000-7f4f34ba6000 r--s 00162000 fc:01 3879452                    /home/dcpowe4/.m2/repository/org/mockito/mockito-all/1.9.5/mockito-all-1.9.5.jar
7f4f34ba6000-7f4f34ba9000 r--s 0000f000 fc:01 3879450                    /home/dcpowe4/.m2/repository/org/powermock/powermock-api-mockito/1.5.6/powermock-api-mockito-1.5.6.jar
7f4f34ba9000-7f4f34bab000 r--s 00009000 fc:01 3879439                    /home/dcpowe4/.m2/repository/org/powermock/powermock-reflect/1.5.6/powermock-reflect-1.5.6.jar
7f4f34bab000-7f4f34bb5000 r--s 000a5000 fc:01 3879431                    /home/dcpowe4/.m2/repository/org/javassist/javassist/3.18.2-GA/javassist-3.18.2-GA.jar
7f4f34bb5000-7f4f34bd4000 r--s 00150000 fc:01 3880693                    /home/dcpowe4/.m2/repository/org/mockito/mockito-core/1.9.5/mockito-core-1.9.5.jar
7f4f34bd4000-7f4f37bd5000 rw-p 00000000 00:00 0 
7f4f37bd5000-7f4f37bec000 r-xp 00000000 fc:01 1828927                    /usr/lib/jvm/java-8-openjdk-amd64/jre/lib/amd64/libnet.so
7f4f37bec000-7f4f37deb000 ---p 00017000 fc:01 1828927                    /usr/lib/jvm/java-8-openjdk-amd64/jre/lib/amd64/libnet.so
7f4f37deb000-7f4f37dec000 r--p 00016000 fc:01 1828927                    /usr/lib/jvm/java-8-openjdk-amd64/jre/lib/amd64/libnet.so
7f4f37dec000-7f4f37ded000 rw-p 00017000 fc:01 1828927                    /usr/lib/jvm/java-8-openjdk-amd64/jre/lib/amd64/libnet.so
7f4f37ded000-7f4f37dfe000 r-xp 00000000 fc:01 1828929                    /usr/lib/jvm/java-8-openjdk-amd64/jre/lib/amd64/libnio.so
7f4f37dfe000-7f4f37ffe000 ---p 00011000 fc:01 1828929                    /usr/lib/jvm/java-8-openjdk-amd64/jre/lib/amd64/libnio.so
7f4f37ffe000-7f4f37fff000 r--p 00011000 fc:01 1828929                    /usr/lib/jvm/java-8-openjdk-amd64/jre/lib/amd64/libnio.so
7f4f37fff000-7f4f38000000 rw-p 00012000 fc:01 1828929                    /usr/lib/jvm/java-8-openjdk-amd64/jre/lib/amd64/libnio.so
7f4f38000000-7f4f386b7000 rw-p 00000000 00:00 0 
7f4f386b7000-7f4f3c000000 ---p 00000000 00:00 0 
7f4f3c000000-7f4f3c021000 rw-p 00000000 00:00 0 
7f4f3c021000-7f4f40000000 ---p 00000000 00:00 0 
7f4f40000000-7f4f40021000 rw-p 00000000 00:00 0 
7f4f40021000-7f4f44000000 ---p 00000000 00:00 0 
7f4f44000000-7f4f45e11000 rw-p 00000000 00:00 0 
7f4f45e11000-7f4f48000000 ---p 00000000 00:00 0 
7f4f48000000-7f4f48021000 rw-p 00000000 00:00 0 
7f4f48021000-7f4f4c000000 ---p 00000000 00:00 0 
7f4f4c000000-7f4f4c021000 rw-p 00000000 00:00 0 
7f4f4c021000-7f4f50000000 ---p 00000000 00:00 0 
7f4f50000000-7f4f50021000 rw-p 00000000 00:00 0 
7f4f50021000-7f4f54000000 ---p 00000000 00:00 0 
7f4f54000000-7f4f54024000 rw-p 00000000 00:00 0 
7f4f54024000-7f4f58000000 ---p 00000000 00:00 0 
7f4f58000000-7f4f58001000 r--s 00004000 fc:01 4129321                    /home/dcpowe4/.m2/repository/relaxngDatatype/relaxngDatatype/20020414/relaxngDatatype-20020414.jar
7f4f58001000-7f4f58004000 r--s 00012000 fc:01 3879435                    /home/dcpowe4/.m2/repository/org/powermock/powermock-core/1.5.6/powermock-core-1.5.6.jar
7f4f58004000-7f4f58006000 r--s 00002000 fc:01 3879427                    /home/dcpowe4/.m2/repository/org/powermock/powermock-module-junit4-common/1.5.6/powermock-module-junit4-common-1.5.6.jar
7f4f58006000-7f4f58007000 r--s 00005000 fc:01 3879423                    /home/dcpowe4/.m2/repository/org/powermock/powermock-module-junit4/1.5.6/powermock-module-junit4-1.5.6.jar
7f4f58007000-7f4f58009000 r--s 00005000 fc:01 4129279                    /home/dcpowe4/.m2/repository/org/objenesis/objenesis/1.0/objenesis-1.0.jar
7f4f58009000-7f4f5800b000 r--s 00009000 fc:01 3620355                    /home/dcpowe4/.m2/repository/org/hamcrest/hamcrest-core/1.3/hamcrest-core-1.3.jar
7f4f5800b000-7f4f58011000 r--s 00036000 fc:01 3620353                    /home/dcpowe4/.m2/repository/junit/junit/4.11/junit-4.11.jar
7f4f58011000-7f4f58014000 r--s 0001b000 fc:01 4129313                    /home/dcpowe4/.m2/repository/xpp3/xpp3/1.1.4c/xpp3-1.1.4c.jar
7f4f58014000-7f4f5801c000 r--s 00048000 fc:01 4129308                    /home/dcpowe4/.m2/repository/org/springframework/spring-aop/2.5.6.SEC03/spring-aop-2.5.6.SEC03.jar
7f4f5801c000-7f4f58022000 r--s 00040000 fc:01 4129307                    /home/dcpowe4/.m2/repository/org/springframework/spring-core/2.5.6.SEC03/spring-core-2.5.6.SEC03.jar
7f4f58022000-7f4f58027000 r--s 0002b000 fc:01 4129306                    /home/dcpowe4/.m2/repository/org/springframework/spring-web/2.5.6.SEC03/spring-web-2.5.6.SEC03.jar
7f4f58027000-7f4f5802a000 r--s 00015000 fc:01 4129302                    /home/dcpowe4/.m2/repository/org/springframework/spring-context-support/2.5.6.SEC03/spring-context-support-2.5.6.SEC03.jar
7f4f5802a000-7f4f58036000 r--s 00069000 fc:01 4129300                    /home/dcpowe4/.m2/repository/org/springframework/spring-context/2.5.6.SEC03/spring-context-2.5.6.SEC03.jar
7f4f58036000-7f4f58040000 r--s 0006e000 fc:01 4129298                    /home/dcpowe4/.m2/repository/org/springframework/spring-beans/2.5.6.SEC03/spring-beans-2.5.6.SEC03.jar
7f4f58040000-7f4f58049000 r--s 0005a000 fc:01 4129297                    /home/dcpowe4/.m2/repository/org/springframework/spring-webmvc/2.5.6.SEC03/spring-webmvc-2.5.6.SEC03.jar
7f4f58049000-7f4f5804b000 r--s 0001a000 fc:01 4129295                    /home/dcpowe4/.m2/repository/org/fusesource/jansi/jansi/1.9/jansi-1.9.jar
7f4f5804b000-7f4f5804d000 r--s 00014000 fc:01 3877500                    /home/dcpowe4/.m2/repository/jline/jline/0.9.94/jline-0.9.94.jar
7f4f5804d000-7f4f580ab000 r--s 00592000 fc:01 4129292                    /home/dcpowe4/.m2/repository/org/codehaus/groovy/groovy-all/1.8.9/groovy-all-1.8.9.jar
7f4f580ab000-7f4f580b3000 r--s 0004f000 fc:01 3878599                    /home/dcpowe4/.m2/repository/log4j/log4j/1.2.9/log4j-1.2.9.jar
7f4f580b3000-7f4f580b5000 r--s 0000e000 fc:01 3622772                    /home/dcpowe4/.m2/repository/oro/oro/2.0.8/oro-2.0.8.jar
7f4f580b5000-7f4f580b9000 r--s 00014000 fc:01 4129290                    /home/dcpowe4/.m2/repository/org/springframework/spring-dao/1.2.9/spring-dao-1.2.9.jar
7f4f580b9000-7f4f580be000 r--s 00029000 fc:01 4129289                    /home/dcpowe4/.m2/repository/org/springframework/spring-jdbc/1.2.9/spring-jdbc-1.2.9.jar
7f4f580be000-7f4f580cb000 r--s 00079000 fc:01 4129288                    /home/dcpowe4/.m2/repository/org/acegisecurity/acegi-security/1.0.7/acegi-security-1.0.7.jar
7f4f580cb000-7f4f580cf000 r--s 0001f000 fc:01 4129285                    /home/dcpowe4/.m2/repository/org/jenkins-ci/commons-jexl/1.1-jenkins-20111212/commons-jexl-1.1-jenkins-20111212.jar
7f4f580cf000-7f4f580d1000 r--s 00004000 fc:01 4129282                    /home/dcpowe4/.m2/repository/org/jvnet/hudson/commons-jelly-tags-define/1.0.1-hudson-20071021/commons-jelly-tags-define-1.0.1-hudson-20071021.jar
7f4f580d1000-7f4f580d3000 r--s 00008000 fc:01 4129281                    /home/dcpowe4/.m2/repository/commons-jelly/commons-jelly-tags-xml/1.1/commons-jelly-tags-xml-1.1.jar
7f4f580d3000-7f4f580d4000 r--s 00005000 fc:01 4129280                    /home/dcpowe4/.m2/repository/commons-jelly/commons-jelly-tags-fmt/1.0/commons-jelly-tags-fmt-1.0.jar
7f4f580d4000-7f4f580da000 r--s 00035000 fc:01 4129259                    /home/dcpowe4/.m2/repository/jaxen/jaxen/1.1-beta-11/jaxen-1.1-beta-11.jar
7f4f580da000-7f4f580e1000 r--s 00072000 fc:01 4129273                    /home/dcpowe4/.m2/repository/javax/mail/mail/1.4.4/mail-1.4.4.jar
7f4f580e1000-7f4f580e8000 r--s 00056000 fc:01 4129271                    /home/dcpowe4/.m2/repository/org/apache/commons/commons-compress/1.9/commons-compress-1.9.jar
7f4f580e8000-7f4f580ed000 r--s 00034000 fc:01 4129237                    /home/dcpowe4/.m2/repository/commons-beanutils/commons-beanutils/1.8.3/commons-beanutils-1.8.3.jar
7f4f580ed000-7f4f580f3000 r--s 0002b000 fc:01 3628052                    /home/dcpowe4/.m2/repository/commons-digester/commons-digester/2.1/commons-digester-2.1.jar
7f4f580f3000-7f4f580f8000 r--s 00041000 fc:01 3877713                    /home/dcpowe4/.m2/repository/commons-lang/commons-lang/2.6/commons-lang-2.6.jar
7f4f580f8000-7f4f580fc000 r--s 0002a000 fc:01 3623247                    /home/dcpowe4/.m2/repository/commons-io/commons-io/2.4/commons-io-2.4.jar
7f4f580fc000-7f4f5811a000 r--s 001bd000 fc:01 3880689                    /home/dcpowe4/.m2/repository/org/apache/ant/ant/1.8.4/ant-1.8.4.jar
7f4f5811a000-7f4f58120000 r--s 00046000 fc:01 4129264                    /home/dcpowe4/.m2/repository/jfree/jcommon/1.0.12/jcommon-1.0.12.jar
7f4f58120000-7f4f5812f000 r--s 0012d000 fc:01 4129263                    /home/dcpowe4/.m2/repository/jfree/jfreechart/1.0.9/jfreechart-1.0.9.jar
7f4f5812f000-7f4f5813d000 r--s 00075000 fc:01 4129261                    /home/dcpowe4/.m2/repository/org/jvnet/hudson/xstream/1.4.7-jenkins-1/xstream-1.4.7-jenkins-1.jar
7f4f5813d000-7f4f58143000 r--s 00067000 fc:01 4129260                    /home/dcpowe4/.m2/repository/antlr/antlr/2.7.6/antlr-2.7.6.jar
7f4f58143000-7f4f58144000 ---p 00000000 00:00 0 
7f4f58144000-7f4f58244000 rw-p 00000000 00:00 0 
7f4f58244000-7f4f58247000 ---p 00000000 00:00 0 
7f4f58247000-7f4f58345000 rw-p 00000000 00:00 0 
7f4f58345000-7f4f58346000 ---p 00000000 00:00 0 
7f4f58346000-7f4f58349000 ---p 00000000 00:00 0 
7f4f58349000-7f4f58446000 rw-p 00000000 00:00 0 
7f4f58446000-7f4f58447000 ---p 00000000 00:00 0 
7f4f58447000-7f4f5844a000 ---p 00000000 00:00 0 
7f4f5844a000-7f4f58547000 rw-p 00000000 00:00 0 
7f4f58547000-7f4f5854a000 ---p 00000000 00:00 0 
7f4f5854a000-7f4f58648000 rw-p 00000000 00:00 0 
7f4f58648000-7f4f587bb000 r--p 00000000 fc:01 7808                       /usr/lib/locale/C.UTF-8/LC_COLLATE
7f4f587bb000-7f4f58956000 r--p 00000000 fc:01 7803                       /usr/lib/locale/locale-archive
7f4f58956000-7f4f58959000 ---p 00000000 00:00 0 
7f4f58959000-7f4f58a57000 rw-p 00000000 00:00 0 
7f4f58a57000-7f4f58a5a000 ---p 00000000 00:00 0 
7f4f58a5a000-7f4f58b58000 rw-p 00000000 00:00 0 
7f4f58b58000-7f4f58b59000 ---p 00000000 00:00 0 
7f4f58b59000-7f4f59562000 rw-p 00000000 00:00 0 
7f4f59562000-7f4f59732000 r--s 03c5f000 fc:01 1831937                    /usr/lib/jvm/java-8-openjdk-amd64/jre/lib/rt.jar
7f4f59732000-7f4f5c000000 rw-p 00000000 00:00 0 
7f4f5c000000-7f4f5c022000 rw-p 00000000 00:00 0 
7f4f5c022000-7f4f60000000 ---p 00000000 00:00 0 
7f4f60000000-7f4f60002000 r--s 00010000 fc:01 4129274                    /home/dcpowe4/.m2/repository/org/jvnet/hudson/activation/1.1.1-hudson-1/activation-1.1.1-hudson-1.jar
7f4f60002000-7f4f60004000 r--s 00016000 fc:01 3878601                    /home/dcpowe4/.m2/repository/javax/servlet/servlet-api/2.4/servlet-api-2.4.jar
7f4f60004000-7f4f60005000 r--s 00004000 fc:01 4129266                    /home/dcpowe4/.m2/repository/org/apache/ant/ant-launcher/1.8.4/ant-launcher-1.8.4.jar
7f4f60005000-7f4f60006000 r--s 00001000 fc:01 3879468                    /home/dcpowe4/.m2/repository/org/jvnet/localizer/localizer/1.23/localizer-1.23.jar
7f4f60006000-7f4f60007000 r--s 00004000 fc:01 4129257                    /home/dcpowe4/.m2/repository/org/jenkins-ci/task-reactor/1.4/task-reactor-1.4.jar
7f4f60007000-7f4f6000c000 r--s 00058000 fc:01 3880685                    /home/dcpowe4/.m2/repository/org/kohsuke/asm5/5.0.1/asm5-5.0.1.jar
7f4f6000c000-7f4f6000e000 r--s 00005000 fc:01 4129256                    /home/dcpowe4/.m2/repository/org/jenkins-ci/bytecode-compatibility-transformer/1.5/bytecode-compatibility-transformer-1.5.jar
7f4f6000e000-7f4f6000f000 r--s 00003000 fc:01 4129252                    /home/dcpowe4/.m2/repository/org/jenkins-ci/annotation-indexer/1.7/annotation-indexer-1.7.jar
7f4f6000f000-7f4f60012000 r--s 00013000 fc:01 4129251                    /home/dcpowe4/.m2/repository/args4j/args4j/2.0.31/args4j-2.0.31.jar
7f4f60012000-7f4f60018000 r--s 00045000 fc:01 4129250                    /home/dcpowe4/.m2/repository/commons-httpclient/commons-httpclient/3.1/commons-httpclient-3.1.jar
7f4f60018000-7f4f6001b000 r--s 00013000 fc:01 3880681                    /home/dcpowe4/.m2/repository/net/sf/ezmorph/ezmorph/1.0.6/ezmorph-1.0.6.jar
7f4f6001b000-7f4f6001e000 r--s 00020000 fc:01 3880673                    /home/dcpowe4/.m2/repository/org/kohsuke/stapler/json-lib/2.4-jenkins-2/json-lib-2.4-jenkins-2.jar
7f4f6001e000-7f4f6001f000 r--s 00000000 fc:01 4129246                    /home/dcpowe4/.m2/repository/com/infradna/tool/bridge-method-annotation/1.13/bridge-method-annotation-1.13.jar
7f4f6001f000-7f4f60022000 r--s 0002d000 fc:01 4129245                    /home/dcpowe4/.m2/repository/org/kohsuke/stapler/stapler-adjunct-timeline/1.4/stapler-adjunct-timeline-1.4-tests.jar
7f4f60022000-7f4f60028000 r--s 0003e000 fc:01 4129244                    /home/dcpowe4/.m2/repository/org/kohsuke/stapler/stapler-adjunct-codemirror/1.3/stapler-adjunct-codemirror-1.3.jar
7f4f60028000-7f4f6002c000 r--s 00025000 fc:01 4129241                    /home/dcpowe4/.m2/repository/org/kohsuke/stapler/stapler-adjunct-timeline/1.4/stapler-adjunct-timeline-1.4.jar
7f4f6002c000-7f4f6002d000 r--s 00004000 fc:01 4129238                    /home/dcpowe4/.m2/repository/org/kohsuke/stapler/stapler-adjunct-zeroclipboard/1.3.5-1/stapler-adjunct-zeroclipboard-1.3.5-1.jar
7f4f6002d000-7f4f6002f000 r--s 00000000 fc:01 4129231                    /home/dcpowe4/.m2/repository/org/kohsuke/windows-package-checker/1.0/windows-package-checker-1.0.jar
7f4f6002f000-7f4f60031000 r--s 00003000 fc:01 3880675                    /home/dcpowe4/.m2/repository/org/jvnet/tiger-types/1.3/tiger-types-1.3.jar
7f4f60031000-7f4f60034000 r--s 00010000 fc:01 3875628                    /home/dcpowe4/.m2/repository/commons-discovery/commons-discovery/0.4/commons-discovery-0.4.jar
7f4f60034000-7f4f60036000 r--s 00005000 fc:01 3880633                    /home/dcpowe4/.m2/repository/javax/annotation/javax.annotation-api/1.2/javax.annotation-api-1.2.jar
7f4f60036000-7f4f6003d000 r--s 0004f000 fc:01 3880581                    /home/dcpowe4/.m2/repository/org/kohsuke/stapler/stapler/1.236/stapler-1.236.jar
7f4f6003d000-7f4f6003e000 r--s 00001000 fc:01 4129234                    /home/dcpowe4/.m2/repository/org/kohsuke/stapler/stapler-jrebel/1.236/stapler-jrebel-1.236.jar
7f4f6003e000-7f4f60043000 r--s 0003a000 fc:01 4129232                    /home/dcpowe4/.m2/repository/org/jenkins-ci/dom4j/dom4j/1.6.1-jenkins-4/dom4j-1.6.1-jenkins-4.jar
7f4f60043000-7f4f60047000 r--s 00026000 fc:01 4129230                    /home/dcpowe4/.m2/repository/org/jenkins-ci/commons-jelly/1.1-jenkins-20120928/commons-jelly-1.1-jenkins-20120928.jar
7f4f60047000-7f4f6004a000 r--s 00013000 fc:01 3880661                    /home/dcpowe4/.m2/repository/org/kohsuke/stapler/stapler-jelly/1.236/stapler-jelly-1.236.jar
7f4f6004a000-7f4f6004c000 r--s 00007000 fc:01 3880659                    /home/dcpowe4/.m2/repository/org/kohsuke/stapler/stapler-groovy/1.236/stapler-groovy-1.236.jar
7f4f6004c000-7f4f60051000 r--s 0003c000 fc:01 3880655                    /home/dcpowe4/.m2/repository/org/jenkins-ci/trilead-ssh2/build217-jenkins-8/trilead-ssh2-build217-jenkins-8.jar
7f4f60051000-7f4f60052000 r--s 00001000 fc:01 3880651                    /home/dcpowe4/.m2/repository/org/kohsuke/trilead-putty-extension/1.2/trilead-putty-extension-1.2.jar
7f4f60052000-7f4f60057000 r--s 00048000 fc:01 3880649                    /home/dcpowe4/.m2/repository/com/github/jnr/jnr-constants/0.8.5/jnr-constants-0.8.5.jar
7f4f60057000-7f4f6005a000 r--s 00033000 fc:01 3880647                    /home/dcpowe4/.m2/repository/com/github/jnr/jnr-x86asm/1.0.2/jnr-x86asm-1.0.2.jar
7f4f6005a000-7f4f6005c000 r--s 00008000 fc:01 3880643                    /home/dcpowe4/.m2/repository/org/ow2/asm/asm-util/4.0/asm-util-4.0.jar
7f4f6005c000-7f4f6005e000 r--s 00004000 fc:01 3880635                    /home/dcpowe4/.m2/repository/org/ow2/asm/asm-tree/4.0/asm-tree-4.0.jar
7f4f6005e000-7f4f6005f000 r--s 00004000 fc:01 3880629                    /home/dcpowe4/.m2/repository/org/ow2/asm/asm-analysis/4.0/asm-analysis-4.0.jar
7f4f6005f000-7f4f60061000 r--s 00008000 fc:01 3880589                    /home/dcpowe4/.m2/repository/org/ow2/asm/asm-commons/4.0/asm-commons-4.0.jar
7f4f60061000-7f4f60063000 r--s 0000a000 fc:01 3628050                    /home/dcpowe4/.m2/repository/org/ow2/asm/asm/4.0/asm-4.0.jar
7f4f60063000-7f4f60065000 r--s 0005d000 fc:01 3880625                    /home/dcpowe4/.m2/repository/com/github/jnr/jffi/1.2.7/jffi-1.2.7-native.jar
7f4f60065000-7f4f60069000 r--s 00020000 fc:01 3880617                    /home/dcpowe4/.m2/repository/com/github/jnr/jffi/1.2.7/jffi-1.2.7.jar
7f4f60069000-7f4f60079000 r--s 0008e000 fc:01 3880615                    /home/dcpowe4/.m2/repository/com/github/jnr/jnr-ffi/1.0.7/jnr-ffi-1.0.7.jar
7f4f60079000-7f4f6007d000 r--s 00023000 fc:01 3880609                    /home/dcpowe4/.m2/repository/com/github/jnr/jnr-posix/3.0.1/jnr-posix-3.0.1.jar
7f4f6007d000-7f4f60080000 r--s 00014000 fc:01 3880607                    /home/dcpowe4/.m2/repository/org/jruby/ext/posix/jna-posix/1.0.3-jenkins-1/jna-posix-1.0.3-jenkins-1.jar
7f4f60080000-7f4f60082000 r--s 00000000 fc:01 3880605                    /home/dcpowe4/.m2/repository/aopalliance/aopalliance/1.0/aopalliance-1.0.jar
7f4f60082000-7f4f60083000 r--s 00000000 fc:01 3880603                    /home/dcpowe4/.m2/repository/javax/inject/javax.inject/1/javax.inject-1.jar
7f4f60083000-7f4f600a3000 r--s 0014c000 fc:01 3880601                    /home/dcpowe4/.m2/repository/com/google/inject/guice/4.0-beta/guice-4.0-beta.jar
7f4f600a3000-7f4f600a4000 r--s 00000000 fc:01 3880591                    /home/dcpowe4/.m2/repository/org/jenkins-ci/core-annotation-processors/1.0/core-annotation-processors-1.0.jar
7f4f600a4000-7f4f600a7000 r--s 0001c000 fc:01 3880587                    /home/dcpowe4/.m2/repository/org/jvnet/hudson/jtidy/4aug2000r7-dev-hudson-1/jtidy-4aug2000r7-dev-hudson-1.jar
7f4f600a7000-7f4f600a9000 r--s 00000000 fc:01 3880583                    /home/dcpowe4/.m2/repository/org/jenkins-ci/crypto-util/1.1/crypto-util-1.1.jar
7f4f600a9000-7f4f600aa000 r--s 00002000 fc:01 3880579                    /home/dcpowe4/.m2/repository/org/jenkins-ci/version-number/1.1/version-number-1.1.jar
7f4f600aa000-7f4f600ac000 r--s 00008000 fc:01 3879829                    /home/dcpowe4/MP3/mp3/jenkins/cli/target/cli-1.610-SNAPSHOT.jar
7f4f600ac000-7f4f600b5000 r--s 0006c000 fc:01 3879425                    /home/dcpowe4/.m2/repository/org/jenkins-ci/main/remoting/2.50/remoting-2.50.jar
7f4f600b5000-7f4f600d0000 r--s 001d6000 fc:01 1829726                    /usr/lib/jvm/java-8-openjdk-amd64/jre/lib/ext/nashorn.jar
7f4f600d0000-7f4f600d1000 ---p 00000000 00:00 0 
7f4f600d1000-7f4f601d1000 rw-p 00000000 00:00 0 
7f4f601d1000-7f4f601d2000 ---p 00000000 00:00 0 
7f4f601d2000-7f4f602e5000 rw-p 00000000 00:00 0 
7f4f602e5000-7f4f6041c000 ---p 00000000 00:00 0 
7f4f6041c000-7f4f6042f000 rw-p 00000000 00:00 0 
7f4f6042f000-7f4f60565000 ---p 00000000 00:00 0 
7f4f60565000-7f4f605c5000 rw-p 00000000 00:00 0 
7f4f605c5000-7f4f6060a000 ---p 00000000 00:00 0 
7f4f6060a000-7f4f60641000 rw-p 00000000 00:00 0 
7f4f60641000-7f4f609cb000 ---p 00000000 00:00 0 
7f4f609cb000-7f4f6172b000 rwxp 00000000 00:00 0 
7f4f6172b000-7f4f6f9cb000 ---p 00000000 00:00 0 
7f4f6f9cb000-7f4f6f9d3000 r-xp 00000000 fc:01 1828937                    /usr/lib/jvm/java-8-openjdk-amd64/jre/lib/amd64/libzip.so
7f4f6f9d3000-7f4f6fbd2000 ---p 00008000 fc:01 1828937                    /usr/lib/jvm/java-8-openjdk-amd64/jre/lib/amd64/libzip.so
7f4f6fbd2000-7f4f6fbd3000 r--p 00007000 fc:01 1828937                    /usr/lib/jvm/java-8-openjdk-amd64/jre/lib/amd64/libzip.so
7f4f6fbd3000-7f4f6fbd4000 rw-p 00008000 fc:01 1828937                    /usr/lib/jvm/java-8-openjdk-amd64/jre/lib/amd64/libzip.so
7f4f6fbd4000-7f4f6fbdf000 r-xp 00000000 fc:01 2095                       /lib/x86_64-linux-gnu/libnss_files-2.27.so
7f4f6fbdf000-7f4f6fdde000 ---p 0000b000 fc:01 2095                       /lib/x86_64-linux-gnu/libnss_files-2.27.so
7f4f6fdde000-7f4f6fddf000 r--p 0000a000 fc:01 2095                       /lib/x86_64-linux-gnu/libnss_files-2.27.so
7f4f6fddf000-7f4f6fde0000 rw-p 0000b000 fc:01 2095                       /lib/x86_64-linux-gnu/libnss_files-2.27.so
7f4f6fde0000-7f4f6fde6000 rw-p 00000000 00:00 0 
7f4f6fde6000-7f4f6fdfd000 r-xp 00000000 fc:01 2092                       /lib/x86_64-linux-gnu/libnsl-2.27.so
7f4f6fdfd000-7f4f6fffc000 ---p 00017000 fc:01 2092                       /lib/x86_64-linux-gnu/libnsl-2.27.so
7f4f6fffc000-7f4f6fffd000 r--p 00016000 fc:01 2092                       /lib/x86_64-linux-gnu/libnsl-2.27.so
7f4f6fffd000-7f4f6fffe000 rw-p 00017000 fc:01 2092                       /lib/x86_64-linux-gnu/libnsl-2.27.so
7f4f6fffe000-7f4f70000000 rw-p 00000000 00:00 0 
7f4f70000000-7f4f70f15000 rw-p 00000000 00:00 0 
7f4f70f15000-7f4f74000000 ---p 00000000 00:00 0 
7f4f74000000-7f4f74001000 r--s 00003000 fc:01 3879462                    /home/dcpowe4/.m2/repository/org/jenkins-ci/constant-pool-scanner/1.2/constant-pool-scanner-1.2.jar
7f4f74001000-7f4f74003000 r--s 00003000 fc:01 3880575                    /home/dcpowe4/.m2/repository/org/jenkins-ci/plugins/icon-shim/icon-set/1.0.5/icon-set-1.0.5.jar
7f4f74003000-7f4f74007000 r--s 00021000 fc:01 3879734                    /home/dcpowe4/.m2/repository/org/apache/maven/surefire/surefire-api/2.16/surefire-api-2.16.jar
7f4f74007000-7f4f74009000 r--s 00008000 fc:01 3879730                    /home/dcpowe4/.m2/repository/org/apache/maven/surefire/surefire-booter/2.16/surefire-booter-2.16.jar
7f4f74009000-7f4f7400a000 r--s 00003000 fc:01 4142230                    /home/dcpowe4/MP3/mp3/jenkins/core/target/surefire/surefirebooter7200606918135409625.jar
7f4f7400a000-7f4f7400d000 r--s 0000f000 fc:01 1829723                    /usr/lib/jvm/java-8-openjdk-amd64/jre/lib/ext/icedtea-sound.jar
7f4f7400d000-7f4f74011000 r--s 0003a000 fc:01 1829729                    /usr/lib/jvm/java-8-openjdk-amd64/jre/lib/ext/sunpkcs11.jar
7f4f74011000-7f4f7401b000 r--s 00116000 fc:01 1829725                    /usr/lib/jvm/java-8-openjdk-amd64/jre/lib/ext/localedata.jar
7f4f7401b000-7f4f74020000 r--s 0003d000 fc:01 1829728                    /usr/lib/jvm/java-8-openjdk-amd64/jre/lib/ext/sunjce_provider.jar
7f4f74020000-7f4f74021000 r--s 0000a000 fc:01 1829724                    /usr/lib/jvm/java-8-openjdk-amd64/jre/lib/ext/jaccess.jar
7f4f74021000-7f4f74023000 r--s 00007000 fc:01 76117                      /usr/share/java/java-atk-wrapper.jar
7f4f74023000-7f4f74025000 r--s 00001000 fc:01 1829239                    /usr/lib/jvm/java-8-openjdk-amd64/jre/lib/ext/dnsns.jar
7f4f74025000-7f4f74040000 r--s 00394000 fc:01 1828949                    /usr/lib/jvm/java-8-openjdk-amd64/jre/lib/ext/cldrdata.jar
7f4f74040000-7f4f74071000 r--p 00000000 fc:01 7809                       /usr/lib/locale/C.UTF-8/LC_CTYPE
7f4f74071000-7f4f74078000 r--s 00000000 fc:01 5022                       /usr/lib/x86_64-linux-gnu/gconv/gconv-modules.cache
7f4f74078000-7f4f740c6000 rw-p 00000000 00:00 0 
7f4f740c6000-7f4f740d1000 r-xp 00000000 fc:01 2097                       /lib/x86_64-linux-gnu/libnss_nis-2.27.so
7f4f740d1000-7f4f742d0000 ---p 0000b000 fc:01 2097                       /lib/x86_64-linux-gnu/libnss_nis-2.27.so
7f4f742d0000-7f4f742d1000 r--p 0000a000 fc:01 2097                       /lib/x86_64-linux-gnu/libnss_nis-2.27.so
7f4f742d1000-7f4f742d2000 rw-p 0000b000 fc:01 2097                       /lib/x86_64-linux-gnu/libnss_nis-2.27.so
7f4f742d2000-7f4f742da000 r-xp 00000000 fc:01 2093                       /lib/x86_64-linux-gnu/libnss_compat-2.27.so
7f4f742da000-7f4f744da000 ---p 00008000 fc:01 2093                       /lib/x86_64-linux-gnu/libnss_compat-2.27.so
7f4f744da000-7f4f744db000 r--p 00008000 fc:01 2093                       /lib/x86_64-linux-gnu/libnss_compat-2.27.so
7f4f744db000-7f4f744dc000 rw-p 00009000 fc:01 2093                       /lib/x86_64-linux-gnu/libnss_compat-2.27.so
7f4f744dc000-7f4f74506000 r-xp 00000000 fc:01 1828915                    /usr/lib/jvm/java-8-openjdk-amd64/jre/lib/amd64/libjava.so
7f4f74506000-7f4f74705000 ---p 0002a000 fc:01 1828915                    /usr/lib/jvm/java-8-openjdk-amd64/jre/lib/amd64/libjava.so
7f4f74705000-7f4f74706000 r--p 00029000 fc:01 1828915                    /usr/lib/jvm/java-8-openjdk-amd64/jre/lib/amd64/libjava.so
7f4f74706000-7f4f74708000 rw-p 0002a000 fc:01 1828915                    /usr/lib/jvm/java-8-openjdk-amd64/jre/lib/amd64/libjava.so
7f4f74708000-7f4f74718000 r-xp 00000000 fc:01 1828936                    /usr/lib/jvm/java-8-openjdk-amd64/jre/lib/amd64/libverify.so
7f4f74718000-7f4f74917000 ---p 00010000 fc:01 1828936                    /usr/lib/jvm/java-8-openjdk-amd64/jre/lib/amd64/libverify.so
7f4f74917000-7f4f74919000 r--p 0000f000 fc:01 1828936                    /usr/lib/jvm/java-8-openjdk-amd64/jre/lib/amd64/libverify.so
7f4f74919000-7f4f7491a000 rw-p 00011000 fc:01 1828936                    /usr/lib/jvm/java-8-openjdk-amd64/jre/lib/amd64/libverify.so
7f4f7491a000-7f4f74921000 r-xp 00000000 fc:01 2183                       /lib/x86_64-linux-gnu/librt-2.27.so
7f4f74921000-7f4f74b20000 ---p 00007000 fc:01 2183                       /lib/x86_64-linux-gnu/librt-2.27.so
7f4f74b20000-7f4f74b21000 r--p 00006000 fc:01 2183                       /lib/x86_64-linux-gnu/librt-2.27.so
7f4f74b21000-7f4f74b22000 rw-p 00007000 fc:01 2183                       /lib/x86_64-linux-gnu/librt-2.27.so
7f4f74b22000-7f4f74b39000 r-xp 00000000 fc:01 105                        /lib/x86_64-linux-gnu/libgcc_s.so.1
7f4f74b39000-7f4f74d38000 ---p 00017000 fc:01 105                        /lib/x86_64-linux-gnu/libgcc_s.so.1
7f4f74d38000-7f4f74d39000 r--p 00016000 fc:01 105                        /lib/x86_64-linux-gnu/libgcc_s.so.1
7f4f74d39000-7f4f74d3a000 rw-p 00017000 fc:01 105                        /lib/x86_64-linux-gnu/libgcc_s.so.1
7f4f74d3a000-7f4f74ed7000 r-xp 00000000 fc:01 2089                       /lib/x86_64-linux-gnu/libm-2.27.so
7f4f74ed7000-7f4f750d6000 ---p 0019d000 fc:01 2089                       /lib/x86_64-linux-gnu/libm-2.27.so
7f4f750d6000-7f4f750d7000 r--p 0019c000 fc:01 2089                       /lib/x86_64-linux-gnu/libm-2.27.so
7f4f750d7000-7f4f750d8000 rw-p 0019d000 fc:01 2089                       /lib/x86_64-linux-gnu/libm-2.27.so
7f4f750d8000-7f4f75251000 r-xp 00000000 fc:01 315                        /usr/lib/x86_64-linux-gnu/libstdc++.so.6.0.25
7f4f75251000-7f4f75451000 ---p 00179000 fc:01 315                        /usr/lib/x86_64-linux-gnu/libstdc++.so.6.0.25
7f4f75451000-7f4f7545b000 r--p 00179000 fc:01 315                        /usr/lib/x86_64-linux-gnu/libstdc++.so.6.0.25
7f4f7545b000-7f4f7545d000 rw-p 00183000 fc:01 315                        /usr/lib/x86_64-linux-gnu/libstdc++.so.6.0.25
7f4f7545d000-7f4f75461000 rw-p 00000000 00:00 0 
7f4f75461000-7f4f76103000 r-xp 00000000 fc:01 1828939                    /usr/lib/jvm/java-8-openjdk-amd64/jre/lib/amd64/server/libjvm.so
7f4f76103000-7f4f76302000 ---p 00ca2000 fc:01 1828939                    /usr/lib/jvm/java-8-openjdk-amd64/jre/lib/amd64/server/libjvm.so
7f4f76302000-7f4f76396000 r--p 00ca1000 fc:01 1828939                    /usr/lib/jvm/java-8-openjdk-amd64/jre/lib/amd64/server/libjvm.so
7f4f76396000-7f4f763bf000 rw-p 00d35000 fc:01 1828939                    /usr/lib/jvm/java-8-openjdk-amd64/jre/lib/amd64/server/libjvm.so
7f4f763bf000-7f4f763ef000 rw-p 00000000 00:00 0 
7f4f763ef000-7f4f76409000 r-xp 00000000 fc:01 2181                       /lib/x86_64-linux-gnu/libpthread-2.27.so
7f4f76409000-7f4f76608000 ---p 0001a000 fc:01 2181                       /lib/x86_64-linux-gnu/libpthread-2.27.so
7f4f76608000-7f4f76609000 r--p 00019000 fc:01 2181                       /lib/x86_64-linux-gnu/libpthread-2.27.so
7f4f76609000-7f4f7660a000 rw-p 0001a000 fc:01 2181                       /lib/x86_64-linux-gnu/libpthread-2.27.so
7f4f7660a000-7f4f7660e000 rw-p 00000000 00:00 0 
7f4f7660e000-7f4f76611000 r-xp 00000000 fc:01 2088                       /lib/x86_64-linux-gnu/libdl-2.27.so
7f4f76611000-7f4f76810000 ---p 00003000 fc:01 2088                       /lib/x86_64-linux-gnu/libdl-2.27.so
7f4f76810000-7f4f76811000 r--p 00002000 fc:01 2088                       /lib/x86_64-linux-gnu/libdl-2.27.so
7f4f76811000-7f4f76812000 rw-p 00003000 fc:01 2088                       /lib/x86_64-linux-gnu/libdl-2.27.so
7f4f76812000-7f4f7682e000 r-xp 00000000 fc:01 2187                       /lib/x86_64-linux-gnu/libz.so.1.2.11
7f4f7682e000-7f4f76a2d000 ---p 0001c000 fc:01 2187                       /lib/x86_64-linux-gnu/libz.so.1.2.11
7f4f76a2d000-7f4f76a2e000 r--p 0001b000 fc:01 2187                       /lib/x86_64-linux-gnu/libz.so.1.2.11
7f4f76a2e000-7f4f76a2f000 rw-p 0001c000 fc:01 2187                       /lib/x86_64-linux-gnu/libz.so.1.2.11
7f4f76a2f000-7f4f76c16000 r-xp 00000000 fc:01 2085                       /lib/x86_64-linux-gnu/libc-2.27.so
7f4f76c16000-7f4f76e16000 ---p 001e7000 fc:01 2085                       /lib/x86_64-linux-gnu/libc-2.27.so
7f4f76e16000-7f4f76e1a000 r--p 001e7000 fc:01 2085                       /lib/x86_64-linux-gnu/libc-2.27.so
7f4f76e1a000-7f4f76e1c000 rw-p 001eb000 fc:01 2085                       /lib/x86_64-linux-gnu/libc-2.27.so
7f4f76e1c000-7f4f76e20000 rw-p 00000000 00:00 0 
7f4f76e20000-7f4f76e2e000 r-xp 00000000 fc:01 1828899                    /usr/lib/jvm/java-8-openjdk-amd64/jre/lib/amd64/jli/libjli.so
7f4f76e2e000-7f4f7702d000 ---p 0000e000 fc:01 1828899                    /usr/lib/jvm/java-8-openjdk-amd64/jre/lib/amd64/jli/libjli.so
7f4f7702d000-7f4f7702e000 r--p 0000d000 fc:01 1828899                    /usr/lib/jvm/java-8-openjdk-amd64/jre/lib/amd64/jli/libjli.so
7f4f7702e000-7f4f7702f000 rw-p 0000e000 fc:01 1828899                    /usr/lib/jvm/java-8-openjdk-amd64/jre/lib/amd64/jli/libjli.so
7f4f7702f000-7f4f77056000 r-xp 00000000 fc:01 2081                       /lib/x86_64-linux-gnu/ld-2.27.so
7f4f77056000-7f4f77057000 r--s 00010000 fc:01 1829730                    /usr/lib/jvm/java-8-openjdk-amd64/jre/lib/ext/zipfs.jar
7f4f77057000-7f4f77058000 r--s 0000d000 fc:01 1829727                    /usr/lib/jvm/java-8-openjdk-amd64/jre/lib/ext/sunec.jar
7f4f77058000-7f4f77059000 r--p 00000000 fc:01 7814                       /usr/lib/locale/C.UTF-8/LC_NUMERIC
7f4f77059000-7f4f7705a000 r--p 00000000 fc:01 7817                       /usr/lib/locale/C.UTF-8/LC_TIME
7f4f7705a000-7f4f7705b000 r--p 00000000 fc:01 7812                       /usr/lib/locale/C.UTF-8/LC_MONETARY
7f4f7705b000-7f4f7712c000 rw-p 00000000 00:00 0 
7f4f7712c000-7f4f7712d000 ---p 00000000 00:00 0 
7f4f7712d000-7f4f77130000 ---p 00000000 00:00 0 
7f4f77130000-7f4f7722f000 rw-p 00000000 00:00 0 
7f4f7722f000-7f4f77230000 r--p 00000000 fc:01 7806                       /usr/lib/locale/C.UTF-8/LC_MESSAGES/SYS_LC_MESSAGES
7f4f77230000-7f4f77231000 r--p 00000000 fc:01 7815                       /usr/lib/locale/C.UTF-8/LC_PAPER
7f4f77231000-7f4f77232000 r--p 00000000 fc:01 7813                       /usr/lib/locale/C.UTF-8/LC_NAME
7f4f77232000-7f4f77233000 r--p 00000000 fc:01 7807                       /usr/lib/locale/C.UTF-8/LC_ADDRESS
7f4f77233000-7f4f77234000 r--p 00000000 fc:01 7816                       /usr/lib/locale/C.UTF-8/LC_TELEPHONE
7f4f77234000-7f4f77235000 r--p 00000000 fc:01 7811                       /usr/lib/locale/C.UTF-8/LC_MEASUREMENT
7f4f77235000-7f4f77236000 r--p 00000000 fc:01 7810                       /usr/lib/locale/C.UTF-8/LC_IDENTIFICATION
7f4f77236000-7f4f7724a000 rw-p 00000000 00:00 0 
7f4f7724a000-7f4f77252000 rw-s 00000000 fc:01 3628104                    /tmp/hsperfdata_dcpowe4/8540
7f4f77252000-7f4f77253000 rw-p 00000000 00:00 0 
7f4f77253000-7f4f77254000 ---p 00000000 00:00 0 
7f4f77254000-7f4f77256000 rw-p 00000000 00:00 0 
7f4f77256000-7f4f77257000 r--p 00027000 fc:01 2081                       /lib/x86_64-linux-gnu/ld-2.27.so
7f4f77257000-7f4f77258000 rw-p 00028000 fc:01 2081                       /lib/x86_64-linux-gnu/ld-2.27.so
7f4f77258000-7f4f77259000 rw-p 00000000 00:00 0 
7fff96611000-7fff96632000 rw-p 00000000 00:00 0                          [stack]
7fff9670c000-7fff9670f000 r--p 00000000 00:00 0                          [vvar]
7fff9670f000-7fff96711000 r-xp 00000000 00:00 0                          [vdso]
ffffffffff600000-ffffffffff601000 r-xp 00000000 00:00 0                  [vsyscall]

VM Arguments:
jvm_args: -XX:MaxPermSize=128m 
java_command: /home/dcpowe4/MP3/mp3/jenkins/core/target/surefire/surefirebooter7200606918135409625.jar /home/dcpowe4/MP3/mp3/jenkins/core/target/surefire/surefire3886955616769295992tmp /home/dcpowe4/MP3/mp3/jenkins/core/target/surefire/surefire_03851647273316321442tmp
java_class_path (initial): /home/dcpowe4/MP3/mp3/jenkins/core/target/surefire/surefirebooter7200606918135409625.jar
Launcher Type: SUN_STANDARD

Environment Variables:
JAVA_HOME=/usr/lib/jvm/java-8-openjdk-amd64
PATH=/usr/lib/jvm/java-8-openjdk-amd64/jre/bin:/usr/lib/jvm/java-11-openjdk-amd64/jre/bin:/usr/local/sbin:/usr/local/bin:/usr/sbin:/usr/bin:/sbin:/bin:/usr/games:/usr/local/games:/snap/bin
SHELL=/bin/bash

Signal Handlers:
SIGSEGV: [libjvm.so+0xabafd0], sa_mask[0]=11111111011111111101111111111110, sa_flags=SA_RESTART|SA_SIGINFO
SIGBUS: [libjvm.so+0xabafd0], sa_mask[0]=11111111011111111101111111111110, sa_flags=SA_RESTART|SA_SIGINFO
SIGFPE: [libjvm.so+0x8f05b0], sa_mask[0]=11111111011111111101111111111110, sa_flags=SA_RESTART|SA_SIGINFO
SIGPIPE: [libjvm.so+0x8f05b0], sa_mask[0]=11111111011111111101111111111110, sa_flags=SA_RESTART|SA_SIGINFO
SIGXFSZ: [libjvm.so+0x8f05b0], sa_mask[0]=11111111011111111101111111111110, sa_flags=SA_RESTART|SA_SIGINFO
SIGILL: [libjvm.so+0x8f05b0], sa_mask[0]=11111111011111111101111111111110, sa_flags=SA_RESTART|SA_SIGINFO
SIGUSR1: SIG_DFL, sa_mask[0]=00000000000000000000000000000000, sa_flags=none
SIGUSR2: [libjvm.so+0x8f0460], sa_mask[0]=00100000000000000000000000000000, sa_flags=SA_RESTART|SA_SIGINFO
SIGHUP: [libjvm.so+0x8f0ad0], sa_mask[0]=11111111011111111101111111111110, sa_flags=SA_RESTART|SA_SIGINFO
SIGINT: [libjvm.so+0x8f0ad0], sa_mask[0]=11111111011111111101111111111110, sa_flags=SA_RESTART|SA_SIGINFO
SIGTERM: [libjvm.so+0x8f0ad0], sa_mask[0]=11111111011111111101111111111110, sa_flags=SA_RESTART|SA_SIGINFO
SIGQUIT: [libjvm.so+0x8f0ad0], sa_mask[0]=11111111011111111101111111111110, sa_flags=SA_RESTART|SA_SIGINFO


---------------  S Y S T E M  ---------------

OS:DISTRIB_ID=Ubuntu
DISTRIB_RELEASE=18.04
DISTRIB_CODENAME=bionic
DISTRIB_DESCRIPTION="Ubuntu 18.04.3 LTS"

uname:Linux 4.15.0-74-generic #84-Ubuntu SMP Thu Dec 19 08:06:28 UTC 2019 x86_64
libc:glibc 2.27 NPTL 2.27 
rlimit: STACK 8192k, CORE 0k, NPROC 15517, NOFILE 1048576, AS infinity
load average:11.50 7.87 5.09

/proc/meminfo:
MemTotal:        4039168 kB
MemFree:          113704 kB
MemAvailable:      16164 kB
Buffers:             268 kB
Cached:           110472 kB
SwapCached:            0 kB
Active:          3609964 kB
Inactive:         106572 kB
Active(anon):    3606764 kB
Inactive(anon):   102484 kB
Active(file):       3200 kB
Inactive(file):     4088 kB
Unevictable:          80 kB
Mlocked:              80 kB
SwapTotal:             0 kB
SwapFree:              0 kB
Dirty:                 8 kB
Writeback:            12 kB
AnonPages:       3606060 kB
Mapped:           103476 kB
Shmem:            103268 kB
Slab:             105864 kB
SReclaimable:      38828 kB
SUnreclaim:        67036 kB
KernelStack:       12208 kB
PageTables:        52124 kB
NFS_Unstable:          0 kB
Bounce:                0 kB
WritebackTmp:          0 kB
CommitLimit:     2019584 kB
Committed_AS:    8517292 kB
VmallocTotal:   34359738367 kB
VmallocUsed:           0 kB
VmallocChunk:          0 kB
HardwareCorrupted:     0 kB
AnonHugePages:         0 kB
ShmemHugePages:        0 kB
ShmemPmdMapped:        0 kB
CmaTotal:              0 kB
CmaFree:               0 kB
HugePages_Total:       0
HugePages_Free:        0
HugePages_Rsvd:        0
HugePages_Surp:        0
Hugepagesize:       2048 kB
DirectMap4k:      243560 kB
DirectMap2M:     3950592 kB
DirectMap1G:     2097152 kB

container (cgroup) information:
container_type: cgroupv1
cpu_cpuset_cpus: 0-1
cpu_memory_nodes: 0
active_processor_count: 2
cpu_quota: -1
cpu_period: 100000
cpu_shares: -1
memory_limit_in_bytes: -1
memory_and_swap_limit_in_bytes: -2
memory_soft_limit_in_bytes: -1
memory_usage_in_bytes: 3705741312
memory_max_usage_in_bytes: 3729473536


CPU:total 2 (initial active 2) (1 cores per cpu, 1 threads per core) family 6 model 85 stepping 4, cmov, cx8, fxsr, mmx, sse, sse2, sse3, ssse3, sse4.1, sse4.2, popcnt, avx, avx2, aes, clmul, erms, 3dnowpref, lzcnt, tsc, bmi1, bmi2, adx

/proc/cpuinfo:
processor	: 0
vendor_id	: GenuineIntel
cpu family	: 6
model		: 85
model name	: Intel Xeon Processor (Skylake, IBRS)
stepping	: 4
microcode	: 0x1
cpu MHz		: 2095.074
cache size	: 16384 KB
physical id	: 0
siblings	: 1
core id		: 0
cpu cores	: 1
apicid		: 0
initial apicid	: 0
fpu		: yes
fpu_exception	: yes
cpuid level	: 13
wp		: yes
flags		: fpu vme de pse tsc msr pae mce cx8 apic sep mtrr pge mca cmov pat pse36 clflush mmx fxsr sse sse2 ss syscall nx pdpe1gb rdtscp lm constant_tsc rep_good nopl xtopology cpuid tsc_known_freq pni pclmulqdq vmx ssse3 fma cx16 pcid sse4_1 sse4_2 x2apic movbe popcnt tsc_deadline_timer aes xsave avx f16c rdrand hypervisor lahf_lm abm 3dnowprefetch cpuid_fault invpcid_single pti ssbd ibrs ibpb tpr_shadow vnmi flexpriority ept vpid fsgsbase tsc_adjust bmi1 avx2 smep bmi2 erms invpcid mpx avx512f avx512dq rdseed adx smap clflushopt clwb avx512cd avx512bw avx512vl xsaveopt xsavec xgetbv1 xsaves arat pku ospke avx512_vnni md_clear
bugs		: cpu_meltdown spectre_v1 spectre_v2 spec_store_bypass l1tf mds swapgs itlb_multihit
bogomips	: 4190.14
clflush size	: 64
cache_alignment	: 64
address sizes	: 40 bits physical, 48 bits virtual
power management:

processor	: 1
vendor_id	: GenuineIntel
cpu family	: 6
model		: 85
model name	: Intel Xeon Processor (Skylake, IBRS)
stepping	: 4
microcode	: 0x1
cpu MHz		: 2095.074
cache size	: 16384 KB
physical id	: 1
siblings	: 1
core id		: 0
cpu cores	: 1
apicid		: 1
initial apicid	: 1
fpu		: yes
fpu_exception	: yes
cpuid level	: 13
wp		: yes
flags		: fpu vme de pse tsc msr pae mce cx8 apic sep mtrr pge mca cmov pat pse36 clflush mmx fxsr sse sse2 ss syscall nx pdpe1gb rdtscp lm constant_tsc rep_good nopl xtopology cpuid tsc_known_freq pni pclmulqdq vmx ssse3 fma cx16 pcid sse4_1 sse4_2 x2apic movbe popcnt tsc_deadline_timer aes xsave avx f16c rdrand hypervisor lahf_lm abm 3dnowprefetch cpuid_fault invpcid_single pti ssbd ibrs ibpb tpr_shadow vnmi flexpriority ept vpid fsgsbase tsc_adjust bmi1 avx2 smep bmi2 erms invpcid mpx avx512f avx512dq rdseed adx smap clflushopt clwb avx512cd avx512bw avx512vl xsaveopt xsavec xgetbv1 xsaves arat pku ospke avx512_vnni md_clear
bugs		: cpu_meltdown spectre_v1 spectre_v2 spec_store_bypass l1tf mds swapgs itlb_multihit
bogomips	: 4190.14
clflush size	: 64
cache_alignment	: 64
address sizes	: 40 bits physical, 48 bits virtual
power management:



Memory: 4k page, physical 4039168k(111224k free), swap 0k(0k free)

vm_info: OpenJDK 64-Bit Server VM (25.232-b09) for linux-amd64 JRE (1.8.0_232-8u232-b09-0ubuntu1~18.04.1-b09), built on Oct 16 2019 20:38:15 by "buildd" with gcc 7.4.0

time: Fri Apr  3 13:02:58 2020
timezone: EDT
elapsed time: 188 seconds (0d 0h 3m 8s)

