#
# There is insufficient memory for the Java Runtime Environment to continue.
# Native memory allocation (mmap) failed to map 60817408 bytes for committing reserved memory.
# Possible reasons:
#   The system is out of physical RAM or swap space
#   The process is running with CompressedOops enabled, and the Java Heap may be blocking the growth of the native heap
# Possible solutions:
#   Reduce memory load on the system
#   Increase physical memory or swap space
#   Check if swap backing store is full
#   Decrease Java heap size (-Xmx/-Xms)
#   Decrease number of Java threads
#   Decrease Java thread stack sizes (-Xss)
#   Set larger code cache with -XX:ReservedCodeCacheSize=
#   JVM is running with Unscaled Compressed Oops mode in which the Java heap is
#     placed in the first 4GB address space. The Java Heap base address is the
#     maximum limit for the native heap growth. Please use -XX:HeapBaseMinAddress
#     to set the Java Heap base and to place the Java Heap above 4GB virtual address.
# This output file may be truncated or incomplete.
#
#  Out of Memory Error (os_linux.cpp:2757), pid=10850, tid=0x00007fd13cbfb700
#
# JRE version: OpenJDK Runtime Environment (8.0_232-b09) (build 1.8.0_232-8u232-b09-0ubuntu1~18.04.1-b09)
# Java VM: OpenJDK 64-Bit Server VM (25.232-b09 mixed mode linux-amd64 compressed oops)
# Failed to write core dump. Core dumps have been disabled. To enable core dumping, try "ulimit -c unlimited" before starting Java again
#

---------------  T H R E A D  ---------------

Current thread (0x00007fd14c0fc000):  VMThread [stack: 0x00007fd13cafc000,0x00007fd13cbfc000] [id=10854]

Stack: [0x00007fd13cafc000,0x00007fd13cbfc000],  sp=0x00007fd13cbfa470,  free space=1017k
Native frames: (J=compiled Java code, j=interpreted, Vv=VM code, C=native code)
V  [libjvm.so+0xaba672]
V  [libjvm.so+0x4dde07]
V  [libjvm.so+0x8f53f0]
V  [libjvm.so+0x8ec4be]
V  [libjvm.so+0x96fe06]
V  [libjvm.so+0x971178]
V  [libjvm.so+0x96d776]
V  [libjvm.so+0x96db0c]
V  [libjvm.so+0x91c608]
V  [libjvm.so+0xabc342]
V  [libjvm.so+0xac0eb6]
V  [libjvm.so+0xabf1b5]
V  [libjvm.so+0xabfa8d]
V  [libjvm.so+0xabfe98]
V  [libjvm.so+0x8f2782]

VM_Operation (0x00007fd155248900): ParallelGCFailedAllocation, mode: safepoint, requested by thread 0x00007fd14c00b800


---------------  P R O C E S S  ---------------

Java Threads: ( => current thread )
  0x00007fd14c144800 JavaThread "Service Thread" daemon [_thread_blocked, id=10860, stack(0x00007fd13c1e7000,0x00007fd13c2e8000)]
  0x00007fd14c142000 JavaThread "C1 CompilerThread1" daemon [_thread_blocked, id=10859, stack(0x00007fd13c2e9000,0x00007fd13c3e9000)]
  0x00007fd14c13f000 JavaThread "C2 CompilerThread0" daemon [_thread_blocked, id=10858, stack(0x00007fd13c3ea000,0x00007fd13c4ea000)]
  0x00007fd14c13d800 JavaThread "Signal Dispatcher" daemon [_thread_blocked, id=10857, stack(0x00007fd13c4ea000,0x00007fd13c5eb000)]
  0x00007fd14c108000 JavaThread "Finalizer" daemon [_thread_blocked, id=10856, stack(0x00007fd13c8f9000,0x00007fd13c9fa000)]
  0x00007fd14c105800 JavaThread "Reference Handler" daemon [_thread_blocked, id=10855, stack(0x00007fd13c9fa000,0x00007fd13cafb000)]
  0x00007fd14c00b800 JavaThread "main" [_thread_blocked, id=10851, stack(0x00007fd15514d000,0x00007fd15524d000)]

Other Threads:
=>0x00007fd14c0fc000 VMThread [stack: 0x00007fd13cafc000,0x00007fd13cbfc000] [id=10854]
  0x00007fd14c147000 WatcherThread [stack: 0x00007fd13c0e7000,0x00007fd13c1e7000] [id=10861]

VM state:at safepoint (normal execution)

VM Mutex/Monitor currently owned by a thread:  ([mutex/lock_event])
[0x00007fd14c007c00] Threads_lock - owner thread: 0x00007fd14c0fc000
[0x00007fd14c008100] Heap_lock - owner thread: 0x00007fd14c00b800

heap address: 0x00000000c2400000, size: 988 MB, Compressed Oops mode: 32-bit
Narrow klass base: 0x0000000000000000, Narrow klass shift: 3
Compressed class space size: 1073741824 Address: 0x0000000100000000

Heap:
 PSYoungGen      total 262144K, used 11096K [0x00000000eb700000, 0x00000000fc600000, 0x0000000100000000)
  eden space 248832K, 0% used [0x00000000eb700000,0x00000000eb700000,0x00000000faa00000)
  from space 13312K, 83% used [0x00000000faa00000,0x00000000fb4d6218,0x00000000fb700000)
  to   space 9728K, 0% used [0x00000000fb700000,0x00000000fb700000,0x00000000fc080000)
 ParOldGen       total 35328K, used 28184K [0x00000000c2400000, 0x00000000c4680000, 0x00000000eb700000)
  object space 35328K, 79% used [0x00000000c2400000,0x00000000c3f86238,0x00000000c4680000)
 Metaspace       used 33038K, capacity 33556K, committed 33920K, reserved 1079296K
  class space    used 3711K, capacity 3888K, committed 3968K, reserved 1048576K

Card table byte_map: [0x00007fd151502000,0x00007fd1516f1000] byte_map_base: 0x00007fd150ef0000

Marking Bits: (ParMarkBitMap*) 0x00007fd1543f2380
 Begin Bits: [0x00007fd136120000, 0x00007fd137090000)
 End Bits:   [0x00007fd137090000, 0x00007fd138000000)

Polling page: 0x00007fd155273000

CodeCache: size=245760Kb used=13425Kb max_used=13431Kb free=232334Kb
 bounds [0x00007fd13d000000, 0x00007fd13dd40000, 0x00007fd14c000000]
 total_blobs=3992 nmethods=3597 adapters=308
 compilation: enabled

Compilation events (10 events):
Event: 66.702 Thread 0x00007fd14c142000 nmethod 4389 0x00007fd13d4c8090 code [0x00007fd13d4c82e0, 0x00007fd13d4c9028]
Event: 67.517 Thread 0x00007fd14c13f000 4391       4       javassist.compiler.Parser::parseDeclarator (111 bytes)
Event: 67.948 Thread 0x00007fd14c142000 4392       3       java.lang.StringBuffer::<init> (18 bytes)
Event: 67.965 Thread 0x00007fd14c142000 nmethod 4392 0x00007fd13d164990 code [0x00007fd13d164b20, 0x00007fd13d165188]
Event: 68.014 Thread 0x00007fd14c13f000 nmethod 4391 0x00007fd13dd2e5d0 code [0x00007fd13dd2e900, 0x00007fd13dd2fd08]
Event: 68.014 Thread 0x00007fd14c13f000 4393       4       javassist.compiler.Parser::nextIsClassCast (143 bytes)
Event: 68.052 Thread 0x00007fd14c13f000 nmethod 4393 0x00007fd13d4c40d0 code [0x00007fd13d4c42a0, 0x00007fd13d4c4670]
Event: 69.206 Thread 0x00007fd14c13f000 4394       4       javassist.NotFoundException::<init> (6 bytes)
Event: 69.913 Thread 0x00007fd14c13f000 nmethod 4394 0x00007fd13d4c7990 code [0x00007fd13d4c7b00, 0x00007fd13d4c7e68]
Event: 69.946 Thread 0x00007fd14c13f000 4395       4       javassist.compiler.MemberCodeGen::resolveClassName (9 bytes)

GC Heap History (10 events):
Event: 31.962 GC heap after
Heap after GC invocations=15 (full 1):
 PSYoungGen      total 138752K, used 0K [0x00000000eb700000, 0x00000000f4600000, 0x0000000100000000)
  eden space 131072K, 0% used [0x00000000eb700000,0x00000000eb700000,0x00000000f3700000)
  from space 7680K, 0% used [0x00000000f3e80000,0x00000000f3e80000,0x00000000f4600000)
  to   space 7680K, 0% used [0x00000000f3700000,0x00000000f3700000,0x00000000f3e80000)
 ParOldGen       total 35328K, used 12490K [0x00000000c2400000, 0x00000000c4680000, 0x00000000eb700000)
  object space 35328K, 35% used [0x00000000c2400000,0x00000000c3032820,0x00000000c4680000)
 Metaspace       used 20689K, capacity 21028K, committed 21296K, reserved 1069056K
  class space    used 2296K, capacity 2396K, committed 2432K, reserved 1048576K
}
Event: 41.103 GC heap before
{Heap before GC invocations=16 (full 1):
 PSYoungGen      total 138752K, used 131072K [0x00000000eb700000, 0x00000000f4600000, 0x0000000100000000)
  eden space 131072K, 100% used [0x00000000eb700000,0x00000000f3700000,0x00000000f3700000)
  from space 7680K, 0% used [0x00000000f3e80000,0x00000000f3e80000,0x00000000f4600000)
  to   space 7680K, 0% used [0x00000000f3700000,0x00000000f3700000,0x00000000f3e80000)
 ParOldGen       total 35328K, used 12490K [0x00000000c2400000, 0x00000000c4680000, 0x00000000eb700000)
  object space 35328K, 35% used [0x00000000c2400000,0x00000000c3032820,0x00000000c4680000)
 Metaspace       used 24957K, capacity 25258K, committed 25472K, reserved 1071104K
  class space    used 2835K, capacity 2909K, committed 2944K, reserved 1048576K
Event: 41.111 GC heap after
Heap after GC invocations=16 (full 1):
 PSYoungGen      total 138752K, used 3707K [0x00000000eb700000, 0x00000000f8400000, 0x0000000100000000)
  eden space 131072K, 0% used [0x00000000eb700000,0x00000000eb700000,0x00000000f3700000)
  from space 7680K, 48% used [0x00000000f3700000,0x00000000f3a9ef90,0x00000000f3e80000)
  to   space 7168K, 0% used [0x00000000f7d00000,0x00000000f7d00000,0x00000000f8400000)
 ParOldGen       total 35328K, used 12498K [0x00000000c2400000, 0x00000000c4680000, 0x00000000eb700000)
  object space 35328K, 35% used [0x00000000c2400000,0x00000000c3034820,0x00000000c4680000)
 Metaspace       used 24957K, capacity 25258K, committed 25472K, reserved 1071104K
  class space    used 2835K, capacity 2909K, committed 2944K, reserved 1048576K
}
Event: 45.808 GC heap before
{Heap before GC invocations=17 (full 1):
 PSYoungGen      total 138752K, used 134779K [0x00000000eb700000, 0x00000000f8400000, 0x0000000100000000)
  eden space 131072K, 100% used [0x00000000eb700000,0x00000000f3700000,0x00000000f3700000)
  from space 7680K, 48% used [0x00000000f3700000,0x00000000f3a9ef90,0x00000000f3e80000)
  to   space 7168K, 0% used [0x00000000f7d00000,0x00000000f7d00000,0x00000000f8400000)
 ParOldGen       total 35328K, used 12498K [0x00000000c2400000, 0x00000000c4680000, 0x00000000eb700000)
  object space 35328K, 35% used [0x00000000c2400000,0x00000000c3034820,0x00000000c4680000)
 Metaspace       used 26468K, capacity 26826K, committed 27008K, reserved 1073152K
  class space    used 3005K, capacity 3149K, committed 3200K, reserved 1048576K
Event: 45.822 GC heap after
Heap after GC invocations=17 (full 1):
 PSYoungGen      total 200192K, used 7158K [0x00000000eb700000, 0x00000000f8580000, 0x0000000100000000)
  eden space 193024K, 0% used [0x00000000eb700000,0x00000000eb700000,0x00000000f7380000)
  from space 7168K, 99% used [0x00000000f7d00000,0x00000000f83fdb60,0x00000000f8400000)
  to   space 9216K, 0% used [0x00000000f7380000,0x00000000f7380000,0x00000000f7c80000)
 ParOldGen       total 35328K, used 15190K [0x00000000c2400000, 0x00000000c4680000, 0x00000000eb700000)
  object space 35328K, 42% used [0x00000000c2400000,0x00000000c32d5838,0x00000000c4680000)
 Metaspace       used 26468K, capacity 26826K, committed 27008K, reserved 1073152K
  class space    used 3005K, capacity 3149K, committed 3200K, reserved 1048576K
}
Event: 50.601 GC heap before
{Heap before GC invocations=18 (full 1):
 PSYoungGen      total 200192K, used 200182K [0x00000000eb700000, 0x00000000f8580000, 0x0000000100000000)
  eden space 193024K, 100% used [0x00000000eb700000,0x00000000f7380000,0x00000000f7380000)
  from space 7168K, 99% used [0x00000000f7d00000,0x00000000f83fdb60,0x00000000f8400000)
  to   space 9216K, 0% used [0x00000000f7380000,0x00000000f7380000,0x00000000f7c80000)
 ParOldGen       total 35328K, used 15190K [0x00000000c2400000, 0x00000000c4680000, 0x00000000eb700000)
  object space 35328K, 42% used [0x00000000c2400000,0x00000000c32d5838,0x00000000c4680000)
 Metaspace       used 29622K, capacity 30036K, committed 30336K, reserved 1077248K
  class space    used 3311K, capacity 3444K, committed 3456K, reserved 1048576K
Event: 50.631 GC heap after
Heap after GC invocations=18 (full 1):
 PSYoungGen      total 202240K, used 6487K [0x00000000eb700000, 0x00000000fc080000, 0x0000000100000000)
  eden space 193024K, 0% used [0x00000000eb700000,0x00000000eb700000,0x00000000f7380000)
  from space 9216K, 70% used [0x00000000f7380000,0x00000000f79d5fc0,0x00000000f7c80000)
  to   space 9728K, 0% used [0x00000000fb700000,0x00000000fb700000,0x00000000fc080000)
 ParOldGen       total 35328K, used 18870K [0x00000000c2400000, 0x00000000c4680000, 0x00000000eb700000)
  object space 35328K, 53% used [0x00000000c2400000,0x00000000c366d888,0x00000000c4680000)
 Metaspace       used 29622K, capacity 30036K, committed 30336K, reserved 1077248K
  class space    used 3311K, capacity 3444K, committed 3456K, reserved 1048576K
}
Event: 59.821 GC heap before
{Heap before GC invocations=19 (full 1):
 PSYoungGen      total 202240K, used 199511K [0x00000000eb700000, 0x00000000fc080000, 0x0000000100000000)
  eden space 193024K, 100% used [0x00000000eb700000,0x00000000f7380000,0x00000000f7380000)
  from space 9216K, 70% used [0x00000000f7380000,0x00000000f79d5fc0,0x00000000f7c80000)
  to   space 9728K, 0% used [0x00000000fb700000,0x00000000fb700000,0x00000000fc080000)
 ParOldGen       total 35328K, used 18870K [0x00000000c2400000, 0x00000000c4680000, 0x00000000eb700000)
  object space 35328K, 53% used [0x00000000c2400000,0x00000000c366d888,0x00000000c4680000)
 Metaspace       used 31592K, capacity 31990K, committed 32256K, reserved 1077248K
  class space    used 3607K, capacity 3749K, committed 3840K, reserved 1048576K
Event: 59.869 GC heap after
Heap after GC invocations=19 (full 1):
 PSYoungGen      total 258560K, used 9708K [0x00000000eb700000, 0x00000000fc600000, 0x0000000100000000)
  eden space 248832K, 0% used [0x00000000eb700000,0x00000000eb700000,0x00000000faa00000)
  from space 9728K, 99% used [0x00000000fb700000,0x00000000fc07b038,0x00000000fc080000)
  to   space 13312K, 0% used [0x00000000faa00000,0x00000000faa00000,0x00000000fb700000)
 ParOldGen       total 35328K, used 24239K [0x00000000c2400000, 0x00000000c4680000, 0x00000000eb700000)
  object space 35328K, 68% used [0x00000000c2400000,0x00000000c3babe08,0x00000000c4680000)
 Metaspace       used 31592K, capacity 31990K, committed 32256K, reserved 1077248K
  class space    used 3607K, capacity 3749K, committed 3840K, reserved 1048576K
}
Event: 104.338 GC heap before
{Heap before GC invocations=20 (full 1):
 PSYoungGen      total 258560K, used 258540K [0x00000000eb700000, 0x00000000fc600000, 0x0000000100000000)
  eden space 248832K, 100% used [0x00000000eb700000,0x00000000faa00000,0x00000000faa00000)
  from space 9728K, 99% used [0x00000000fb700000,0x00000000fc07b038,0x00000000fc080000)
  to   space 13312K, 0% used [0x00000000faa00000,0x00000000faa00000,0x00000000fb700000)
 ParOldGen       total 35328K, used 24239K [0x00000000c2400000, 0x00000000c4680000, 0x00000000eb700000)
  object space 35328K, 68% used [0x00000000c2400000,0x00000000c3babe08,0x00000000c4680000)
 Metaspace       used 33038K, capacity 33556K, committed 33920K, reserved 1079296K
  class space    used 3711K, capacity 3888K, committed 3968K, reserved 1048576K

Deoptimization events (10 events):
Event: 49.945 Thread 0x00007fd14c00b800 Uncommon trap: reason=class_check action=maybe_recompile pc=0x00007fd13da5a500 method=javassist.compiler.MemberResolver.lookupMethod(Ljavassist/CtClass;Ljava/lang/String;[I[I[Ljava/lang/String;Z)Ljavassist/compiler/MemberResolver$Method; @ 4
Event: 53.768 Thread 0x00007fd14c00b800 Uncommon trap: reason=unstable_if action=reinterpret pc=0x00007fd13d456160 method=java.lang.reflect.Method.isDefault()Z @ 9
Event: 54.958 Thread 0x00007fd14c00b800 Uncommon trap: reason=bimorphic action=maybe_recompile pc=0x00007fd13dbb6104 method=javassist.bytecode.stackmap.MapMaker.fixTypes([B[Ljavassist/bytecode/stackmap/TypedBlock;)V @ 115
Event: 59.414 Thread 0x00007fd14c00b800 Uncommon trap: reason=unstable_if action=reinterpret pc=0x00007fd13dd04af8 method=javassist.expr.ExprEditor.loopBody(Ljavassist/bytecode/CodeIterator;Ljavassist/CtClass;Ljavassist/bytecode/MethodInfo;Ljavassist/expr/ExprEditor$LoopContext;)Z @ 235
Event: 60.096 Thread 0x00007fd14c00b800 Uncommon trap: reason=class_check action=maybe_recompile pc=0x00007fd13da434c8 method=javassist.bytecode.stackmap.Tracer.doOpcode148_201(I[BI)I @ 893
Event: 62.750 Thread 0x00007fd14c00b800 Uncommon trap: reason=class_check action=maybe_recompile pc=0x00007fd13da434c8 method=javassist.bytecode.stackmap.Tracer.doOpcode148_201(I[BI)I @ 893
Event: 62.755 Thread 0x00007fd14c00b800 Uncommon trap: reason=class_check action=maybe_recompile pc=0x00007fd13da434c8 method=javassist.bytecode.stackmap.Tracer.doOpcode148_201(I[BI)I @ 893
Event: 63.288 Thread 0x00007fd14c00b800 Uncommon trap: reason=class_check action=maybe_recompile pc=0x00007fd13d7cf1c4 method=javassist.bytecode.stackmap.TypeData$TypeVar.fixByUppers(Ljava/util/ArrayList;Ljavassist/ClassPool;Ljava/util/HashSet;Ljavassist/CtClass;)Ljavassist/CtClass; @ 97
Event: 63.836 Thread 0x00007fd14c00b800 Uncommon trap: reason=unstable_if action=reinterpret pc=0x00007fd13dc58c38 method=javassist.bytecode.ExceptionTable.add(ILjavassist/bytecode/ExceptionTable;I)V @ 11
Event: 67.707 Thread 0x00007fd14c00b800 Uncommon trap: reason=class_check action=maybe_recompile pc=0x00007fd13d7cf1c4 method=javassist.bytecode.stackmap.TypeData$TypeVar.fixByUppers(Ljava/util/ArrayList;Ljavassist/ClassPool;Ljava/util/HashSet;Ljavassist/CtClass;)Ljavassist/CtClass; @ 97

Classes redefined (0 events):
No events

Internal exceptions (10 events):
Event: 16.213 Thread 0x00007fd14c00b800 Exception <a 'java/lang/ArrayIndexOutOfBoundsException': 42> (0x00000000ec2e7640) thrown at [/build/openjdk-8-4aHi5C/openjdk-8-8u232-b09/src/hotspot/src/share/vm/interpreter/interpreterRuntime.cpp, line 368]
Event: 16.214 Thread 0x00007fd14c00b800 Exception <a 'java/lang/ArrayIndexOutOfBoundsException': 139> (0x00000000ec2e9510) thrown at [/build/openjdk-8-4aHi5C/openjdk-8-8u232-b09/src/hotspot/src/share/vm/interpreter/interpreterRuntime.cpp, line 368]
Event: 16.501 Thread 0x00007fd14c00b800 Exception <a 'java/lang/reflect/InvocationTargetException'> (0x00000000ec7321a0) thrown at [/build/openjdk-8-4aHi5C/openjdk-8-8u232-b09/src/hotspot/src/share/vm/runtime/reflection.cpp, line 1092]
Event: 16.502 Thread 0x00007fd14c00b800 Exception <a 'java/lang/reflect/InvocationTargetException'> (0x00000000ec74e310) thrown at [/build/openjdk-8-4aHi5C/openjdk-8-8u232-b09/src/hotspot/src/share/vm/runtime/reflection.cpp, line 1092]
Event: 17.621 Thread 0x00007fd14c00b800 Exception <a 'java/net/UnknownHostException'> (0x00000000ec873910) thrown at [/build/openjdk-8-4aHi5C/openjdk-8-8u232-b09/src/hotspot/src/share/vm/prims/jni.cpp, line 710]
Event: 21.053 Thread 0x00007fd14c00b800 Exception <a 'java/lang/NoSuchFieldError': method resolution failed> (0x00000000eba340f8) thrown at [/build/openjdk-8-4aHi5C/openjdk-8-8u232-b09/src/hotspot/src/share/vm/prims/methodHandles.cpp, line 1167]
Event: 21.056 Thread 0x00007fd14c00b800 Exception <a 'java/lang/NoSuchFieldError': method resolution failed> (0x00000000eba417b8) thrown at [/build/openjdk-8-4aHi5C/openjdk-8-8u232-b09/src/hotspot/src/share/vm/prims/methodHandles.cpp, line 1167]
Event: 27.402 Thread 0x00007fd14c00b800 Implicit null exception at 0x00007fd13dafc26c to 0x00007fd13dafcd0d
Event: 36.111 Thread 0x00007fd14c00b800 Implicit null exception at 0x00007fd13d539338 to 0x00007fd13d539711
Event: 36.111 Thread 0x00007fd14c00b800 Implicit null exception at 0x00007fd13d5d5f9a to 0x00007fd13d5d7c9d

Events (10 events):
Event: 63.288 Thread 0x00007fd14c00b800 Uncommon trap: trap_request=0xffffffde fr.pc=0x00007fd13d7cf1c4
Event: 63.288 Thread 0x00007fd14c00b800 DEOPT PACKING pc=0x00007fd13d7cf1c4 sp=0x00007fd1552489a0
Event: 63.288 Thread 0x00007fd14c00b800 DEOPT UNPACKING pc=0x00007fd13d04547a sp=0x00007fd155248988 mode 2
Event: 63.836 Thread 0x00007fd14c00b800 Uncommon trap: trap_request=0xffffff65 fr.pc=0x00007fd13dc58c38
Event: 63.836 Thread 0x00007fd14c00b800 DEOPT PACKING pc=0x00007fd13dc58c38 sp=0x00007fd155247610
Event: 63.836 Thread 0x00007fd14c00b800 DEOPT UNPACKING pc=0x00007fd13d04547a sp=0x00007fd1552474f8 mode 2
Event: 67.707 Thread 0x00007fd14c00b800 Uncommon trap: trap_request=0xffffffde fr.pc=0x00007fd13d7cf1c4
Event: 67.707 Thread 0x00007fd14c00b800 DEOPT PACKING pc=0x00007fd13d7cf1c4 sp=0x00007fd1552489a0
Event: 67.707 Thread 0x00007fd14c00b800 DEOPT UNPACKING pc=0x00007fd13d04547a sp=0x00007fd155248988 mode 2
Event: 96.064 Executing VM operation: ParallelGCFailedAllocation


Dynamic libraries:
c2400000-c4680000 rw-p 00000000 00:00 0 
c4680000-eb700000 ---p 00000000 00:00 0 
eb700000-fc600000 rw-p 00000000 00:00 0 
100000000-1003e0000 rw-p 00000000 00:00 0 
1003e0000-140000000 ---p 00000000 00:00 0 
55baee736000-55baee737000 r-xp 00000000 fc:01 1828889                    /usr/lib/jvm/java-8-openjdk-amd64/jre/bin/java
55baee936000-55baee937000 r--p 00000000 fc:01 1828889                    /usr/lib/jvm/java-8-openjdk-amd64/jre/bin/java
55baee937000-55baee938000 rw-p 00001000 fc:01 1828889                    /usr/lib/jvm/java-8-openjdk-amd64/jre/bin/java
55baf0029000-55baf004a000 rw-p 00000000 00:00 0                          [heap]
7fd100000000-7fd100021000 rw-p 00000000 00:00 0 
7fd100021000-7fd104000000 ---p 00000000 00:00 0 
7fd108000000-7fd108021000 rw-p 00000000 00:00 0 
7fd108021000-7fd10c000000 ---p 00000000 00:00 0 
7fd10c9ff000-7fd10cb3f000 rw-p 00000000 00:00 0 
7fd10cb3f000-7fd10cbff000 ---p 00000000 00:00 0 
7fd10cbff000-7fd10cdff000 rw-p 00000000 00:00 0 
7fd10cdff000-7fd10cfff000 rw-p 00000000 00:00 0 
7fd10cfff000-7fd110000000 rw-p 00000000 00:00 0 
7fd110000000-7fd110021000 rw-p 00000000 00:00 0 
7fd110021000-7fd114000000 ---p 00000000 00:00 0 
7fd114000000-7fd114021000 rw-p 00000000 00:00 0 
7fd114021000-7fd118000000 ---p 00000000 00:00 0 
7fd118000000-7fd119e65000 rw-p 00000000 00:00 0 
7fd119e65000-7fd11c000000 ---p 00000000 00:00 0 
7fd11c000000-7fd11c820000 rw-p 00000000 00:00 0 
7fd11c820000-7fd120000000 ---p 00000000 00:00 0 
7fd120000000-7fd120021000 rw-p 00000000 00:00 0 
7fd120021000-7fd124000000 ---p 00000000 00:00 0 
7fd124000000-7fd124021000 rw-p 00000000 00:00 0 
7fd124021000-7fd128000000 ---p 00000000 00:00 0 
7fd128000000-7fd1280a2000 rw-p 00000000 00:00 0 
7fd1280a2000-7fd12c000000 ---p 00000000 00:00 0 
7fd12c000000-7fd12c021000 rw-p 00000000 00:00 0 
7fd12c021000-7fd130000000 ---p 00000000 00:00 0 
7fd130000000-7fd130021000 rw-p 00000000 00:00 0 
7fd130021000-7fd134000000 ---p 00000000 00:00 0 
7fd1340c0000-7fd1342c0000 rw-p 00000000 00:00 0 
7fd1342c0000-7fd1344c0000 rw-p 00000000 00:00 0 
7fd1344c0000-7fd1346c0000 rw-p 00000000 00:00 0 
7fd1346c0000-7fd1348c0000 rw-p 00000000 00:00 0 
7fd1348c0000-7fd134ac0000 rw-p 00000000 00:00 0 
7fd134ac0000-7fd134acf000 r-xp 00000000 fc:01 3864                       /lib/x86_64-linux-gnu/libnss_myhostname.so.2
7fd134acf000-7fd134ccf000 ---p 0000f000 fc:01 3864                       /lib/x86_64-linux-gnu/libnss_myhostname.so.2
7fd134ccf000-7fd134cd2000 r--p 0000f000 fc:01 3864                       /lib/x86_64-linux-gnu/libnss_myhostname.so.2
7fd134cd2000-7fd134cd3000 rw-p 00012000 fc:01 3864                       /lib/x86_64-linux-gnu/libnss_myhostname.so.2
7fd134cd3000-7fd134cea000 r-xp 00000000 fc:01 2182                       /lib/x86_64-linux-gnu/libresolv-2.27.so
7fd134cea000-7fd134eea000 ---p 00017000 fc:01 2182                       /lib/x86_64-linux-gnu/libresolv-2.27.so
7fd134eea000-7fd134eeb000 r--p 00017000 fc:01 2182                       /lib/x86_64-linux-gnu/libresolv-2.27.so
7fd134eeb000-7fd134eec000 rw-p 00018000 fc:01 2182                       /lib/x86_64-linux-gnu/libresolv-2.27.so
7fd134eec000-7fd134eee000 rw-p 00000000 00:00 0 
7fd134eee000-7fd134ef3000 r-xp 00000000 fc:01 2094                       /lib/x86_64-linux-gnu/libnss_dns-2.27.so
7fd134ef3000-7fd1350f3000 ---p 00005000 fc:01 2094                       /lib/x86_64-linux-gnu/libnss_dns-2.27.so
7fd1350f3000-7fd1350f4000 r--p 00005000 fc:01 2094                       /lib/x86_64-linux-gnu/libnss_dns-2.27.so
7fd1350f4000-7fd1350f5000 rw-p 00006000 fc:01 2094                       /lib/x86_64-linux-gnu/libnss_dns-2.27.so
7fd1350f5000-7fd1350f7000 r-xp 00000000 fc:01 69785                      /lib/x86_64-linux-gnu/libnss_mdns4_minimal.so.2
7fd1350f7000-7fd1352f6000 ---p 00002000 fc:01 69785                      /lib/x86_64-linux-gnu/libnss_mdns4_minimal.so.2
7fd1352f6000-7fd1352f7000 r--p 00001000 fc:01 69785                      /lib/x86_64-linux-gnu/libnss_mdns4_minimal.so.2
7fd1352f7000-7fd1352f8000 rw-p 00002000 fc:01 69785                      /lib/x86_64-linux-gnu/libnss_mdns4_minimal.so.2
7fd13530a000-7fd13531d000 r--s 00346000 fc:01 1831936                    /usr/lib/jvm/java-8-openjdk-amd64/jre/lib/resources.jar
7fd13531d000-7fd135320000 ---p 00000000 00:00 0 
7fd135320000-7fd13561e000 rw-p 00000000 00:00 0 
7fd13561e000-7fd135621000 ---p 00000000 00:00 0 
7fd135621000-7fd13591f000 rw-p 00000000 00:00 0 
7fd13591f000-7fd135b1f000 rw-p 00000000 00:00 0 
7fd135b1f000-7fd135b21000 r--s 00016000 fc:01 1831922                    /usr/lib/jvm/java-8-openjdk-amd64/jre/lib/jce.jar
7fd135b21000-7fd135b26000 r--s 000a3000 fc:01 1831931                    /usr/lib/jvm/java-8-openjdk-amd64/jre/lib/jsse.jar
7fd135b26000-7fd135b28000 r--s 0000e000 fc:01 3877402                    /home/dcpowe4/.m2/repository/org/apache/maven/surefire/surefire-junit4/2.16/surefire-junit4-2.16.jar
7fd135b28000-7fd135b29000 r--s 00000000 fc:01 3875062                    /home/dcpowe4/.m2/repository/org/jenkins-ci/test-annotations/1.1/test-annotations-1.1.jar
7fd135b29000-7fd135b2a000 r--s 00000000 fc:01 3875060                    /home/dcpowe4/.m2/repository/org/codehaus/mojo/animal-sniffer-annotations/1.9/animal-sniffer-annotations-1.9.jar
7fd135b2a000-7fd135b2c000 r--s 00010000 fc:01 3879596                    /home/dcpowe4/.m2/repository/com/jcraft/jzlib/1.1.3-kohsuke-1/jzlib-1.1.3-kohsuke-1.jar
7fd135b2c000-7fd135b2f000 r--s 00006000 fc:01 3879594                    /home/dcpowe4/.m2/repository/com/google/code/findbugs/jsr305/1.3.9/jsr305-1.3.9.jar
7fd135b2f000-7fd135b4f000 r--s 00173000 fc:01 3628042                    /home/dcpowe4/.m2/repository/com/google/guava/guava/11.0.1/guava-11.0.1.jar
7fd135b4f000-7fd135b50000 r--s 00004000 fc:01 3879578                    /home/dcpowe4/.m2/repository/org/mindrot/jbcrypt/0.3m/jbcrypt-0.3m.jar
7fd135b50000-7fd135b52000 r--s 0000f000 fc:01 3628040                    /home/dcpowe4/.m2/repository/commons-fileupload/commons-fileupload/1.3.1-jenkins-1/commons-fileupload-1.3.1-jenkins-1.jar
7fd135b52000-7fd135b54000 r--s 00005000 fc:01 3879582                    /home/dcpowe4/.m2/repository/findbugs/annotations/1.0.0/annotations-1.0.0.jar
7fd135b54000-7fd135b55000 r--s 00001000 fc:01 3879580                    /home/dcpowe4/.m2/repository/org/kohsuke/access-modifier-annotation/1.4/access-modifier-annotation-1.4.jar
7fd135b55000-7fd135b5c000 r--s 0003a000 fc:01 3879574                    /home/dcpowe4/.m2/repository/commons-codec/commons-codec/1.8/commons-codec-1.8.jar
7fd135b5c000-7fd135b5e000 r--s 00000000 fc:01 3879573                    /home/dcpowe4/.m2/repository/org/jvnet/robust-http-client/robust-http-client/1.2/robust-http-client-1.2.jar
7fd135b5e000-7fd135b5f000 r--s 00001000 fc:01 3628038                    /home/dcpowe4/.m2/repository/org/kohsuke/metainf-services/metainf-services/1.4/metainf-services-1.4.jar
7fd135b5f000-7fd135b66000 r--s 0005b000 fc:01 3879567                    /home/dcpowe4/.m2/repository/org/samba/jcifs/jcifs/1.3.17-kohsuke-1/jcifs-1.3.17-kohsuke-1.jar
7fd135b66000-7fd135b69000 r--s 0001a000 fc:01 3879565                    /home/dcpowe4/.m2/repository/org/kohsuke/jinterop/j-interopdeps/2.0.6-kohsuke-1/j-interopdeps-2.0.6-kohsuke-1.jar
7fd135b69000-7fd135b6f000 r--s 00059000 fc:01 3879563                    /home/dcpowe4/.m2/repository/org/kohsuke/jinterop/j-interop/2.0.6-kohsuke-1/j-interop-2.0.6-kohsuke-1.jar
7fd135b6f000-7fd135b71000 r--s 00006000 fc:01 3627757                    /home/dcpowe4/.m2/repository/net/java/sezpoz/sezpoz/1.9/sezpoz-1.9.jar
7fd135b71000-7fd135b72000 r--s 00001000 fc:01 3879561                    /home/dcpowe4/.m2/repository/com/sun/solaris/embedded_su4j/1.1/embedded_su4j-1.1.jar
7fd135b72000-7fd135b75000 r--s 0000d000 fc:01 3879551                    /home/dcpowe4/.m2/repository/org/jvnet/libzfs/libzfs/0.5/libzfs-0.5.jar
7fd135b75000-7fd135b76000 r--s 00004000 fc:01 3879549                    /home/dcpowe4/.m2/repository/org/kohsuke/libpam4j/1.8/libpam4j-1.8.jar
7fd135b76000-7fd135b77000 r--s 00004000 fc:01 3879548                    /home/dcpowe4/.m2/repository/org/kohsuke/akuma/1.9/akuma-1.9.jar
7fd135b77000-7fd135b7b000 r--s 000dc000 fc:01 3879541                    /home/dcpowe4/.m2/repository/net/java/dev/jna/jna/4.1.0/jna-4.1.0.jar
7fd135b7b000-7fd135b81000 r--s 0005a000 fc:01 3879539                    /home/dcpowe4/.m2/repository/org/jenkins-ci/jmdns/3.4.0-jenkins-3/jmdns-3.4.0-jenkins-3.jar
7fd135b81000-7fd135b83000 r--s 00005000 fc:01 3879535                    /home/dcpowe4/.m2/repository/stax/stax-api/1.0.1/stax-api-1.0.1.jar
7fd135b83000-7fd135b89000 r--s 0007a000 fc:01 3879533                    /home/dcpowe4/.m2/repository/org/codehaus/woodstox/wstx-asl/3.2.9/wstx-asl-3.2.9.jar
7fd135b89000-7fd135b8b000 r--s 00003000 fc:01 3879529                    /home/dcpowe4/.m2/repository/org/jenkins-ci/memory-monitor/1.9/memory-monitor-1.9.jar
7fd135b8b000-7fd135b8d000 r--s 00004000 fc:01 3879523                    /home/dcpowe4/.m2/repository/org/jvnet/winp/winp/1.22/winp-1.22.jar
7fd135b8d000-7fd135b9b000 r--s 0007f000 fc:01 3627863                    /home/dcpowe4/.m2/repository/commons-collections/commons-collections/3.2.1/commons-collections-3.2.1.jar
7fd135b9b000-7fd135b9c000 r--s 00004000 fc:01 3879517                    /home/dcpowe4/.m2/repository/relaxngDatatype/relaxngDatatype/20020414/relaxngDatatype-20020414.jar
7fd135b9c000-7fd135b9e000 r--s 00004000 fc:01 3879515                    /home/dcpowe4/.m2/repository/javax/xml/stream/stax-api/1.0-2/stax-api-1.0-2.jar
7fd135b9e000-7fd135ba1000 r--s 0000e000 fc:01 3628036                    /home/dcpowe4/.m2/repository/com/sun/xml/txw2/txw2/20110809/txw2-20110809.jar
7fd135ba1000-7fd135ba3000 r--s 0000e000 fc:01 3879510                    /home/dcpowe4/.m2/repository/commons-logging/commons-logging/1.1.3/commons-logging-1.1.3.jar
7fd135ba3000-7fd135ba5000 r--s 00003000 fc:01 3879507                    /home/dcpowe4/.m2/repository/javax/servlet/jstl/1.1.0/jstl-1.1.0.jar
7fd135ba5000-7fd135ba7000 r--s 00003000 fc:01 3876967                    /home/dcpowe4/.m2/repository/org/powermock/powermock-api-support/1.5.6/powermock-api-support-1.5.6.jar
7fd135ba7000-7fd135bc8000 r--s 00162000 fc:01 3876965                    /home/dcpowe4/.m2/repository/org/mockito/mockito-all/1.9.5/mockito-all-1.9.5.jar
7fd135bc8000-7fd135bcb000 r--s 0000f000 fc:01 3876963                    /home/dcpowe4/.m2/repository/org/powermock/powermock-api-mockito/1.5.6/powermock-api-mockito-1.5.6.jar
7fd135bcb000-7fd135bcd000 r--s 00009000 fc:01 3876951                    /home/dcpowe4/.m2/repository/org/powermock/powermock-reflect/1.5.6/powermock-reflect-1.5.6.jar
7fd135bcd000-7fd135bd7000 r--s 000a5000 fc:01 3876947                    /home/dcpowe4/.m2/repository/org/javassist/javassist/3.18.2-GA/javassist-3.18.2-GA.jar
7fd135bd7000-7fd135bda000 r--s 00012000 fc:01 3876939                    /home/dcpowe4/.m2/repository/org/powermock/powermock-core/1.5.6/powermock-core-1.5.6.jar
7fd135bda000-7fd135bdc000 r--s 00002000 fc:01 3876943                    /home/dcpowe4/.m2/repository/org/powermock/powermock-module-junit4-common/1.5.6/powermock-module-junit4-common-1.5.6.jar
7fd135bdc000-7fd135bdd000 r--s 00005000 fc:01 3876935                    /home/dcpowe4/.m2/repository/org/powermock/powermock-module-junit4/1.5.6/powermock-module-junit4-1.5.6.jar
7fd135bdd000-7fd135bdf000 r--s 00005000 fc:01 3879502                    /home/dcpowe4/.m2/repository/org/objenesis/objenesis/1.0/objenesis-1.0.jar
7fd135bdf000-7fd135bfe000 r--s 00150000 fc:01 3879498                    /home/dcpowe4/.m2/repository/org/mockito/mockito-core/1.9.5/mockito-core-1.9.5.jar
7fd135bfe000-7fd135c00000 r--s 00009000 fc:01 3876989                    /home/dcpowe4/.m2/repository/org/hamcrest/hamcrest-core/1.3/hamcrest-core-1.3.jar
7fd135c00000-7fd135c06000 r--s 00036000 fc:01 3876983                    /home/dcpowe4/.m2/repository/junit/junit/4.11/junit-4.11.jar
7fd135c06000-7fd135c09000 r--s 0001b000 fc:01 3879496                    /home/dcpowe4/.m2/repository/xpp3/xpp3/1.1.4c/xpp3-1.1.4c.jar
7fd135c09000-7fd135c11000 r--s 00048000 fc:01 3879490                    /home/dcpowe4/.m2/repository/org/springframework/spring-aop/2.5.6.SEC03/spring-aop-2.5.6.SEC03.jar
7fd135c11000-7fd135c17000 r--s 00040000 fc:01 3879486                    /home/dcpowe4/.m2/repository/org/springframework/spring-core/2.5.6.SEC03/spring-core-2.5.6.SEC03.jar
7fd135c17000-7fd135c1c000 r--s 0002b000 fc:01 3879476                    /home/dcpowe4/.m2/repository/org/springframework/spring-web/2.5.6.SEC03/spring-web-2.5.6.SEC03.jar
7fd135c1c000-7fd135c1f000 r--s 00015000 fc:01 3879478                    /home/dcpowe4/.m2/repository/org/springframework/spring-context-support/2.5.6.SEC03/spring-context-support-2.5.6.SEC03.jar
7fd135c1f000-7fd135c2b000 r--s 00069000 fc:01 3879466                    /home/dcpowe4/.m2/repository/org/springframework/spring-context/2.5.6.SEC03/spring-context-2.5.6.SEC03.jar
7fd135c2b000-7fd135c35000 r--s 0006e000 fc:01 3879470                    /home/dcpowe4/.m2/repository/org/springframework/spring-beans/2.5.6.SEC03/spring-beans-2.5.6.SEC03.jar
7fd135c35000-7fd135c3e000 r--s 0005a000 fc:01 3879239                    /home/dcpowe4/.m2/repository/org/springframework/spring-webmvc/2.5.6.SEC03/spring-webmvc-2.5.6.SEC03.jar
7fd135c3e000-7fd135c40000 r--s 0001a000 fc:01 3879468                    /home/dcpowe4/.m2/repository/org/fusesource/jansi/jansi/1.9/jansi-1.9.jar
7fd135c40000-7fd135c42000 r--s 00014000 fc:01 3623218                    /home/dcpowe4/.m2/repository/jline/jline/0.9.94/jline-0.9.94.jar
7fd135c42000-7fd135ca0000 r--s 00592000 fc:01 3879464                    /home/dcpowe4/.m2/repository/org/codehaus/groovy/groovy-all/1.8.9/groovy-all-1.8.9.jar
7fd135ca0000-7fd135ca8000 r--s 0004f000 fc:01 3875771                    /home/dcpowe4/.m2/repository/log4j/log4j/1.2.9/log4j-1.2.9.jar
7fd135ca8000-7fd135caa000 r--s 0000e000 fc:01 3627834                    /home/dcpowe4/.m2/repository/oro/oro/2.0.8/oro-2.0.8.jar
7fd135caa000-7fd135cae000 r--s 00014000 fc:01 3879454                    /home/dcpowe4/.m2/repository/org/springframework/spring-dao/1.2.9/spring-dao-1.2.9.jar
7fd135cae000-7fd135cb3000 r--s 00029000 fc:01 3879450                    /home/dcpowe4/.m2/repository/org/springframework/spring-jdbc/1.2.9/spring-jdbc-1.2.9.jar
7fd135cb3000-7fd135cc0000 r--s 00079000 fc:01 3879448                    /home/dcpowe4/.m2/repository/org/acegisecurity/acegi-security/1.0.7/acegi-security-1.0.7.jar
7fd135cc0000-7fd135cc4000 r--s 0001f000 fc:01 3879444                    /home/dcpowe4/.m2/repository/org/jenkins-ci/commons-jexl/1.1-jenkins-20111212/commons-jexl-1.1-jenkins-20111212.jar
7fd135cc4000-7fd135cc6000 r--s 00004000 fc:01 3879440                    /home/dcpowe4/.m2/repository/org/jvnet/hudson/commons-jelly-tags-define/1.0.1-hudson-20071021/commons-jelly-tags-define-1.0.1-hudson-20071021.jar
7fd135cc6000-7fd135cc8000 r--s 00008000 fc:01 3879436                    /home/dcpowe4/.m2/repository/commons-jelly/commons-jelly-tags-xml/1.1/commons-jelly-tags-xml-1.1.jar
7fd135cc8000-7fd135cc9000 r--s 00005000 fc:01 3879433                    /home/dcpowe4/.m2/repository/commons-jelly/commons-jelly-tags-fmt/1.0/commons-jelly-tags-fmt-1.0.jar
7fd135cc9000-7fd135ccf000 r--s 00035000 fc:01 3879427                    /home/dcpowe4/.m2/repository/jaxen/jaxen/1.1-beta-11/jaxen-1.1-beta-11.jar
7fd135ccf000-7fd135cd1000 r--s 00010000 fc:01 3879425                    /home/dcpowe4/.m2/repository/org/jvnet/hudson/activation/1.1.1-hudson-1/activation-1.1.1-hudson-1.jar
7fd135cd1000-7fd135cd8000 r--s 00072000 fc:01 3879419                    /home/dcpowe4/.m2/repository/javax/mail/mail/1.4.4/mail-1.4.4.jar
7fd135cd8000-7fd135cdf000 r--s 00056000 fc:01 3879415                    /home/dcpowe4/.m2/repository/org/apache/commons/commons-compress/1.9/commons-compress-1.9.jar
7fd135cdf000-7fd135ce4000 r--s 00034000 fc:01 3879413                    /home/dcpowe4/.m2/repository/commons-beanutils/commons-beanutils/1.8.3/commons-beanutils-1.8.3.jar
7fd135ce4000-7fd135cea000 r--s 0002b000 fc:01 3628033                    /home/dcpowe4/.m2/repository/commons-digester/commons-digester/2.1/commons-digester-2.1.jar
7fd135cea000-7fd135cef000 r--s 00041000 fc:01 3627861                    /home/dcpowe4/.m2/repository/commons-lang/commons-lang/2.6/commons-lang-2.6.jar
7fd135cef000-7fd135cf3000 r--s 0002a000 fc:01 3879409                    /home/dcpowe4/.m2/repository/commons-io/commons-io/2.4/commons-io-2.4.jar
7fd135cf3000-7fd135cf5000 r--s 00016000 fc:01 3875763                    /home/dcpowe4/.m2/repository/javax/servlet/servlet-api/2.4/servlet-api-2.4.jar
7fd135cf5000-7fd135d0c000 r-xp 00000000 fc:01 1828927                    /usr/lib/jvm/java-8-openjdk-amd64/jre/lib/amd64/libnet.so
7fd135d0c000-7fd135f0b000 ---p 00017000 fc:01 1828927                    /usr/lib/jvm/java-8-openjdk-amd64/jre/lib/amd64/libnet.so
7fd135f0b000-7fd135f0c000 r--p 00016000 fc:01 1828927                    /usr/lib/jvm/java-8-openjdk-amd64/jre/lib/amd64/libnet.so
7fd135f0c000-7fd135f0d000 rw-p 00017000 fc:01 1828927                    /usr/lib/jvm/java-8-openjdk-amd64/jre/lib/amd64/libnet.so
7fd135f0d000-7fd135f1e000 r-xp 00000000 fc:01 1828929                    /usr/lib/jvm/java-8-openjdk-amd64/jre/lib/amd64/libnio.so
7fd135f1e000-7fd13611e000 ---p 00011000 fc:01 1828929                    /usr/lib/jvm/java-8-openjdk-amd64/jre/lib/amd64/libnio.so
7fd13611e000-7fd13611f000 r--p 00011000 fc:01 1828929                    /usr/lib/jvm/java-8-openjdk-amd64/jre/lib/amd64/libnio.so
7fd13611f000-7fd136120000 rw-p 00012000 fc:01 1828929                    /usr/lib/jvm/java-8-openjdk-amd64/jre/lib/amd64/libnio.so
7fd136120000-7fd138000000 rw-p 00000000 00:00 0 
7fd138000000-7fd138029000 rw-p 00000000 00:00 0 
7fd138029000-7fd13c000000 ---p 00000000 00:00 0 
7fd13c000000-7fd13c001000 r--s 00004000 fc:01 3879403                    /home/dcpowe4/.m2/repository/org/apache/ant/ant-launcher/1.8.4/ant-launcher-1.8.4.jar
7fd13c001000-7fd13c01f000 r--s 001bd000 fc:01 3879399                    /home/dcpowe4/.m2/repository/org/apache/ant/ant/1.8.4/ant-1.8.4.jar
7fd13c01f000-7fd13c025000 r--s 00046000 fc:01 3879396                    /home/dcpowe4/.m2/repository/jfree/jcommon/1.0.12/jcommon-1.0.12.jar
7fd13c025000-7fd13c034000 r--s 0012d000 fc:01 3879391                    /home/dcpowe4/.m2/repository/jfree/jfreechart/1.0.9/jfreechart-1.0.9.jar
7fd13c034000-7fd13c042000 r--s 00075000 fc:01 3879360                    /home/dcpowe4/.m2/repository/org/jvnet/hudson/xstream/1.4.7-jenkins-1/xstream-1.4.7-jenkins-1.jar
7fd13c042000-7fd13c048000 r--s 00067000 fc:01 3628031                    /home/dcpowe4/.m2/repository/antlr/antlr/2.7.6/antlr-2.7.6.jar
7fd13c048000-7fd13c049000 r--s 00001000 fc:01 3876991                    /home/dcpowe4/.m2/repository/org/jvnet/localizer/localizer/1.23/localizer-1.23.jar
7fd13c049000-7fd13c04a000 r--s 00004000 fc:01 3879385                    /home/dcpowe4/.m2/repository/org/jenkins-ci/task-reactor/1.4/task-reactor-1.4.jar
7fd13c04a000-7fd13c04f000 r--s 00058000 fc:01 3879383                    /home/dcpowe4/.m2/repository/org/kohsuke/asm5/5.0.1/asm5-5.0.1.jar
7fd13c04f000-7fd13c051000 r--s 00005000 fc:01 3879381                    /home/dcpowe4/.m2/repository/org/jenkins-ci/bytecode-compatibility-transformer/1.5/bytecode-compatibility-transformer-1.5.jar
7fd13c051000-7fd13c052000 r--s 00003000 fc:01 3879375                    /home/dcpowe4/.m2/repository/org/jenkins-ci/annotation-indexer/1.7/annotation-indexer-1.7.jar
7fd13c052000-7fd13c055000 r--s 00013000 fc:01 3879371                    /home/dcpowe4/.m2/repository/args4j/args4j/2.0.31/args4j-2.0.31.jar
7fd13c055000-7fd13c05b000 r--s 00045000 fc:01 3879370                    /home/dcpowe4/.m2/repository/commons-httpclient/commons-httpclient/3.1/commons-httpclient-3.1.jar
7fd13c05b000-7fd13c05e000 r--s 00013000 fc:01 3879362                    /home/dcpowe4/.m2/repository/net/sf/ezmorph/ezmorph/1.0.6/ezmorph-1.0.6.jar
7fd13c05e000-7fd13c061000 r--s 00020000 fc:01 3879358                    /home/dcpowe4/.m2/repository/org/kohsuke/stapler/json-lib/2.4-jenkins-2/json-lib-2.4-jenkins-2.jar
7fd13c061000-7fd13c062000 r--s 00000000 fc:01 3879356                    /home/dcpowe4/.m2/repository/com/infradna/tool/bridge-method-annotation/1.13/bridge-method-annotation-1.13.jar
7fd13c062000-7fd13c065000 r--s 0002d000 fc:01 3879354                    /home/dcpowe4/.m2/repository/org/kohsuke/stapler/stapler-adjunct-timeline/1.4/stapler-adjunct-timeline-1.4-tests.jar
7fd13c065000-7fd13c06b000 r--s 0003e000 fc:01 3879352                    /home/dcpowe4/.m2/repository/org/kohsuke/stapler/stapler-adjunct-codemirror/1.3/stapler-adjunct-codemirror-1.3.jar
7fd13c06b000-7fd13c06f000 r--s 00025000 fc:01 3879342                    /home/dcpowe4/.m2/repository/org/kohsuke/stapler/stapler-adjunct-timeline/1.4/stapler-adjunct-timeline-1.4.jar
7fd13c06f000-7fd13c070000 r--s 00004000 fc:01 3879340                    /home/dcpowe4/.m2/repository/org/kohsuke/stapler/stapler-adjunct-zeroclipboard/1.3.5-1/stapler-adjunct-zeroclipboard-1.3.5-1.jar
7fd13c070000-7fd13c072000 r--s 00000000 fc:01 3879338                    /home/dcpowe4/.m2/repository/org/kohsuke/windows-package-checker/1.0/windows-package-checker-1.0.jar
7fd13c072000-7fd13c074000 r--s 00003000 fc:01 3628029                    /home/dcpowe4/.m2/repository/org/jvnet/tiger-types/1.3/tiger-types-1.3.jar
7fd13c074000-7fd13c077000 r--s 00010000 fc:01 3620548                    /home/dcpowe4/.m2/repository/commons-discovery/commons-discovery/0.4/commons-discovery-0.4.jar
7fd13c077000-7fd13c079000 r--s 00005000 fc:01 3879330                    /home/dcpowe4/.m2/repository/javax/annotation/javax.annotation-api/1.2/javax.annotation-api-1.2.jar
7fd13c079000-7fd13c080000 r--s 0004f000 fc:01 3879328                    /home/dcpowe4/.m2/repository/org/kohsuke/stapler/stapler/1.236/stapler-1.236.jar
7fd13c080000-7fd13c081000 r--s 00001000 fc:01 3879326                    /home/dcpowe4/.m2/repository/org/kohsuke/stapler/stapler-jrebel/1.236/stapler-jrebel-1.236.jar
7fd13c081000-7fd13c086000 r--s 0003a000 fc:01 3879319                    /home/dcpowe4/.m2/repository/org/jenkins-ci/dom4j/dom4j/1.6.1-jenkins-4/dom4j-1.6.1-jenkins-4.jar
7fd13c086000-7fd13c08a000 r--s 00026000 fc:01 3879316                    /home/dcpowe4/.m2/repository/org/jenkins-ci/commons-jelly/1.1-jenkins-20120928/commons-jelly-1.1-jenkins-20120928.jar
7fd13c08a000-7fd13c08d000 r--s 00013000 fc:01 3879231                    /home/dcpowe4/.m2/repository/org/kohsuke/stapler/stapler-jelly/1.236/stapler-jelly-1.236.jar
7fd13c08d000-7fd13c08f000 r--s 00007000 fc:01 3628027                    /home/dcpowe4/.m2/repository/org/kohsuke/stapler/stapler-groovy/1.236/stapler-groovy-1.236.jar
7fd13c08f000-7fd13c094000 r--s 0003c000 fc:01 3879311                    /home/dcpowe4/.m2/repository/org/jenkins-ci/trilead-ssh2/build217-jenkins-8/trilead-ssh2-build217-jenkins-8.jar
7fd13c094000-7fd13c095000 r--s 00001000 fc:01 3879303                    /home/dcpowe4/.m2/repository/org/kohsuke/trilead-putty-extension/1.2/trilead-putty-extension-1.2.jar
7fd13c095000-7fd13c09a000 r--s 00048000 fc:01 3879301                    /home/dcpowe4/.m2/repository/com/github/jnr/jnr-constants/0.8.5/jnr-constants-0.8.5.jar
7fd13c09a000-7fd13c09d000 r--s 00033000 fc:01 3879299                    /home/dcpowe4/.m2/repository/com/github/jnr/jnr-x86asm/1.0.2/jnr-x86asm-1.0.2.jar
7fd13c09d000-7fd13c09f000 r--s 00008000 fc:01 3879295                    /home/dcpowe4/.m2/repository/org/ow2/asm/asm-util/4.0/asm-util-4.0.jar
7fd13c09f000-7fd13c0a1000 r--s 00004000 fc:01 3879287                    /home/dcpowe4/.m2/repository/org/ow2/asm/asm-tree/4.0/asm-tree-4.0.jar
7fd13c0a1000-7fd13c0a2000 r--s 00004000 fc:01 3879286                    /home/dcpowe4/.m2/repository/org/ow2/asm/asm-analysis/4.0/asm-analysis-4.0.jar
7fd13c0a2000-7fd13c0a4000 r--s 00008000 fc:01 3879280                    /home/dcpowe4/.m2/repository/org/ow2/asm/asm-commons/4.0/asm-commons-4.0.jar
7fd13c0a4000-7fd13c0a6000 r--s 0000a000 fc:01 3879278                    /home/dcpowe4/.m2/repository/org/ow2/asm/asm/4.0/asm-4.0.jar
7fd13c0a6000-7fd13c0a8000 r--s 0005d000 fc:01 3879272                    /home/dcpowe4/.m2/repository/com/github/jnr/jffi/1.2.7/jffi-1.2.7-native.jar
7fd13c0a8000-7fd13c0ac000 r--s 00020000 fc:01 3879270                    /home/dcpowe4/.m2/repository/com/github/jnr/jffi/1.2.7/jffi-1.2.7.jar
7fd13c0ac000-7fd13c0bc000 r--s 0008e000 fc:01 3879268                    /home/dcpowe4/.m2/repository/com/github/jnr/jnr-ffi/1.0.7/jnr-ffi-1.0.7.jar
7fd13c0bc000-7fd13c0c0000 r--s 00023000 fc:01 3879261                    /home/dcpowe4/.m2/repository/com/github/jnr/jnr-posix/3.0.1/jnr-posix-3.0.1.jar
7fd13c0c0000-7fd13c0c3000 r--s 00014000 fc:01 3879258                    /home/dcpowe4/.m2/repository/org/jruby/ext/posix/jna-posix/1.0.3-jenkins-1/jna-posix-1.0.3-jenkins-1.jar
7fd13c0c3000-7fd13c0c5000 r--s 00000000 fc:01 3879256                    /home/dcpowe4/.m2/repository/aopalliance/aopalliance/1.0/aopalliance-1.0.jar
7fd13c0c5000-7fd13c0c6000 r--s 00000000 fc:01 3879255                    /home/dcpowe4/.m2/repository/javax/inject/javax.inject/1/javax.inject-1.jar
7fd13c0c6000-7fd13c0e6000 r--s 0014c000 fc:01 3879253                    /home/dcpowe4/.m2/repository/com/google/inject/guice/4.0-beta/guice-4.0-beta.jar
7fd13c0e6000-7fd13c0e7000 ---p 00000000 00:00 0 
7fd13c0e7000-7fd13c1e7000 rw-p 00000000 00:00 0 
7fd13c1e7000-7fd13c1ea000 ---p 00000000 00:00 0 
7fd13c1ea000-7fd13c2e8000 rw-p 00000000 00:00 0 
7fd13c2e8000-7fd13c2e9000 ---p 00000000 00:00 0 
7fd13c2e9000-7fd13c2ec000 ---p 00000000 00:00 0 
7fd13c2ec000-7fd13c3e9000 rw-p 00000000 00:00 0 
7fd13c3e9000-7fd13c3ea000 ---p 00000000 00:00 0 
7fd13c3ea000-7fd13c3ed000 ---p 00000000 00:00 0 
7fd13c3ed000-7fd13c4ea000 rw-p 00000000 00:00 0 
7fd13c4ea000-7fd13c4ed000 ---p 00000000 00:00 0 
7fd13c4ed000-7fd13c5eb000 rw-p 00000000 00:00 0 
7fd13c5eb000-7fd13c75e000 r--p 00000000 fc:01 7808                       /usr/lib/locale/C.UTF-8/LC_COLLATE
7fd13c75e000-7fd13c8f9000 r--p 00000000 fc:01 7803                       /usr/lib/locale/locale-archive
7fd13c8f9000-7fd13c8fc000 ---p 00000000 00:00 0 
7fd13c8fc000-7fd13c9fa000 rw-p 00000000 00:00 0 
7fd13c9fa000-7fd13c9fd000 ---p 00000000 00:00 0 
7fd13c9fd000-7fd13cafb000 rw-p 00000000 00:00 0 
7fd13cafb000-7fd13cafc000 ---p 00000000 00:00 0 
7fd13cafc000-7fd13d000000 rw-p 00000000 00:00 0 
7fd13d000000-7fd13dd40000 rwxp 00000000 00:00 0 
7fd13dd40000-7fd14c000000 ---p 00000000 00:00 0 
7fd14c000000-7fd14d049000 rw-p 00000000 00:00 0 
7fd14d049000-7fd150000000 ---p 00000000 00:00 0 
7fd150000000-7fd150001000 r--s 00000000 fc:01 3879241                    /home/dcpowe4/.m2/repository/org/jenkins-ci/core-annotation-processors/1.0/core-annotation-processors-1.0.jar
7fd150001000-7fd150004000 r--s 0001c000 fc:01 3879237                    /home/dcpowe4/.m2/repository/org/jvnet/hudson/jtidy/4aug2000r7-dev-hudson-1/jtidy-4aug2000r7-dev-hudson-1.jar
7fd150004000-7fd150006000 r--s 00000000 fc:01 3879233                    /home/dcpowe4/.m2/repository/org/jenkins-ci/crypto-util/1.1/crypto-util-1.1.jar
7fd150006000-7fd150007000 r--s 00002000 fc:01 3879229                    /home/dcpowe4/.m2/repository/org/jenkins-ci/version-number/1.1/version-number-1.1.jar
7fd150007000-7fd150009000 r--s 00008000 fc:01 3877471                    /home/dcpowe4/MP3/mp3/jenkins/cli/target/cli-1.610-SNAPSHOT.jar
7fd150009000-7fd15000a000 r--s 00003000 fc:01 3876981                    /home/dcpowe4/.m2/repository/org/jenkins-ci/constant-pool-scanner/1.2/constant-pool-scanner-1.2.jar
7fd15000a000-7fd150013000 r--s 0006c000 fc:01 3876979                    /home/dcpowe4/.m2/repository/org/jenkins-ci/main/remoting/2.50/remoting-2.50.jar
7fd150013000-7fd150015000 r--s 00003000 fc:01 3879226                    /home/dcpowe4/.m2/repository/org/jenkins-ci/plugins/icon-shim/icon-set/1.0.5/icon-set-1.0.5.jar
7fd150015000-7fd150019000 r--s 00021000 fc:01 3877368                    /home/dcpowe4/.m2/repository/org/apache/maven/surefire/surefire-api/2.16/surefire-api-2.16.jar
7fd150019000-7fd15001b000 r--s 00008000 fc:01 3877364                    /home/dcpowe4/.m2/repository/org/apache/maven/surefire/surefire-booter/2.16/surefire-booter-2.16.jar
7fd15001b000-7fd15001c000 r--s 00003000 fc:01 4140168                    /home/dcpowe4/MP3/mp3/jenkins/core/target/surefire/surefirebooter596075372415837478.jar
7fd15001c000-7fd15001f000 r--s 0000f000 fc:01 1829723                    /usr/lib/jvm/java-8-openjdk-amd64/jre/lib/ext/icedtea-sound.jar
7fd15001f000-7fd150023000 r--s 0003a000 fc:01 1829729                    /usr/lib/jvm/java-8-openjdk-amd64/jre/lib/ext/sunpkcs11.jar
7fd150023000-7fd15003e000 r--s 001d6000 fc:01 1829726                    /usr/lib/jvm/java-8-openjdk-amd64/jre/lib/ext/nashorn.jar
7fd15003e000-7fd150048000 r--s 00116000 fc:01 1829725                    /usr/lib/jvm/java-8-openjdk-amd64/jre/lib/ext/localedata.jar
7fd150048000-7fd15004d000 r--s 0003d000 fc:01 1829728                    /usr/lib/jvm/java-8-openjdk-amd64/jre/lib/ext/sunjce_provider.jar
7fd15004d000-7fd15004e000 r--s 0000a000 fc:01 1829724                    /usr/lib/jvm/java-8-openjdk-amd64/jre/lib/ext/jaccess.jar
7fd15004e000-7fd150050000 r--s 00007000 fc:01 76117                      /usr/share/java/java-atk-wrapper.jar
7fd150050000-7fd150052000 r--s 00001000 fc:01 1829239                    /usr/lib/jvm/java-8-openjdk-amd64/jre/lib/ext/dnsns.jar
7fd150052000-7fd15006d000 r--s 00394000 fc:01 1828949                    /usr/lib/jvm/java-8-openjdk-amd64/jre/lib/ext/cldrdata.jar
7fd15006d000-7fd15009e000 r--p 00000000 fc:01 7809                       /usr/lib/locale/C.UTF-8/LC_CTYPE
7fd15009e000-7fd1500a5000 r--s 00000000 fc:01 5022                       /usr/lib/x86_64-linux-gnu/gconv/gconv-modules.cache
7fd1500a5000-7fd1505f8000 rw-p 00000000 00:00 0 
7fd1505f8000-7fd1507c8000 r--s 03c5f000 fc:01 1831937                    /usr/lib/jvm/java-8-openjdk-amd64/jre/lib/rt.jar
7fd1507c8000-7fd1511b6000 rw-p 00000000 00:00 0 
7fd1511b6000-7fd1511b7000 ---p 00000000 00:00 0 
7fd1511b7000-7fd1512b7000 rw-p 00000000 00:00 0 
7fd1512b7000-7fd1512b8000 ---p 00000000 00:00 0 
7fd1512b8000-7fd1513ca000 rw-p 00000000 00:00 0 
7fd1513ca000-7fd151502000 ---p 00000000 00:00 0 
7fd151502000-7fd151514000 rw-p 00000000 00:00 0 
7fd151514000-7fd15164b000 ---p 00000000 00:00 0 
7fd15164b000-7fd1516d3000 rw-p 00000000 00:00 0 
7fd1516d3000-7fd1516f0000 ---p 00000000 00:00 0 
7fd1516f0000-7fd151726000 rw-p 00000000 00:00 0 
7fd151726000-7fd151ab1000 ---p 00000000 00:00 0 
7fd151ab1000-7fd151ab9000 r-xp 00000000 fc:01 1828937                    /usr/lib/jvm/java-8-openjdk-amd64/jre/lib/amd64/libzip.so
7fd151ab9000-7fd151cb8000 ---p 00008000 fc:01 1828937                    /usr/lib/jvm/java-8-openjdk-amd64/jre/lib/amd64/libzip.so
7fd151cb8000-7fd151cb9000 r--p 00007000 fc:01 1828937                    /usr/lib/jvm/java-8-openjdk-amd64/jre/lib/amd64/libzip.so
7fd151cb9000-7fd151cba000 rw-p 00008000 fc:01 1828937                    /usr/lib/jvm/java-8-openjdk-amd64/jre/lib/amd64/libzip.so
7fd151cba000-7fd151cc5000 r-xp 00000000 fc:01 2095                       /lib/x86_64-linux-gnu/libnss_files-2.27.so
7fd151cc5000-7fd151ec4000 ---p 0000b000 fc:01 2095                       /lib/x86_64-linux-gnu/libnss_files-2.27.so
7fd151ec4000-7fd151ec5000 r--p 0000a000 fc:01 2095                       /lib/x86_64-linux-gnu/libnss_files-2.27.so
7fd151ec5000-7fd151ec6000 rw-p 0000b000 fc:01 2095                       /lib/x86_64-linux-gnu/libnss_files-2.27.so
7fd151ec6000-7fd151ecc000 rw-p 00000000 00:00 0 
7fd151ecc000-7fd151ee3000 r-xp 00000000 fc:01 2092                       /lib/x86_64-linux-gnu/libnsl-2.27.so
7fd151ee3000-7fd1520e2000 ---p 00017000 fc:01 2092                       /lib/x86_64-linux-gnu/libnsl-2.27.so
7fd1520e2000-7fd1520e3000 r--p 00016000 fc:01 2092                       /lib/x86_64-linux-gnu/libnsl-2.27.so
7fd1520e3000-7fd1520e4000 rw-p 00017000 fc:01 2092                       /lib/x86_64-linux-gnu/libnsl-2.27.so
7fd1520e4000-7fd1520e6000 rw-p 00000000 00:00 0 
7fd1520e6000-7fd1520f1000 r-xp 00000000 fc:01 2097                       /lib/x86_64-linux-gnu/libnss_nis-2.27.so
7fd1520f1000-7fd1522f0000 ---p 0000b000 fc:01 2097                       /lib/x86_64-linux-gnu/libnss_nis-2.27.so
7fd1522f0000-7fd1522f1000 r--p 0000a000 fc:01 2097                       /lib/x86_64-linux-gnu/libnss_nis-2.27.so
7fd1522f1000-7fd1522f2000 rw-p 0000b000 fc:01 2097                       /lib/x86_64-linux-gnu/libnss_nis-2.27.so
7fd1522f2000-7fd1522fa000 r-xp 00000000 fc:01 2093                       /lib/x86_64-linux-gnu/libnss_compat-2.27.so
7fd1522fa000-7fd1524fa000 ---p 00008000 fc:01 2093                       /lib/x86_64-linux-gnu/libnss_compat-2.27.so
7fd1524fa000-7fd1524fb000 r--p 00008000 fc:01 2093                       /lib/x86_64-linux-gnu/libnss_compat-2.27.so
7fd1524fb000-7fd1524fc000 rw-p 00009000 fc:01 2093                       /lib/x86_64-linux-gnu/libnss_compat-2.27.so
7fd1524fc000-7fd152526000 r-xp 00000000 fc:01 1828915                    /usr/lib/jvm/java-8-openjdk-amd64/jre/lib/amd64/libjava.so
7fd152526000-7fd152725000 ---p 0002a000 fc:01 1828915                    /usr/lib/jvm/java-8-openjdk-amd64/jre/lib/amd64/libjava.so
7fd152725000-7fd152726000 r--p 00029000 fc:01 1828915                    /usr/lib/jvm/java-8-openjdk-amd64/jre/lib/amd64/libjava.so
7fd152726000-7fd152728000 rw-p 0002a000 fc:01 1828915                    /usr/lib/jvm/java-8-openjdk-amd64/jre/lib/amd64/libjava.so
7fd152728000-7fd152738000 r-xp 00000000 fc:01 1828936                    /usr/lib/jvm/java-8-openjdk-amd64/jre/lib/amd64/libverify.so
7fd152738000-7fd152937000 ---p 00010000 fc:01 1828936                    /usr/lib/jvm/java-8-openjdk-amd64/jre/lib/amd64/libverify.so
7fd152937000-7fd152939000 r--p 0000f000 fc:01 1828936                    /usr/lib/jvm/java-8-openjdk-amd64/jre/lib/amd64/libverify.so
7fd152939000-7fd15293a000 rw-p 00011000 fc:01 1828936                    /usr/lib/jvm/java-8-openjdk-amd64/jre/lib/amd64/libverify.so
7fd15293a000-7fd152941000 r-xp 00000000 fc:01 2183                       /lib/x86_64-linux-gnu/librt-2.27.so
7fd152941000-7fd152b40000 ---p 00007000 fc:01 2183                       /lib/x86_64-linux-gnu/librt-2.27.so
7fd152b40000-7fd152b41000 r--p 00006000 fc:01 2183                       /lib/x86_64-linux-gnu/librt-2.27.so
7fd152b41000-7fd152b42000 rw-p 00007000 fc:01 2183                       /lib/x86_64-linux-gnu/librt-2.27.so
7fd152b42000-7fd152b59000 r-xp 00000000 fc:01 105                        /lib/x86_64-linux-gnu/libgcc_s.so.1
7fd152b59000-7fd152d58000 ---p 00017000 fc:01 105                        /lib/x86_64-linux-gnu/libgcc_s.so.1
7fd152d58000-7fd152d59000 r--p 00016000 fc:01 105                        /lib/x86_64-linux-gnu/libgcc_s.so.1
7fd152d59000-7fd152d5a000 rw-p 00017000 fc:01 105                        /lib/x86_64-linux-gnu/libgcc_s.so.1
7fd152d5a000-7fd152ef7000 r-xp 00000000 fc:01 2089                       /lib/x86_64-linux-gnu/libm-2.27.so
7fd152ef7000-7fd1530f6000 ---p 0019d000 fc:01 2089                       /lib/x86_64-linux-gnu/libm-2.27.so
7fd1530f6000-7fd1530f7000 r--p 0019c000 fc:01 2089                       /lib/x86_64-linux-gnu/libm-2.27.so
7fd1530f7000-7fd1530f8000 rw-p 0019d000 fc:01 2089                       /lib/x86_64-linux-gnu/libm-2.27.so
7fd1530f8000-7fd153271000 r-xp 00000000 fc:01 315                        /usr/lib/x86_64-linux-gnu/libstdc++.so.6.0.25
7fd153271000-7fd153471000 ---p 00179000 fc:01 315                        /usr/lib/x86_64-linux-gnu/libstdc++.so.6.0.25
7fd153471000-7fd15347b000 r--p 00179000 fc:01 315                        /usr/lib/x86_64-linux-gnu/libstdc++.so.6.0.25
7fd15347b000-7fd15347d000 rw-p 00183000 fc:01 315                        /usr/lib/x86_64-linux-gnu/libstdc++.so.6.0.25
7fd15347d000-7fd153481000 rw-p 00000000 00:00 0 
7fd153481000-7fd154123000 r-xp 00000000 fc:01 1828939                    /usr/lib/jvm/java-8-openjdk-amd64/jre/lib/amd64/server/libjvm.so
7fd154123000-7fd154322000 ---p 00ca2000 fc:01 1828939                    /usr/lib/jvm/java-8-openjdk-amd64/jre/lib/amd64/server/libjvm.so
7fd154322000-7fd1543b6000 r--p 00ca1000 fc:01 1828939                    /usr/lib/jvm/java-8-openjdk-amd64/jre/lib/amd64/server/libjvm.so
7fd1543b6000-7fd1543df000 rw-p 00d35000 fc:01 1828939                    /usr/lib/jvm/java-8-openjdk-amd64/jre/lib/amd64/server/libjvm.so
7fd1543df000-7fd15440f000 rw-p 00000000 00:00 0 
7fd15440f000-7fd154429000 r-xp 00000000 fc:01 2181                       /lib/x86_64-linux-gnu/libpthread-2.27.so
7fd154429000-7fd154628000 ---p 0001a000 fc:01 2181                       /lib/x86_64-linux-gnu/libpthread-2.27.so
7fd154628000-7fd154629000 r--p 00019000 fc:01 2181                       /lib/x86_64-linux-gnu/libpthread-2.27.so
7fd154629000-7fd15462a000 rw-p 0001a000 fc:01 2181                       /lib/x86_64-linux-gnu/libpthread-2.27.so
7fd15462a000-7fd15462e000 rw-p 00000000 00:00 0 
7fd15462e000-7fd154631000 r-xp 00000000 fc:01 2088                       /lib/x86_64-linux-gnu/libdl-2.27.so
7fd154631000-7fd154830000 ---p 00003000 fc:01 2088                       /lib/x86_64-linux-gnu/libdl-2.27.so
7fd154830000-7fd154831000 r--p 00002000 fc:01 2088                       /lib/x86_64-linux-gnu/libdl-2.27.so
7fd154831000-7fd154832000 rw-p 00003000 fc:01 2088                       /lib/x86_64-linux-gnu/libdl-2.27.so
7fd154832000-7fd15484e000 r-xp 00000000 fc:01 2187                       /lib/x86_64-linux-gnu/libz.so.1.2.11
7fd15484e000-7fd154a4d000 ---p 0001c000 fc:01 2187                       /lib/x86_64-linux-gnu/libz.so.1.2.11
7fd154a4d000-7fd154a4e000 r--p 0001b000 fc:01 2187                       /lib/x86_64-linux-gnu/libz.so.1.2.11
7fd154a4e000-7fd154a4f000 rw-p 0001c000 fc:01 2187                       /lib/x86_64-linux-gnu/libz.so.1.2.11
7fd154a4f000-7fd154c36000 r-xp 00000000 fc:01 2085                       /lib/x86_64-linux-gnu/libc-2.27.so
7fd154c36000-7fd154e36000 ---p 001e7000 fc:01 2085                       /lib/x86_64-linux-gnu/libc-2.27.so
7fd154e36000-7fd154e3a000 r--p 001e7000 fc:01 2085                       /lib/x86_64-linux-gnu/libc-2.27.so
7fd154e3a000-7fd154e3c000 rw-p 001eb000 fc:01 2085                       /lib/x86_64-linux-gnu/libc-2.27.so
7fd154e3c000-7fd154e40000 rw-p 00000000 00:00 0 
7fd154e40000-7fd154e4e000 r-xp 00000000 fc:01 1828899                    /usr/lib/jvm/java-8-openjdk-amd64/jre/lib/amd64/jli/libjli.so
7fd154e4e000-7fd15504d000 ---p 0000e000 fc:01 1828899                    /usr/lib/jvm/java-8-openjdk-amd64/jre/lib/amd64/jli/libjli.so
7fd15504d000-7fd15504e000 r--p 0000d000 fc:01 1828899                    /usr/lib/jvm/java-8-openjdk-amd64/jre/lib/amd64/jli/libjli.so
7fd15504e000-7fd15504f000 rw-p 0000e000 fc:01 1828899                    /usr/lib/jvm/java-8-openjdk-amd64/jre/lib/amd64/jli/libjli.so
7fd15504f000-7fd155076000 r-xp 00000000 fc:01 2081                       /lib/x86_64-linux-gnu/ld-2.27.so
7fd155076000-7fd155077000 r--s 00010000 fc:01 1829730                    /usr/lib/jvm/java-8-openjdk-amd64/jre/lib/ext/zipfs.jar
7fd155077000-7fd155078000 r--s 0000d000 fc:01 1829727                    /usr/lib/jvm/java-8-openjdk-amd64/jre/lib/ext/sunec.jar
7fd155078000-7fd155079000 r--p 00000000 fc:01 7814                       /usr/lib/locale/C.UTF-8/LC_NUMERIC
7fd155079000-7fd15507a000 r--p 00000000 fc:01 7817                       /usr/lib/locale/C.UTF-8/LC_TIME
7fd15507a000-7fd15507b000 r--p 00000000 fc:01 7812                       /usr/lib/locale/C.UTF-8/LC_MONETARY
7fd15507b000-7fd15514c000 rw-p 00000000 00:00 0 
7fd15514c000-7fd15514d000 ---p 00000000 00:00 0 
7fd15514d000-7fd155150000 ---p 00000000 00:00 0 
7fd155150000-7fd15524f000 rw-p 00000000 00:00 0 
7fd15524f000-7fd155250000 r--p 00000000 fc:01 7806                       /usr/lib/locale/C.UTF-8/LC_MESSAGES/SYS_LC_MESSAGES
7fd155250000-7fd155251000 r--p 00000000 fc:01 7815                       /usr/lib/locale/C.UTF-8/LC_PAPER
7fd155251000-7fd155252000 r--p 00000000 fc:01 7813                       /usr/lib/locale/C.UTF-8/LC_NAME
7fd155252000-7fd155253000 r--p 00000000 fc:01 7807                       /usr/lib/locale/C.UTF-8/LC_ADDRESS
7fd155253000-7fd155254000 r--p 00000000 fc:01 7816                       /usr/lib/locale/C.UTF-8/LC_TELEPHONE
7fd155254000-7fd155255000 r--p 00000000 fc:01 7811                       /usr/lib/locale/C.UTF-8/LC_MEASUREMENT
7fd155255000-7fd155256000 r--p 00000000 fc:01 7810                       /usr/lib/locale/C.UTF-8/LC_IDENTIFICATION
7fd155256000-7fd15526a000 rw-p 00000000 00:00 0 
7fd15526a000-7fd155272000 rw-s 00000000 fc:01 3612942                    /tmp/hsperfdata_dcpowe4/10850
7fd155272000-7fd155273000 rw-p 00000000 00:00 0 
7fd155273000-7fd155274000 ---p 00000000 00:00 0 
7fd155274000-7fd155276000 rw-p 00000000 00:00 0 
7fd155276000-7fd155277000 r--p 00027000 fc:01 2081                       /lib/x86_64-linux-gnu/ld-2.27.so
7fd155277000-7fd155278000 rw-p 00028000 fc:01 2081                       /lib/x86_64-linux-gnu/ld-2.27.so
7fd155278000-7fd155279000 rw-p 00000000 00:00 0 
7fffc260d000-7fffc262e000 rw-p 00000000 00:00 0                          [stack]
7fffc2786000-7fffc2789000 r--p 00000000 00:00 0                          [vvar]
7fffc2789000-7fffc278b000 r-xp 00000000 00:00 0                          [vdso]
ffffffffff600000-ffffffffff601000 r-xp 00000000 00:00 0                  [vsyscall]

VM Arguments:
jvm_args: -XX:MaxPermSize=128m 
java_command: /home/dcpowe4/MP3/mp3/jenkins/core/target/surefire/surefirebooter596075372415837478.jar /home/dcpowe4/MP3/mp3/jenkins/core/target/surefire/surefire3409736651152429921tmp /home/dcpowe4/MP3/mp3/jenkins/core/target/surefire/surefire_04952134536205365141tmp
java_class_path (initial): /home/dcpowe4/MP3/mp3/jenkins/core/target/surefire/surefirebooter596075372415837478.jar
Launcher Type: SUN_STANDARD

Environment Variables:
JAVA_HOME=/usr/lib/jvm/java-8-openjdk-amd64
PATH=/usr/lib/jvm/java-8-openjdk-amd64/jre/bin:/usr/lib/jvm/java-11-openjdk-amd64/jre/bin:/usr/local/sbin:/usr/local/bin:/usr/sbin:/usr/bin:/sbin:/bin:/usr/games:/usr/local/games:/snap/bin
SHELL=/bin/bash

Signal Handlers:
SIGSEGV: [libjvm.so+0xabafd0], sa_mask[0]=11111111011111111101111111111110, sa_flags=SA_RESTART|SA_SIGINFO
SIGBUS: [libjvm.so+0xabafd0], sa_mask[0]=11111111011111111101111111111110, sa_flags=SA_RESTART|SA_SIGINFO
SIGFPE: [libjvm.so+0x8f05b0], sa_mask[0]=11111111011111111101111111111110, sa_flags=SA_RESTART|SA_SIGINFO
SIGPIPE: [libjvm.so+0x8f05b0], sa_mask[0]=11111111011111111101111111111110, sa_flags=SA_RESTART|SA_SIGINFO
SIGXFSZ: [libjvm.so+0x8f05b0], sa_mask[0]=11111111011111111101111111111110, sa_flags=SA_RESTART|SA_SIGINFO
SIGILL: [libjvm.so+0x8f05b0], sa_mask[0]=11111111011111111101111111111110, sa_flags=SA_RESTART|SA_SIGINFO
SIGUSR1: SIG_DFL, sa_mask[0]=00000000000000000000000000000000, sa_flags=none
SIGUSR2: [libjvm.so+0x8f0460], sa_mask[0]=00100000000000000000000000000000, sa_flags=SA_RESTART|SA_SIGINFO
SIGHUP: [libjvm.so+0x8f0ad0], sa_mask[0]=11111111011111111101111111111110, sa_flags=SA_RESTART|SA_SIGINFO
SIGINT: [libjvm.so+0x8f0ad0], sa_mask[0]=11111111011111111101111111111110, sa_flags=SA_RESTART|SA_SIGINFO
SIGTERM: [libjvm.so+0x8f0ad0], sa_mask[0]=11111111011111111101111111111110, sa_flags=SA_RESTART|SA_SIGINFO
SIGQUIT: [libjvm.so+0x8f0ad0], sa_mask[0]=11111111011111111101111111111110, sa_flags=SA_RESTART|SA_SIGINFO


---------------  S Y S T E M  ---------------

OS:DISTRIB_ID=Ubuntu
DISTRIB_RELEASE=18.04
DISTRIB_CODENAME=bionic
DISTRIB_DESCRIPTION="Ubuntu 18.04.3 LTS"

uname:Linux 4.15.0-74-generic #84-Ubuntu SMP Thu Dec 19 08:06:28 UTC 2019 x86_64
libc:glibc 2.27 NPTL 2.27 
rlimit: STACK 8192k, CORE 0k, NPROC 15517, NOFILE 1048576, AS infinity
load average:18.88 7.26 6.99

/proc/meminfo:
MemTotal:        4039168 kB
MemFree:           95716 kB
MemAvailable:       6708 kB
Buffers:             824 kB
Cached:           125416 kB
SwapCached:            0 kB
Active:          3606928 kB
Inactive:         119112 kB
Active(anon):    3600680 kB
Inactive(anon):   107600 kB
Active(file):       6248 kB
Inactive(file):    11512 kB
Unevictable:          80 kB
Mlocked:              80 kB
SwapTotal:             0 kB
SwapFree:              0 kB
Dirty:                96 kB
Writeback:             8 kB
AnonPages:       3599968 kB
Mapped:           116064 kB
Shmem:            108392 kB
Slab:             112844 kB
SReclaimable:      45412 kB
SUnreclaim:        67432 kB
KernelStack:       12736 kB
PageTables:        53620 kB
NFS_Unstable:          0 kB
Bounce:                0 kB
WritebackTmp:          0 kB
CommitLimit:     2019584 kB
Committed_AS:    8733452 kB
VmallocTotal:   34359738367 kB
VmallocUsed:           0 kB
VmallocChunk:          0 kB
HardwareCorrupted:     0 kB
AnonHugePages:         0 kB
ShmemHugePages:        0 kB
ShmemPmdMapped:        0 kB
CmaTotal:              0 kB
CmaFree:               0 kB
HugePages_Total:       0
HugePages_Free:        0
HugePages_Rsvd:        0
HugePages_Surp:        0
Hugepagesize:       2048 kB
DirectMap4k:      292712 kB
DirectMap2M:     3901440 kB
DirectMap1G:     2097152 kB

container (cgroup) information:
container_type: cgroupv1
cpu_cpuset_cpus: 0-1
cpu_memory_nodes: 0
active_processor_count: 2
cpu_quota: -1
cpu_period: 100000
cpu_shares: -1
memory_limit_in_bytes: -1
memory_and_swap_limit_in_bytes: -2
memory_soft_limit_in_bytes: -1
memory_usage_in_bytes: 3683840000
memory_max_usage_in_bytes: 3739697152


CPU:total 2 (initial active 2) (1 cores per cpu, 1 threads per core) family 6 model 85 stepping 4, cmov, cx8, fxsr, mmx, sse, sse2, sse3, ssse3, sse4.1, sse4.2, popcnt, avx, avx2, aes, clmul, erms, 3dnowpref, lzcnt, tsc, bmi1, bmi2, adx

/proc/cpuinfo:
processor	: 0
vendor_id	: GenuineIntel
cpu family	: 6
model		: 85
model name	: Intel Xeon Processor (Skylake, IBRS)
stepping	: 4
microcode	: 0x1
cpu MHz		: 2095.074
cache size	: 16384 KB
physical id	: 0
siblings	: 1
core id		: 0
cpu cores	: 1
apicid		: 0
initial apicid	: 0
fpu		: yes
fpu_exception	: yes
cpuid level	: 13
wp		: yes
flags		: fpu vme de pse tsc msr pae mce cx8 apic sep mtrr pge mca cmov pat pse36 clflush mmx fxsr sse sse2 ss syscall nx pdpe1gb rdtscp lm constant_tsc rep_good nopl xtopology cpuid tsc_known_freq pni pclmulqdq vmx ssse3 fma cx16 pcid sse4_1 sse4_2 x2apic movbe popcnt tsc_deadline_timer aes xsave avx f16c rdrand hypervisor lahf_lm abm 3dnowprefetch cpuid_fault invpcid_single pti ssbd ibrs ibpb tpr_shadow vnmi flexpriority ept vpid fsgsbase tsc_adjust bmi1 avx2 smep bmi2 erms invpcid mpx avx512f avx512dq rdseed adx smap clflushopt clwb avx512cd avx512bw avx512vl xsaveopt xsavec xgetbv1 xsaves arat pku ospke avx512_vnni md_clear
bugs		: cpu_meltdown spectre_v1 spectre_v2 spec_store_bypass l1tf mds swapgs itlb_multihit
bogomips	: 4190.14
clflush size	: 64
cache_alignment	: 64
address sizes	: 40 bits physical, 48 bits virtual
power management:

processor	: 1
vendor_id	: GenuineIntel
cpu family	: 6
model		: 85
model name	: Intel Xeon Processor (Skylake, IBRS)
stepping	: 4
microcode	: 0x1
cpu MHz		: 2095.074
cache size	: 16384 KB
physical id	: 1
siblings	: 1
core id		: 0
cpu cores	: 1
apicid		: 1
initial apicid	: 1
fpu		: yes
fpu_exception	: yes
cpuid level	: 13
wp		: yes
flags		: fpu vme de pse tsc msr pae mce cx8 apic sep mtrr pge mca cmov pat pse36 clflush mmx fxsr sse sse2 ss syscall nx pdpe1gb rdtscp lm constant_tsc rep_good nopl xtopology cpuid tsc_known_freq pni pclmulqdq vmx ssse3 fma cx16 pcid sse4_1 sse4_2 x2apic movbe popcnt tsc_deadline_timer aes xsave avx f16c rdrand hypervisor lahf_lm abm 3dnowprefetch cpuid_fault invpcid_single pti ssbd ibrs ibpb tpr_shadow vnmi flexpriority ept vpid fsgsbase tsc_adjust bmi1 avx2 smep bmi2 erms invpcid mpx avx512f avx512dq rdseed adx smap clflushopt clwb avx512cd avx512bw avx512vl xsaveopt xsavec xgetbv1 xsaves arat pku ospke avx512_vnni md_clear
bugs		: cpu_meltdown spectre_v1 spectre_v2 spec_store_bypass l1tf mds swapgs itlb_multihit
bogomips	: 4190.14
clflush size	: 64
cache_alignment	: 64
address sizes	: 40 bits physical, 48 bits virtual
power management:



Memory: 4k page, physical 4039168k(97688k free), swap 0k(0k free)

vm_info: OpenJDK 64-Bit Server VM (25.232-b09) for linux-amd64 JRE (1.8.0_232-8u232-b09-0ubuntu1~18.04.1-b09), built on Oct 16 2019 20:38:15 by "buildd" with gcc 7.4.0

time: Fri Apr  3 13:59:43 2020
timezone: EDT
elapsed time: 129 seconds (0d 0h 2m 9s)

